[11-Mar-2021 17:13:33 Asia/Shanghai] PHP Fatal error:  Uncaught Error: Class 'core\app\controller\Index' not found in F:\phpstudy_pro\WWW\demo\core\Frame.php:12
Stack trace:
#0 F:\phpstudy_pro\WWW\demo\index.php(5): core\Frame::run()
#1 {main}
  thrown in F:\phpstudy_pro\WWW\demo\core\Frame.php on line 12
[11-Mar-2021 17:13:56 Asia/Shanghai] PHP Parse error:  syntax error, unexpected '$controller' (T_VARIABLE), expecting identifier (T_STRING) in F:\phpstudy_pro\WWW\demo\core\Frame.php on line 12
[11-Mar-2021 17:17:22 Asia/Shanghai] PHP Fatal error:  Uncaught Error: Call to undefined function \app\controller\Index() in F:\phpstudy_pro\WWW\demo\core\Frame.php:13
Stack trace:
#0 F:\phpstudy_pro\WWW\demo\index.php(5): core\Frame::run()
#1 {main}
  thrown in F:\phpstudy_pro\WWW\demo\core\Frame.php on line 13
[11-Mar-2021 17:17:37 Asia/Shanghai] PHP Fatal error:  Uncaught Error: Class '\app\controller\Index()' not found in F:\phpstudy_pro\WWW\demo\core\Frame.php:14
Stack trace:
#0 F:\phpstudy_pro\WWW\demo\index.php(5): core\Frame::run()
#1 {main}
  thrown in F:\phpstudy_pro\WWW\demo\core\Frame.php on line 14
[11-Mar-2021 17:17:41 Asia/Shanghai] PHP Fatal error:  Uncaught Error: Class '\app\controller\Index()' not found in F:\phpstudy_pro\WWW\demo\core\Frame.php:14
Stack trace:
#0 F:\phpstudy_pro\WWW\demo\index.php(5): core\Frame::run()
#1 {main}
  thrown in F:\phpstudy_pro\WWW\demo\core\Frame.php on line 14
[11-Mar-2021 17:17:44 Asia/Shanghai] PHP Fatal error:  Uncaught Error: Class '\app\controller\Index()' not found in F:\phpstudy_pro\WWW\demo\core\Frame.php:14
Stack trace:
#0 F:\phpstudy_pro\WWW\demo\index.php(5): core\Frame::run()
#1 {main}
  thrown in F:\phpstudy_pro\WWW\demo\core\Frame.php on line 14
[11-Mar-2021 17:17:46 Asia/Shanghai] PHP Fatal error:  Uncaught Error: Class '\app\controller\Index()' not found in F:\phpstudy_pro\WWW\demo\core\Frame.php:14
Stack trace:
#0 F:\phpstudy_pro\WWW\demo\index.php(5): core\Frame::run()
#1 {main}
  thrown in F:\phpstudy_pro\WWW\demo\core\Frame.php on line 14
[11-Mar-2021 17:17:46 Asia/Shanghai] PHP Fatal error:  Uncaught Error: Class '\app\controller\Index()' not found in F:\phpstudy_pro\WWW\demo\core\Frame.php:14
Stack trace:
#0 F:\phpstudy_pro\WWW\demo\index.php(5): core\Frame::run()
#1 {main}
  thrown in F:\phpstudy_pro\WWW\demo\core\Frame.php on line 14
[12-Mar-2021 14:07:30 Asia/Shanghai] PHP Fatal error:  Uncaught ArgumentCountError: Too few arguments to function core\View::view(), 0 passed in F:\phpstudy_pro\WWW\demo\app\controller\Index.php on line 9 and exactly 2 expected in F:\phpstudy_pro\WWW\demo\core\View.php:15
Stack trace:
#0 F:\phpstudy_pro\WWW\demo\app\controller\Index.php(9): core\View->view()
#1 F:\phpstudy_pro\WWW\demo\core\Frame.php(13): app\controller\Index->index()
#2 F:\phpstudy_pro\WWW\demo\index.php(5): core\Frame::run()
#3 {main}
  thrown in F:\phpstudy_pro\WWW\demo\core\View.php on line 15
[12-Mar-2021 14:08:07 Asia/Shanghai] PHP Catchable fatal error:  Object of class core\View could not be converted to string in F:\phpstudy_pro\WWW\demo\app\controller\Index.php on line 10
[12-Mar-2021 14:08:07 Asia/Shanghai] PHP Stack trace:
[12-Mar-2021 14:08:07 Asia/Shanghai] PHP   1. {main}() F:\phpstudy_pro\WWW\demo\index.php:0
[12-Mar-2021 14:08:07 Asia/Shanghai] PHP   2. core\Frame::run() F:\phpstudy_pro\WWW\demo\index.php:5
[12-Mar-2021 14:08:07 Asia/Shanghai] PHP   3. app\controller\Index->index() F:\phpstudy_pro\WWW\demo\core\Frame.php:13
[12-Mar-2021 14:08:36 Asia/Shanghai] PHP Catchable fatal error:  Object of class core\View could not be converted to string in F:\phpstudy_pro\WWW\demo\app\controller\Index.php on line 11
[12-Mar-2021 14:08:36 Asia/Shanghai] PHP Stack trace:
[12-Mar-2021 14:08:36 Asia/Shanghai] PHP   1. {main}() F:\phpstudy_pro\WWW\demo\index.php:0
[12-Mar-2021 14:08:36 Asia/Shanghai] PHP   2. core\Frame::run() F:\phpstudy_pro\WWW\demo\index.php:5
[12-Mar-2021 14:08:36 Asia/Shanghai] PHP   3. app\controller\Index->index() F:\phpstudy_pro\WWW\demo\core\Frame.php:13
[12-Mar-2021 14:50:12 Asia/Shanghai] PHP Warning:  include(): Filename cannot be empty in F:\phpstudy_pro\WWW\demo\core\View.php on line 17
[12-Mar-2021 14:50:12 Asia/Shanghai] PHP Stack trace:
[12-Mar-2021 14:50:12 Asia/Shanghai] PHP   1. {main}() F:\phpstudy_pro\WWW\demo\index.php:0
[12-Mar-2021 14:50:12 Asia/Shanghai] PHP   2. core\Frame::run() F:\phpstudy_pro\WWW\demo\index.php:5
[12-Mar-2021 14:50:12 Asia/Shanghai] PHP   3. app\controller\Index->index() F:\phpstudy_pro\WWW\demo\core\Frame.php:13
[12-Mar-2021 14:50:12 Asia/Shanghai] PHP   4. core\View->view() F:\phpstudy_pro\WWW\demo\app\controller\Index.php:9
[12-Mar-2021 14:50:12 Asia/Shanghai] PHP Warning:  include(): Failed opening '' for inclusion (include_path='.;C:\php\pear') in F:\phpstudy_pro\WWW\demo\core\View.php on line 17
[12-Mar-2021 14:50:12 Asia/Shanghai] PHP Stack trace:
[12-Mar-2021 14:50:12 Asia/Shanghai] PHP   1. {main}() F:\phpstudy_pro\WWW\demo\index.php:0
[12-Mar-2021 14:50:12 Asia/Shanghai] PHP   2. core\Frame::run() F:\phpstudy_pro\WWW\demo\index.php:5
[12-Mar-2021 14:50:12 Asia/Shanghai] PHP   3. app\controller\Index->index() F:\phpstudy_pro\WWW\demo\core\Frame.php:13
[12-Mar-2021 14:50:12 Asia/Shanghai] PHP   4. core\View->view() F:\phpstudy_pro\WWW\demo\app\controller\Index.php:9
[12-Mar-2021 14:50:28 Asia/Shanghai] PHP Warning:  include(): Filename cannot be empty in F:\phpstudy_pro\WWW\demo\core\View.php on line 18
[12-Mar-2021 14:50:28 Asia/Shanghai] PHP Stack trace:
[12-Mar-2021 14:50:28 Asia/Shanghai] PHP   1. {main}() F:\phpstudy_pro\WWW\demo\index.php:0
[12-Mar-2021 14:50:28 Asia/Shanghai] PHP   2. core\Frame::run() F:\phpstudy_pro\WWW\demo\index.php:5
[12-Mar-2021 14:50:28 Asia/Shanghai] PHP   3. app\controller\Index->index() F:\phpstudy_pro\WWW\demo\core\Frame.php:13
[12-Mar-2021 14:50:28 Asia/Shanghai] PHP   4. core\View->view() F:\phpstudy_pro\WWW\demo\app\controller\Index.php:9
[12-Mar-2021 14:50:28 Asia/Shanghai] PHP Warning:  include(): Failed opening '' for inclusion (include_path='.;C:\php\pear') in F:\phpstudy_pro\WWW\demo\core\View.php on line 18
[12-Mar-2021 14:50:28 Asia/Shanghai] PHP Stack trace:
[12-Mar-2021 14:50:28 Asia/Shanghai] PHP   1. {main}() F:\phpstudy_pro\WWW\demo\index.php:0
[12-Mar-2021 14:50:28 Asia/Shanghai] PHP   2. core\Frame::run() F:\phpstudy_pro\WWW\demo\index.php:5
[12-Mar-2021 14:50:28 Asia/Shanghai] PHP   3. app\controller\Index->index() F:\phpstudy_pro\WWW\demo\core\Frame.php:13
[12-Mar-2021 14:50:28 Asia/Shanghai] PHP   4. core\View->view() F:\phpstudy_pro\WWW\demo\app\controller\Index.php:9
[12-Mar-2021 14:50:29 Asia/Shanghai] PHP Warning:  include(): Filename cannot be empty in F:\phpstudy_pro\WWW\demo\core\View.php on line 18
[12-Mar-2021 14:50:29 Asia/Shanghai] PHP Stack trace:
[12-Mar-2021 14:50:29 Asia/Shanghai] PHP   1. {main}() F:\phpstudy_pro\WWW\demo\index.php:0
[12-Mar-2021 14:50:29 Asia/Shanghai] PHP   2. core\Frame::run() F:\phpstudy_pro\WWW\demo\index.php:5
[12-Mar-2021 14:50:29 Asia/Shanghai] PHP   3. app\controller\Index->index() F:\phpstudy_pro\WWW\demo\core\Frame.php:13
[12-Mar-2021 14:50:29 Asia/Shanghai] PHP   4. core\View->view() F:\phpstudy_pro\WWW\demo\app\controller\Index.php:9
[12-Mar-2021 14:50:29 Asia/Shanghai] PHP Warning:  include(): Failed opening '' for inclusion (include_path='.;C:\php\pear') in F:\phpstudy_pro\WWW\demo\core\View.php on line 18
[12-Mar-2021 14:50:29 Asia/Shanghai] PHP Stack trace:
[12-Mar-2021 14:50:29 Asia/Shanghai] PHP   1. {main}() F:\phpstudy_pro\WWW\demo\index.php:0
[12-Mar-2021 14:50:29 Asia/Shanghai] PHP   2. core\Frame::run() F:\phpstudy_pro\WWW\demo\index.php:5
[12-Mar-2021 14:50:29 Asia/Shanghai] PHP   3. app\controller\Index->index() F:\phpstudy_pro\WWW\demo\core\Frame.php:13
[12-Mar-2021 14:50:29 Asia/Shanghai] PHP   4. core\View->view() F:\phpstudy_pro\WWW\demo\app\controller\Index.php:9
[12-Mar-2021 14:50:39 Asia/Shanghai] PHP Warning:  include(): Filename cannot be empty in F:\phpstudy_pro\WWW\demo\core\View.php on line 19
[12-Mar-2021 14:50:39 Asia/Shanghai] PHP Stack trace:
[12-Mar-2021 14:50:39 Asia/Shanghai] PHP   1. {main}() F:\phpstudy_pro\WWW\demo\index.php:0
[12-Mar-2021 14:50:39 Asia/Shanghai] PHP   2. core\Frame::run() F:\phpstudy_pro\WWW\demo\index.php:5
[12-Mar-2021 14:50:39 Asia/Shanghai] PHP   3. app\controller\Index->index() F:\phpstudy_pro\WWW\demo\core\Frame.php:13
[12-Mar-2021 14:50:39 Asia/Shanghai] PHP   4. core\View->view() F:\phpstudy_pro\WWW\demo\app\controller\Index.php:9
[12-Mar-2021 14:50:39 Asia/Shanghai] PHP Warning:  include(): Failed opening '' for inclusion (include_path='.;C:\php\pear') in F:\phpstudy_pro\WWW\demo\core\View.php on line 19
[12-Mar-2021 14:50:39 Asia/Shanghai] PHP Stack trace:
[12-Mar-2021 14:50:39 Asia/Shanghai] PHP   1. {main}() F:\phpstudy_pro\WWW\demo\index.php:0
[12-Mar-2021 14:50:39 Asia/Shanghai] PHP   2. core\Frame::run() F:\phpstudy_pro\WWW\demo\index.php:5
[12-Mar-2021 14:50:39 Asia/Shanghai] PHP   3. app\controller\Index->index() F:\phpstudy_pro\WWW\demo\core\Frame.php:13
[12-Mar-2021 14:50:39 Asia/Shanghai] PHP   4. core\View->view() F:\phpstudy_pro\WWW\demo\app\controller\Index.php:9
[12-Mar-2021 14:51:13 Asia/Shanghai] PHP Warning:  include(): Filename cannot be empty in F:\phpstudy_pro\WWW\demo\core\View.php on line 19
[12-Mar-2021 14:51:13 Asia/Shanghai] PHP Stack trace:
[12-Mar-2021 14:51:13 Asia/Shanghai] PHP   1. {main}() F:\phpstudy_pro\WWW\demo\index.php:0
[12-Mar-2021 14:51:13 Asia/Shanghai] PHP   2. core\Frame::run() F:\phpstudy_pro\WWW\demo\index.php:5
[12-Mar-2021 14:51:13 Asia/Shanghai] PHP   3. app\controller\Index->index() F:\phpstudy_pro\WWW\demo\core\Frame.php:13
[12-Mar-2021 14:51:13 Asia/Shanghai] PHP   4. core\View->view() F:\phpstudy_pro\WWW\demo\app\controller\Index.php:9
[12-Mar-2021 14:51:13 Asia/Shanghai] PHP Warning:  include(): Failed opening '' for inclusion (include_path='.;C:\php\pear') in F:\phpstudy_pro\WWW\demo\core\View.php on line 19
[12-Mar-2021 14:51:13 Asia/Shanghai] PHP Stack trace:
[12-Mar-2021 14:51:13 Asia/Shanghai] PHP   1. {main}() F:\phpstudy_pro\WWW\demo\index.php:0
[12-Mar-2021 14:51:13 Asia/Shanghai] PHP   2. core\Frame::run() F:\phpstudy_pro\WWW\demo\index.php:5
[12-Mar-2021 14:51:13 Asia/Shanghai] PHP   3. app\controller\Index->index() F:\phpstudy_pro\WWW\demo\core\Frame.php:13
[12-Mar-2021 14:51:13 Asia/Shanghai] PHP   4. core\View->view() F:\phpstudy_pro\WWW\demo\app\controller\Index.php:9
[12-Mar-2021 14:51:14 Asia/Shanghai] PHP Warning:  include(): Filename cannot be empty in F:\phpstudy_pro\WWW\demo\core\View.php on line 19
[12-Mar-2021 14:51:14 Asia/Shanghai] PHP Stack trace:
[12-Mar-2021 14:51:14 Asia/Shanghai] PHP   1. {main}() F:\phpstudy_pro\WWW\demo\index.php:0
[12-Mar-2021 14:51:14 Asia/Shanghai] PHP   2. core\Frame::run() F:\phpstudy_pro\WWW\demo\index.php:5
[12-Mar-2021 14:51:14 Asia/Shanghai] PHP   3. app\controller\Index->index() F:\phpstudy_pro\WWW\demo\core\Frame.php:13
[12-Mar-2021 14:51:14 Asia/Shanghai] PHP   4. core\View->view() F:\phpstudy_pro\WWW\demo\app\controller\Index.php:9
[12-Mar-2021 14:51:14 Asia/Shanghai] PHP Warning:  include(): Failed opening '' for inclusion (include_path='.;C:\php\pear') in F:\phpstudy_pro\WWW\demo\core\View.php on line 19
[12-Mar-2021 14:51:14 Asia/Shanghai] PHP Stack trace:
[12-Mar-2021 14:51:14 Asia/Shanghai] PHP   1. {main}() F:\phpstudy_pro\WWW\demo\index.php:0
[12-Mar-2021 14:51:14 Asia/Shanghai] PHP   2. core\Frame::run() F:\phpstudy_pro\WWW\demo\index.php:5
[12-Mar-2021 14:51:14 Asia/Shanghai] PHP   3. app\controller\Index->index() F:\phpstudy_pro\WWW\demo\core\Frame.php:13
[12-Mar-2021 14:51:14 Asia/Shanghai] PHP   4. core\View->view() F:\phpstudy_pro\WWW\demo\app\controller\Index.php:9
[12-Mar-2021 14:51:14 Asia/Shanghai] PHP Warning:  include(): Filename cannot be empty in F:\phpstudy_pro\WWW\demo\core\View.php on line 19
[12-Mar-2021 14:51:14 Asia/Shanghai] PHP Stack trace:
[12-Mar-2021 14:51:14 Asia/Shanghai] PHP   1. {main}() F:\phpstudy_pro\WWW\demo\index.php:0
[12-Mar-2021 14:51:14 Asia/Shanghai] PHP   2. core\Frame::run() F:\phpstudy_pro\WWW\demo\index.php:5
[12-Mar-2021 14:51:14 Asia/Shanghai] PHP   3. app\controller\Index->index() F:\phpstudy_pro\WWW\demo\core\Frame.php:13
[12-Mar-2021 14:51:14 Asia/Shanghai] PHP   4. core\View->view() F:\phpstudy_pro\WWW\demo\app\controller\Index.php:9
[12-Mar-2021 14:51:14 Asia/Shanghai] PHP Warning:  include(): Failed opening '' for inclusion (include_path='.;C:\php\pear') in F:\phpstudy_pro\WWW\demo\core\View.php on line 19
[12-Mar-2021 14:51:14 Asia/Shanghai] PHP Stack trace:
[12-Mar-2021 14:51:14 Asia/Shanghai] PHP   1. {main}() F:\phpstudy_pro\WWW\demo\index.php:0
[12-Mar-2021 14:51:14 Asia/Shanghai] PHP   2. core\Frame::run() F:\phpstudy_pro\WWW\demo\index.php:5
[12-Mar-2021 14:51:14 Asia/Shanghai] PHP   3. app\controller\Index->index() F:\phpstudy_pro\WWW\demo\core\Frame.php:13
[12-Mar-2021 14:51:14 Asia/Shanghai] PHP   4. core\View->view() F:\phpstudy_pro\WWW\demo\app\controller\Index.php:9
[12-Mar-2021 14:51:14 Asia/Shanghai] PHP Warning:  include(): Filename cannot be empty in F:\phpstudy_pro\WWW\demo\core\View.php on line 19
[12-Mar-2021 14:51:14 Asia/Shanghai] PHP Stack trace:
[12-Mar-2021 14:51:14 Asia/Shanghai] PHP   1. {main}() F:\phpstudy_pro\WWW\demo\index.php:0
[12-Mar-2021 14:51:14 Asia/Shanghai] PHP   2. core\Frame::run() F:\phpstudy_pro\WWW\demo\index.php:5
[12-Mar-2021 14:51:14 Asia/Shanghai] PHP   3. app\controller\Index->index() F:\phpstudy_pro\WWW\demo\core\Frame.php:13
[12-Mar-2021 14:51:14 Asia/Shanghai] PHP   4. core\View->view() F:\phpstudy_pro\WWW\demo\app\controller\Index.php:9
[12-Mar-2021 14:51:14 Asia/Shanghai] PHP Warning:  include(): Failed opening '' for inclusion (include_path='.;C:\php\pear') in F:\phpstudy_pro\WWW\demo\core\View.php on line 19
[12-Mar-2021 14:51:14 Asia/Shanghai] PHP Stack trace:
[12-Mar-2021 14:51:14 Asia/Shanghai] PHP   1. {main}() F:\phpstudy_pro\WWW\demo\index.php:0
[12-Mar-2021 14:51:14 Asia/Shanghai] PHP   2. core\Frame::run() F:\phpstudy_pro\WWW\demo\index.php:5
[12-Mar-2021 14:51:14 Asia/Shanghai] PHP   3. app\controller\Index->index() F:\phpstudy_pro\WWW\demo\core\Frame.php:13
[12-Mar-2021 14:51:14 Asia/Shanghai] PHP   4. core\View->view() F:\phpstudy_pro\WWW\demo\app\controller\Index.php:9
[12-Mar-2021 14:51:14 Asia/Shanghai] PHP Warning:  include(): Filename cannot be empty in F:\phpstudy_pro\WWW\demo\core\View.php on line 19
[12-Mar-2021 14:51:14 Asia/Shanghai] PHP Stack trace:
[12-Mar-2021 14:51:14 Asia/Shanghai] PHP   1. {main}() F:\phpstudy_pro\WWW\demo\index.php:0
[12-Mar-2021 14:51:14 Asia/Shanghai] PHP   2. core\Frame::run() F:\phpstudy_pro\WWW\demo\index.php:5
[12-Mar-2021 14:51:14 Asia/Shanghai] PHP   3. app\controller\Index->index() F:\phpstudy_pro\WWW\demo\core\Frame.php:13
[12-Mar-2021 14:51:14 Asia/Shanghai] PHP   4. core\View->view() F:\phpstudy_pro\WWW\demo\app\controller\Index.php:9
[12-Mar-2021 14:51:14 Asia/Shanghai] PHP Warning:  include(): Failed opening '' for inclusion (include_path='.;C:\php\pear') in F:\phpstudy_pro\WWW\demo\core\View.php on line 19
[12-Mar-2021 14:51:14 Asia/Shanghai] PHP Stack trace:
[12-Mar-2021 14:51:14 Asia/Shanghai] PHP   1. {main}() F:\phpstudy_pro\WWW\demo\index.php:0
[12-Mar-2021 14:51:14 Asia/Shanghai] PHP   2. core\Frame::run() F:\phpstudy_pro\WWW\demo\index.php:5
[12-Mar-2021 14:51:14 Asia/Shanghai] PHP   3. app\controller\Index->index() F:\phpstudy_pro\WWW\demo\core\Frame.php:13
[12-Mar-2021 14:51:14 Asia/Shanghai] PHP   4. core\View->view() F:\phpstudy_pro\WWW\demo\app\controller\Index.php:9
[12-Mar-2021 14:51:14 Asia/Shanghai] PHP Warning:  include(): Filename cannot be empty in F:\phpstudy_pro\WWW\demo\core\View.php on line 19
[12-Mar-2021 14:51:14 Asia/Shanghai] PHP Stack trace:
[12-Mar-2021 14:51:14 Asia/Shanghai] PHP   1. {main}() F:\phpstudy_pro\WWW\demo\index.php:0
[12-Mar-2021 14:51:14 Asia/Shanghai] PHP   2. core\Frame::run() F:\phpstudy_pro\WWW\demo\index.php:5
[12-Mar-2021 14:51:14 Asia/Shanghai] PHP   3. app\controller\Index->index() F:\phpstudy_pro\WWW\demo\core\Frame.php:13
[12-Mar-2021 14:51:14 Asia/Shanghai] PHP   4. core\View->view() F:\phpstudy_pro\WWW\demo\app\controller\Index.php:9
[12-Mar-2021 14:51:14 Asia/Shanghai] PHP Warning:  include(): Failed opening '' for inclusion (include_path='.;C:\php\pear') in F:\phpstudy_pro\WWW\demo\core\View.php on line 19
[12-Mar-2021 14:51:14 Asia/Shanghai] PHP Stack trace:
[12-Mar-2021 14:51:14 Asia/Shanghai] PHP   1. {main}() F:\phpstudy_pro\WWW\demo\index.php:0
[12-Mar-2021 14:51:14 Asia/Shanghai] PHP   2. core\Frame::run() F:\phpstudy_pro\WWW\demo\index.php:5
[12-Mar-2021 14:51:14 Asia/Shanghai] PHP   3. app\controller\Index->index() F:\phpstudy_pro\WWW\demo\core\Frame.php:13
[12-Mar-2021 14:51:14 Asia/Shanghai] PHP   4. core\View->view() F:\phpstudy_pro\WWW\demo\app\controller\Index.php:9
[12-Mar-2021 14:51:14 Asia/Shanghai] PHP Warning:  include(): Filename cannot be empty in F:\phpstudy_pro\WWW\demo\core\View.php on line 19
[12-Mar-2021 14:51:14 Asia/Shanghai] PHP Stack trace:
[12-Mar-2021 14:51:14 Asia/Shanghai] PHP   1. {main}() F:\phpstudy_pro\WWW\demo\index.php:0
[12-Mar-2021 14:51:14 Asia/Shanghai] PHP   2. core\Frame::run() F:\phpstudy_pro\WWW\demo\index.php:5
[12-Mar-2021 14:51:15 Asia/Shanghai] PHP   3. app\controller\Index->index() F:\phpstudy_pro\WWW\demo\core\Frame.php:13
[12-Mar-2021 14:51:15 Asia/Shanghai] PHP   4. core\View->view() F:\phpstudy_pro\WWW\demo\app\controller\Index.php:9
[12-Mar-2021 14:51:15 Asia/Shanghai] PHP Warning:  include(): Failed opening '' for inclusion (include_path='.;C:\php\pear') in F:\phpstudy_pro\WWW\demo\core\View.php on line 19
[12-Mar-2021 14:51:15 Asia/Shanghai] PHP Stack trace:
[12-Mar-2021 14:51:15 Asia/Shanghai] PHP   1. {main}() F:\phpstudy_pro\WWW\demo\index.php:0
[12-Mar-2021 14:51:15 Asia/Shanghai] PHP   2. core\Frame::run() F:\phpstudy_pro\WWW\demo\index.php:5
[12-Mar-2021 14:51:15 Asia/Shanghai] PHP   3. app\controller\Index->index() F:\phpstudy_pro\WWW\demo\core\Frame.php:13
[12-Mar-2021 14:51:15 Asia/Shanghai] PHP   4. core\View->view() F:\phpstudy_pro\WWW\demo\app\controller\Index.php:9
[18-Mar-2021 15:11:36 Asia/Shanghai] PHP Fatal error:  Uncaught Error: Method name must be a string in F:\phpstudy_pro\WWW\demo\core\Frame.php:13
Stack trace:
#0 F:\phpstudy_pro\WWW\demo\index.php(5): core\Frame::run()
#1 {main}
  thrown in F:\phpstudy_pro\WWW\demo\core\Frame.php on line 13
[18-Mar-2021 15:11:40 Asia/Shanghai] PHP Fatal error:  Uncaught Error: Method name must be a string in F:\phpstudy_pro\WWW\demo\core\Frame.php:13
Stack trace:
#0 F:\phpstudy_pro\WWW\demo\index.php(5): core\Frame::run()
#1 {main}
  thrown in F:\phpstudy_pro\WWW\demo\core\Frame.php on line 13
[18-Mar-2021 15:11:41 Asia/Shanghai] PHP Fatal error:  Uncaught Error: Method name must be a string in F:\phpstudy_pro\WWW\demo\core\Frame.php:13
Stack trace:
#0 F:\phpstudy_pro\WWW\demo\index.php(5): core\Frame::run()
#1 {main}
  thrown in F:\phpstudy_pro\WWW\demo\core\Frame.php on line 13
[18-Mar-2021 15:11:41 Asia/Shanghai] PHP Fatal error:  Uncaught Error: Method name must be a string in F:\phpstudy_pro\WWW\demo\core\Frame.php:13
Stack trace:
#0 F:\phpstudy_pro\WWW\demo\index.php(5): core\Frame::run()
#1 {main}
  thrown in F:\phpstudy_pro\WWW\demo\core\Frame.php on line 13
[18-Mar-2021 15:11:41 Asia/Shanghai] PHP Fatal error:  Uncaught Error: Method name must be a string in F:\phpstudy_pro\WWW\demo\core\Frame.php:13
Stack trace:
#0 F:\phpstudy_pro\WWW\demo\index.php(5): core\Frame::run()
#1 {main}
  thrown in F:\phpstudy_pro\WWW\demo\core\Frame.php on line 13
[18-Mar-2021 15:11:42 Asia/Shanghai] PHP Fatal error:  Uncaught Error: Method name must be a string in F:\phpstudy_pro\WWW\demo\core\Frame.php:13
Stack trace:
#0 F:\phpstudy_pro\WWW\demo\index.php(5): core\Frame::run()
#1 {main}
  thrown in F:\phpstudy_pro\WWW\demo\core\Frame.php on line 13
[18-Mar-2021 15:11:42 Asia/Shanghai] PHP Fatal error:  Uncaught Error: Method name must be a string in F:\phpstudy_pro\WWW\demo\core\Frame.php:13
Stack trace:
#0 F:\phpstudy_pro\WWW\demo\index.php(5): core\Frame::run()
#1 {main}
  thrown in F:\phpstudy_pro\WWW\demo\core\Frame.php on line 13
[18-Mar-2021 15:11:42 Asia/Shanghai] PHP Fatal error:  Uncaught Error: Method name must be a string in F:\phpstudy_pro\WWW\demo\core\Frame.php:13
Stack trace:
#0 F:\phpstudy_pro\WWW\demo\index.php(5): core\Frame::run()
#1 {main}
  thrown in F:\phpstudy_pro\WWW\demo\core\Frame.php on line 13
[18-Mar-2021 15:11:43 Asia/Shanghai] PHP Fatal error:  Uncaught Error: Method name must be a string in F:\phpstudy_pro\WWW\demo\core\Frame.php:13
Stack trace:
#0 F:\phpstudy_pro\WWW\demo\index.php(5): core\Frame::run()
#1 {main}
  thrown in F:\phpstudy_pro\WWW\demo\core\Frame.php on line 13
[18-Mar-2021 15:11:43 Asia/Shanghai] PHP Fatal error:  Uncaught Error: Method name must be a string in F:\phpstudy_pro\WWW\demo\core\Frame.php:13
Stack trace:
#0 F:\phpstudy_pro\WWW\demo\index.php(5): core\Frame::run()
#1 {main}
  thrown in F:\phpstudy_pro\WWW\demo\core\Frame.php on line 13
[18-Mar-2021 15:11:57 Asia/Shanghai] PHP Fatal error:  Uncaught Error: Method name must be a string in F:\phpstudy_pro\WWW\demo\core\Frame.php:13
Stack trace:
#0 F:\phpstudy_pro\WWW\demo\index.php(5): core\Frame::run()
#1 {main}
  thrown in F:\phpstudy_pro\WWW\demo\core\Frame.php on line 13
[18-Mar-2021 15:12:22 Asia/Shanghai] PHP Fatal error:  Uncaught Error: Method name must be a string in F:\phpstudy_pro\WWW\demo\core\Frame.php:13
Stack trace:
#0 F:\phpstudy_pro\WWW\demo\index.php(5): core\Frame::run()
#1 {main}
  thrown in F:\phpstudy_pro\WWW\demo\core\Frame.php on line 13
[18-Mar-2021 16:36:50 Asia/Shanghai] PHP Warning:  include_once(../GB2260.php): failed to open stream: No such file or directory in F:\phpstudy_pro\WWW\demo\app\controller\Faker.php on line 16
[18-Mar-2021 16:36:50 Asia/Shanghai] PHP Stack trace:
[18-Mar-2021 16:36:50 Asia/Shanghai] PHP   1. {main}() F:\phpstudy_pro\WWW\demo\index.php:0
[18-Mar-2021 16:36:50 Asia/Shanghai] PHP   2. core\Frame::run() F:\phpstudy_pro\WWW\demo\index.php:5
[18-Mar-2021 16:36:50 Asia/Shanghai] PHP   3. app\controller\Faker->__construct() F:\phpstudy_pro\WWW\demo\core\Frame.php:15
[18-Mar-2021 16:36:50 Asia/Shanghai] PHP Warning:  include_once(): Failed opening '../GB2260.php' for inclusion (include_path='.;C:\php\pear') in F:\phpstudy_pro\WWW\demo\app\controller\Faker.php on line 16
[18-Mar-2021 16:36:50 Asia/Shanghai] PHP Stack trace:
[18-Mar-2021 16:36:50 Asia/Shanghai] PHP   1. {main}() F:\phpstudy_pro\WWW\demo\index.php:0
[18-Mar-2021 16:36:50 Asia/Shanghai] PHP   2. core\Frame::run() F:\phpstudy_pro\WWW\demo\index.php:5
[18-Mar-2021 16:36:50 Asia/Shanghai] PHP   3. app\controller\Faker->__construct() F:\phpstudy_pro\WWW\demo\core\Frame.php:15
[18-Mar-2021 16:36:50 Asia/Shanghai] PHP Warning:  array_keys() expects parameter 1 to be array, bool given in F:\phpstudy_pro\WWW\demo\app\controller\Faker.php on line 17
[18-Mar-2021 16:36:50 Asia/Shanghai] PHP Stack trace:
[18-Mar-2021 16:36:50 Asia/Shanghai] PHP   1. {main}() F:\phpstudy_pro\WWW\demo\index.php:0
[18-Mar-2021 16:36:50 Asia/Shanghai] PHP   2. core\Frame::run() F:\phpstudy_pro\WWW\demo\index.php:5
[18-Mar-2021 16:36:50 Asia/Shanghai] PHP   3. app\controller\Faker->__construct() F:\phpstudy_pro\WWW\demo\core\Frame.php:15
[18-Mar-2021 16:36:50 Asia/Shanghai] PHP   4. array_keys(FALSE) F:\phpstudy_pro\WWW\demo\app\controller\Faker.php:17
[18-Mar-2021 16:36:51 Asia/Shanghai] PHP Warning:  include_once(../GB2260.php): failed to open stream: No such file or directory in F:\phpstudy_pro\WWW\demo\app\controller\Faker.php on line 16
[18-Mar-2021 16:36:51 Asia/Shanghai] PHP Stack trace:
[18-Mar-2021 16:36:51 Asia/Shanghai] PHP   1. {main}() F:\phpstudy_pro\WWW\demo\index.php:0
[18-Mar-2021 16:36:51 Asia/Shanghai] PHP   2. core\Frame::run() F:\phpstudy_pro\WWW\demo\index.php:5
[18-Mar-2021 16:36:51 Asia/Shanghai] PHP   3. app\controller\Faker->__construct() F:\phpstudy_pro\WWW\demo\core\Frame.php:15
[18-Mar-2021 16:36:51 Asia/Shanghai] PHP Warning:  include_once(): Failed opening '../GB2260.php' for inclusion (include_path='.;C:\php\pear') in F:\phpstudy_pro\WWW\demo\app\controller\Faker.php on line 16
[18-Mar-2021 16:36:51 Asia/Shanghai] PHP Stack trace:
[18-Mar-2021 16:36:51 Asia/Shanghai] PHP   1. {main}() F:\phpstudy_pro\WWW\demo\index.php:0
[18-Mar-2021 16:36:51 Asia/Shanghai] PHP   2. core\Frame::run() F:\phpstudy_pro\WWW\demo\index.php:5
[18-Mar-2021 16:36:51 Asia/Shanghai] PHP   3. app\controller\Faker->__construct() F:\phpstudy_pro\WWW\demo\core\Frame.php:15
[18-Mar-2021 16:36:51 Asia/Shanghai] PHP Warning:  array_keys() expects parameter 1 to be array, bool given in F:\phpstudy_pro\WWW\demo\app\controller\Faker.php on line 17
[18-Mar-2021 16:36:51 Asia/Shanghai] PHP Stack trace:
[18-Mar-2021 16:36:51 Asia/Shanghai] PHP   1. {main}() F:\phpstudy_pro\WWW\demo\index.php:0
[18-Mar-2021 16:36:51 Asia/Shanghai] PHP   2. core\Frame::run() F:\phpstudy_pro\WWW\demo\index.php:5
[18-Mar-2021 16:36:51 Asia/Shanghai] PHP   3. app\controller\Faker->__construct() F:\phpstudy_pro\WWW\demo\core\Frame.php:15
[18-Mar-2021 16:36:51 Asia/Shanghai] PHP   4. array_keys(FALSE) F:\phpstudy_pro\WWW\demo\app\controller\Faker.php:17
[18-Mar-2021 16:36:52 Asia/Shanghai] PHP Warning:  include_once(../GB2260.php): failed to open stream: No such file or directory in F:\phpstudy_pro\WWW\demo\app\controller\Faker.php on line 16
[18-Mar-2021 16:36:52 Asia/Shanghai] PHP Stack trace:
[18-Mar-2021 16:36:52 Asia/Shanghai] PHP   1. {main}() F:\phpstudy_pro\WWW\demo\index.php:0
[18-Mar-2021 16:36:52 Asia/Shanghai] PHP   2. core\Frame::run() F:\phpstudy_pro\WWW\demo\index.php:5
[18-Mar-2021 16:36:52 Asia/Shanghai] PHP   3. app\controller\Faker->__construct() F:\phpstudy_pro\WWW\demo\core\Frame.php:15
[18-Mar-2021 16:36:52 Asia/Shanghai] PHP Warning:  include_once(): Failed opening '../GB2260.php' for inclusion (include_path='.;C:\php\pear') in F:\phpstudy_pro\WWW\demo\app\controller\Faker.php on line 16
[18-Mar-2021 16:36:52 Asia/Shanghai] PHP Stack trace:
[18-Mar-2021 16:36:52 Asia/Shanghai] PHP   1. {main}() F:\phpstudy_pro\WWW\demo\index.php:0
[18-Mar-2021 16:36:52 Asia/Shanghai] PHP   2. core\Frame::run() F:\phpstudy_pro\WWW\demo\index.php:5
[18-Mar-2021 16:36:52 Asia/Shanghai] PHP   3. app\controller\Faker->__construct() F:\phpstudy_pro\WWW\demo\core\Frame.php:15
[18-Mar-2021 16:36:52 Asia/Shanghai] PHP Warning:  array_keys() expects parameter 1 to be array, bool given in F:\phpstudy_pro\WWW\demo\app\controller\Faker.php on line 17
[18-Mar-2021 16:36:52 Asia/Shanghai] PHP Stack trace:
[18-Mar-2021 16:36:52 Asia/Shanghai] PHP   1. {main}() F:\phpstudy_pro\WWW\demo\index.php:0
[18-Mar-2021 16:36:52 Asia/Shanghai] PHP   2. core\Frame::run() F:\phpstudy_pro\WWW\demo\index.php:5
[18-Mar-2021 16:36:52 Asia/Shanghai] PHP   3. app\controller\Faker->__construct() F:\phpstudy_pro\WWW\demo\core\Frame.php:15
[18-Mar-2021 16:36:52 Asia/Shanghai] PHP   4. array_keys(FALSE) F:\phpstudy_pro\WWW\demo\app\controller\Faker.php:17
[18-Mar-2021 16:36:52 Asia/Shanghai] PHP Warning:  include_once(../GB2260.php): failed to open stream: No such file or directory in F:\phpstudy_pro\WWW\demo\app\controller\Faker.php on line 16
[18-Mar-2021 16:36:52 Asia/Shanghai] PHP Stack trace:
[18-Mar-2021 16:36:52 Asia/Shanghai] PHP   1. {main}() F:\phpstudy_pro\WWW\demo\index.php:0
[18-Mar-2021 16:36:52 Asia/Shanghai] PHP   2. core\Frame::run() F:\phpstudy_pro\WWW\demo\index.php:5
[18-Mar-2021 16:36:52 Asia/Shanghai] PHP   3. app\controller\Faker->__construct() F:\phpstudy_pro\WWW\demo\core\Frame.php:15
[18-Mar-2021 16:36:52 Asia/Shanghai] PHP Warning:  include_once(): Failed opening '../GB2260.php' for inclusion (include_path='.;C:\php\pear') in F:\phpstudy_pro\WWW\demo\app\controller\Faker.php on line 16
[18-Mar-2021 16:36:52 Asia/Shanghai] PHP Stack trace:
[18-Mar-2021 16:36:52 Asia/Shanghai] PHP   1. {main}() F:\phpstudy_pro\WWW\demo\index.php:0
[18-Mar-2021 16:36:52 Asia/Shanghai] PHP   2. core\Frame::run() F:\phpstudy_pro\WWW\demo\index.php:5
[18-Mar-2021 16:36:52 Asia/Shanghai] PHP   3. app\controller\Faker->__construct() F:\phpstudy_pro\WWW\demo\core\Frame.php:15
[18-Mar-2021 16:36:52 Asia/Shanghai] PHP Warning:  array_keys() expects parameter 1 to be array, bool given in F:\phpstudy_pro\WWW\demo\app\controller\Faker.php on line 17
[18-Mar-2021 16:36:52 Asia/Shanghai] PHP Stack trace:
[18-Mar-2021 16:36:52 Asia/Shanghai] PHP   1. {main}() F:\phpstudy_pro\WWW\demo\index.php:0
[18-Mar-2021 16:36:52 Asia/Shanghai] PHP   2. core\Frame::run() F:\phpstudy_pro\WWW\demo\index.php:5
[18-Mar-2021 16:36:52 Asia/Shanghai] PHP   3. app\controller\Faker->__construct() F:\phpstudy_pro\WWW\demo\core\Frame.php:15
[18-Mar-2021 16:36:52 Asia/Shanghai] PHP   4. array_keys(FALSE) F:\phpstudy_pro\WWW\demo\app\controller\Faker.php:17
[18-Mar-2021 16:37:01 Asia/Shanghai] PHP Warning:  include(../GB2260.php): failed to open stream: No such file or directory in F:\phpstudy_pro\WWW\demo\app\controller\Faker.php on line 16
[18-Mar-2021 16:37:01 Asia/Shanghai] PHP Stack trace:
[18-Mar-2021 16:37:01 Asia/Shanghai] PHP   1. {main}() F:\phpstudy_pro\WWW\demo\index.php:0
[18-Mar-2021 16:37:01 Asia/Shanghai] PHP   2. core\Frame::run() F:\phpstudy_pro\WWW\demo\index.php:5
[18-Mar-2021 16:37:01 Asia/Shanghai] PHP   3. app\controller\Faker->__construct() F:\phpstudy_pro\WWW\demo\core\Frame.php:15
[18-Mar-2021 16:37:01 Asia/Shanghai] PHP Warning:  include(): Failed opening '../GB2260.php' for inclusion (include_path='.;C:\php\pear') in F:\phpstudy_pro\WWW\demo\app\controller\Faker.php on line 16
[18-Mar-2021 16:37:01 Asia/Shanghai] PHP Stack trace:
[18-Mar-2021 16:37:01 Asia/Shanghai] PHP   1. {main}() F:\phpstudy_pro\WWW\demo\index.php:0
[18-Mar-2021 16:37:01 Asia/Shanghai] PHP   2. core\Frame::run() F:\phpstudy_pro\WWW\demo\index.php:5
[18-Mar-2021 16:37:01 Asia/Shanghai] PHP   3. app\controller\Faker->__construct() F:\phpstudy_pro\WWW\demo\core\Frame.php:15
[18-Mar-2021 16:37:01 Asia/Shanghai] PHP Warning:  array_keys() expects parameter 1 to be array, bool given in F:\phpstudy_pro\WWW\demo\app\controller\Faker.php on line 17
[18-Mar-2021 16:37:01 Asia/Shanghai] PHP Stack trace:
[18-Mar-2021 16:37:01 Asia/Shanghai] PHP   1. {main}() F:\phpstudy_pro\WWW\demo\index.php:0
[18-Mar-2021 16:37:01 Asia/Shanghai] PHP   2. core\Frame::run() F:\phpstudy_pro\WWW\demo\index.php:5
[18-Mar-2021 16:37:01 Asia/Shanghai] PHP   3. app\controller\Faker->__construct() F:\phpstudy_pro\WWW\demo\core\Frame.php:15
[18-Mar-2021 16:37:01 Asia/Shanghai] PHP   4. array_keys(FALSE) F:\phpstudy_pro\WWW\demo\app\controller\Faker.php:17
[18-Mar-2021 16:37:03 Asia/Shanghai] PHP Warning:  include(../GB2260.php): failed to open stream: No such file or directory in F:\phpstudy_pro\WWW\demo\app\controller\Faker.php on line 16
[18-Mar-2021 16:37:03 Asia/Shanghai] PHP Stack trace:
[18-Mar-2021 16:37:03 Asia/Shanghai] PHP   1. {main}() F:\phpstudy_pro\WWW\demo\index.php:0
[18-Mar-2021 16:37:03 Asia/Shanghai] PHP   2. core\Frame::run() F:\phpstudy_pro\WWW\demo\index.php:5
[18-Mar-2021 16:37:03 Asia/Shanghai] PHP   3. app\controller\Faker->__construct() F:\phpstudy_pro\WWW\demo\core\Frame.php:15
[18-Mar-2021 16:37:03 Asia/Shanghai] PHP Warning:  include(): Failed opening '../GB2260.php' for inclusion (include_path='.;C:\php\pear') in F:\phpstudy_pro\WWW\demo\app\controller\Faker.php on line 16
[18-Mar-2021 16:37:03 Asia/Shanghai] PHP Stack trace:
[18-Mar-2021 16:37:03 Asia/Shanghai] PHP   1. {main}() F:\phpstudy_pro\WWW\demo\index.php:0
[18-Mar-2021 16:37:03 Asia/Shanghai] PHP   2. core\Frame::run() F:\phpstudy_pro\WWW\demo\index.php:5
[18-Mar-2021 16:37:03 Asia/Shanghai] PHP   3. app\controller\Faker->__construct() F:\phpstudy_pro\WWW\demo\core\Frame.php:15
[18-Mar-2021 16:37:03 Asia/Shanghai] PHP Warning:  array_keys() expects parameter 1 to be array, bool given in F:\phpstudy_pro\WWW\demo\app\controller\Faker.php on line 17
[18-Mar-2021 16:37:03 Asia/Shanghai] PHP Stack trace:
[18-Mar-2021 16:37:03 Asia/Shanghai] PHP   1. {main}() F:\phpstudy_pro\WWW\demo\index.php:0
[18-Mar-2021 16:37:03 Asia/Shanghai] PHP   2. core\Frame::run() F:\phpstudy_pro\WWW\demo\index.php:5
[18-Mar-2021 16:37:03 Asia/Shanghai] PHP   3. app\controller\Faker->__construct() F:\phpstudy_pro\WWW\demo\core\Frame.php:15
[18-Mar-2021 16:37:03 Asia/Shanghai] PHP   4. array_keys(FALSE) F:\phpstudy_pro\WWW\demo\app\controller\Faker.php:17
[18-Mar-2021 16:37:18 Asia/Shanghai] PHP Warning:  include(../../GB2260.php): failed to open stream: No such file or directory in F:\phpstudy_pro\WWW\demo\app\controller\Faker.php on line 16
[18-Mar-2021 16:37:18 Asia/Shanghai] PHP Stack trace:
[18-Mar-2021 16:37:18 Asia/Shanghai] PHP   1. {main}() F:\phpstudy_pro\WWW\demo\index.php:0
[18-Mar-2021 16:37:18 Asia/Shanghai] PHP   2. core\Frame::run() F:\phpstudy_pro\WWW\demo\index.php:5
[18-Mar-2021 16:37:18 Asia/Shanghai] PHP   3. app\controller\Faker->__construct() F:\phpstudy_pro\WWW\demo\core\Frame.php:15
[18-Mar-2021 16:37:18 Asia/Shanghai] PHP Warning:  include(): Failed opening '../../GB2260.php' for inclusion (include_path='.;C:\php\pear') in F:\phpstudy_pro\WWW\demo\app\controller\Faker.php on line 16
[18-Mar-2021 16:37:18 Asia/Shanghai] PHP Stack trace:
[18-Mar-2021 16:37:18 Asia/Shanghai] PHP   1. {main}() F:\phpstudy_pro\WWW\demo\index.php:0
[18-Mar-2021 16:37:18 Asia/Shanghai] PHP   2. core\Frame::run() F:\phpstudy_pro\WWW\demo\index.php:5
[18-Mar-2021 16:37:18 Asia/Shanghai] PHP   3. app\controller\Faker->__construct() F:\phpstudy_pro\WWW\demo\core\Frame.php:15
[18-Mar-2021 16:37:18 Asia/Shanghai] PHP Warning:  array_keys() expects parameter 1 to be array, bool given in F:\phpstudy_pro\WWW\demo\app\controller\Faker.php on line 17
[18-Mar-2021 16:37:18 Asia/Shanghai] PHP Stack trace:
[18-Mar-2021 16:37:18 Asia/Shanghai] PHP   1. {main}() F:\phpstudy_pro\WWW\demo\index.php:0
[18-Mar-2021 16:37:18 Asia/Shanghai] PHP   2. core\Frame::run() F:\phpstudy_pro\WWW\demo\index.php:5
[18-Mar-2021 16:37:18 Asia/Shanghai] PHP   3. app\controller\Faker->__construct() F:\phpstudy_pro\WWW\demo\core\Frame.php:15
[18-Mar-2021 16:37:18 Asia/Shanghai] PHP   4. array_keys(FALSE) F:\phpstudy_pro\WWW\demo\app\controller\Faker.php:17
[18-Mar-2021 16:37:18 Asia/Shanghai] PHP Warning:  include(../../GB2260.php): failed to open stream: No such file or directory in F:\phpstudy_pro\WWW\demo\app\controller\Faker.php on line 16
[18-Mar-2021 16:37:18 Asia/Shanghai] PHP Stack trace:
[18-Mar-2021 16:37:18 Asia/Shanghai] PHP   1. {main}() F:\phpstudy_pro\WWW\demo\index.php:0
[18-Mar-2021 16:37:18 Asia/Shanghai] PHP   2. core\Frame::run() F:\phpstudy_pro\WWW\demo\index.php:5
[18-Mar-2021 16:37:18 Asia/Shanghai] PHP   3. app\controller\Faker->__construct() F:\phpstudy_pro\WWW\demo\core\Frame.php:15
[18-Mar-2021 16:37:18 Asia/Shanghai] PHP Warning:  include(): Failed opening '../../GB2260.php' for inclusion (include_path='.;C:\php\pear') in F:\phpstudy_pro\WWW\demo\app\controller\Faker.php on line 16
[18-Mar-2021 16:37:18 Asia/Shanghai] PHP Stack trace:
[18-Mar-2021 16:37:18 Asia/Shanghai] PHP   1. {main}() F:\phpstudy_pro\WWW\demo\index.php:0
[18-Mar-2021 16:37:18 Asia/Shanghai] PHP   2. core\Frame::run() F:\phpstudy_pro\WWW\demo\index.php:5
[18-Mar-2021 16:37:18 Asia/Shanghai] PHP   3. app\controller\Faker->__construct() F:\phpstudy_pro\WWW\demo\core\Frame.php:15
[18-Mar-2021 16:37:18 Asia/Shanghai] PHP Warning:  array_keys() expects parameter 1 to be array, bool given in F:\phpstudy_pro\WWW\demo\app\controller\Faker.php on line 17
[18-Mar-2021 16:37:18 Asia/Shanghai] PHP Stack trace:
[18-Mar-2021 16:37:18 Asia/Shanghai] PHP   1. {main}() F:\phpstudy_pro\WWW\demo\index.php:0
[18-Mar-2021 16:37:18 Asia/Shanghai] PHP   2. core\Frame::run() F:\phpstudy_pro\WWW\demo\index.php:5
[18-Mar-2021 16:37:18 Asia/Shanghai] PHP   3. app\controller\Faker->__construct() F:\phpstudy_pro\WWW\demo\core\Frame.php:15
[18-Mar-2021 16:37:18 Asia/Shanghai] PHP   4. array_keys(FALSE) F:\phpstudy_pro\WWW\demo\app\controller\Faker.php:17
[18-Mar-2021 16:37:19 Asia/Shanghai] PHP Warning:  include(../../GB2260.php): failed to open stream: No such file or directory in F:\phpstudy_pro\WWW\demo\app\controller\Faker.php on line 16
[18-Mar-2021 16:37:19 Asia/Shanghai] PHP Stack trace:
[18-Mar-2021 16:37:19 Asia/Shanghai] PHP   1. {main}() F:\phpstudy_pro\WWW\demo\index.php:0
[18-Mar-2021 16:37:19 Asia/Shanghai] PHP   2. core\Frame::run() F:\phpstudy_pro\WWW\demo\index.php:5
[18-Mar-2021 16:37:19 Asia/Shanghai] PHP   3. app\controller\Faker->__construct() F:\phpstudy_pro\WWW\demo\core\Frame.php:15
[18-Mar-2021 16:37:19 Asia/Shanghai] PHP Warning:  include(): Failed opening '../../GB2260.php' for inclusion (include_path='.;C:\php\pear') in F:\phpstudy_pro\WWW\demo\app\controller\Faker.php on line 16
[18-Mar-2021 16:37:19 Asia/Shanghai] PHP Stack trace:
[18-Mar-2021 16:37:19 Asia/Shanghai] PHP   1. {main}() F:\phpstudy_pro\WWW\demo\index.php:0
[18-Mar-2021 16:37:19 Asia/Shanghai] PHP   2. core\Frame::run() F:\phpstudy_pro\WWW\demo\index.php:5
[18-Mar-2021 16:37:19 Asia/Shanghai] PHP   3. app\controller\Faker->__construct() F:\phpstudy_pro\WWW\demo\core\Frame.php:15
[18-Mar-2021 16:37:19 Asia/Shanghai] PHP Warning:  array_keys() expects parameter 1 to be array, bool given in F:\phpstudy_pro\WWW\demo\app\controller\Faker.php on line 17
[18-Mar-2021 16:37:19 Asia/Shanghai] PHP Stack trace:
[18-Mar-2021 16:37:19 Asia/Shanghai] PHP   1. {main}() F:\phpstudy_pro\WWW\demo\index.php:0
[18-Mar-2021 16:37:19 Asia/Shanghai] PHP   2. core\Frame::run() F:\phpstudy_pro\WWW\demo\index.php:5
[18-Mar-2021 16:37:19 Asia/Shanghai] PHP   3. app\controller\Faker->__construct() F:\phpstudy_pro\WWW\demo\core\Frame.php:15
[18-Mar-2021 16:37:19 Asia/Shanghai] PHP   4. array_keys(FALSE) F:\phpstudy_pro\WWW\demo\app\controller\Faker.php:17
[18-Mar-2021 16:37:19 Asia/Shanghai] PHP Warning:  include(../../GB2260.php): failed to open stream: No such file or directory in F:\phpstudy_pro\WWW\demo\app\controller\Faker.php on line 16
[18-Mar-2021 16:37:19 Asia/Shanghai] PHP Stack trace:
[18-Mar-2021 16:37:19 Asia/Shanghai] PHP   1. {main}() F:\phpstudy_pro\WWW\demo\index.php:0
[18-Mar-2021 16:37:19 Asia/Shanghai] PHP   2. core\Frame::run() F:\phpstudy_pro\WWW\demo\index.php:5
[18-Mar-2021 16:37:19 Asia/Shanghai] PHP   3. app\controller\Faker->__construct() F:\phpstudy_pro\WWW\demo\core\Frame.php:15
[18-Mar-2021 16:37:19 Asia/Shanghai] PHP Warning:  include(): Failed opening '../../GB2260.php' for inclusion (include_path='.;C:\php\pear') in F:\phpstudy_pro\WWW\demo\app\controller\Faker.php on line 16
[18-Mar-2021 16:37:19 Asia/Shanghai] PHP Stack trace:
[18-Mar-2021 16:37:19 Asia/Shanghai] PHP   1. {main}() F:\phpstudy_pro\WWW\demo\index.php:0
[18-Mar-2021 16:37:19 Asia/Shanghai] PHP   2. core\Frame::run() F:\phpstudy_pro\WWW\demo\index.php:5
[18-Mar-2021 16:37:19 Asia/Shanghai] PHP   3. app\controller\Faker->__construct() F:\phpstudy_pro\WWW\demo\core\Frame.php:15
[18-Mar-2021 16:37:19 Asia/Shanghai] PHP Warning:  array_keys() expects parameter 1 to be array, bool given in F:\phpstudy_pro\WWW\demo\app\controller\Faker.php on line 17
[18-Mar-2021 16:37:19 Asia/Shanghai] PHP Stack trace:
[18-Mar-2021 16:37:19 Asia/Shanghai] PHP   1. {main}() F:\phpstudy_pro\WWW\demo\index.php:0
[18-Mar-2021 16:37:19 Asia/Shanghai] PHP   2. core\Frame::run() F:\phpstudy_pro\WWW\demo\index.php:5
[18-Mar-2021 16:37:19 Asia/Shanghai] PHP   3. app\controller\Faker->__construct() F:\phpstudy_pro\WWW\demo\core\Frame.php:15
[18-Mar-2021 16:37:19 Asia/Shanghai] PHP   4. array_keys(FALSE) F:\phpstudy_pro\WWW\demo\app\controller\Faker.php:17
[18-Mar-2021 16:37:19 Asia/Shanghai] PHP Warning:  include(../../GB2260.php): failed to open stream: No such file or directory in F:\phpstudy_pro\WWW\demo\app\controller\Faker.php on line 16
[18-Mar-2021 16:37:19 Asia/Shanghai] PHP Stack trace:
[18-Mar-2021 16:37:19 Asia/Shanghai] PHP   1. {main}() F:\phpstudy_pro\WWW\demo\index.php:0
[18-Mar-2021 16:37:19 Asia/Shanghai] PHP   2. core\Frame::run() F:\phpstudy_pro\WWW\demo\index.php:5
[18-Mar-2021 16:37:19 Asia/Shanghai] PHP   3. app\controller\Faker->__construct() F:\phpstudy_pro\WWW\demo\core\Frame.php:15
[18-Mar-2021 16:37:19 Asia/Shanghai] PHP Warning:  include(): Failed opening '../../GB2260.php' for inclusion (include_path='.;C:\php\pear') in F:\phpstudy_pro\WWW\demo\app\controller\Faker.php on line 16
[18-Mar-2021 16:37:19 Asia/Shanghai] PHP Stack trace:
[18-Mar-2021 16:37:19 Asia/Shanghai] PHP   1. {main}() F:\phpstudy_pro\WWW\demo\index.php:0
[18-Mar-2021 16:37:19 Asia/Shanghai] PHP   2. core\Frame::run() F:\phpstudy_pro\WWW\demo\index.php:5
[18-Mar-2021 16:37:19 Asia/Shanghai] PHP   3. app\controller\Faker->__construct() F:\phpstudy_pro\WWW\demo\core\Frame.php:15
[18-Mar-2021 16:37:19 Asia/Shanghai] PHP Warning:  array_keys() expects parameter 1 to be array, bool given in F:\phpstudy_pro\WWW\demo\app\controller\Faker.php on line 17
[18-Mar-2021 16:37:19 Asia/Shanghai] PHP Stack trace:
[18-Mar-2021 16:37:19 Asia/Shanghai] PHP   1. {main}() F:\phpstudy_pro\WWW\demo\index.php:0
[18-Mar-2021 16:37:19 Asia/Shanghai] PHP   2. core\Frame::run() F:\phpstudy_pro\WWW\demo\index.php:5
[18-Mar-2021 16:37:19 Asia/Shanghai] PHP   3. app\controller\Faker->__construct() F:\phpstudy_pro\WWW\demo\core\Frame.php:15
[18-Mar-2021 16:37:19 Asia/Shanghai] PHP   4. array_keys(FALSE) F:\phpstudy_pro\WWW\demo\app\controller\Faker.php:17
[18-Mar-2021 16:37:19 Asia/Shanghai] PHP Warning:  include(../../GB2260.php): failed to open stream: No such file or directory in F:\phpstudy_pro\WWW\demo\app\controller\Faker.php on line 16
[18-Mar-2021 16:37:19 Asia/Shanghai] PHP Stack trace:
[18-Mar-2021 16:37:19 Asia/Shanghai] PHP   1. {main}() F:\phpstudy_pro\WWW\demo\index.php:0
[18-Mar-2021 16:37:19 Asia/Shanghai] PHP   2. core\Frame::run() F:\phpstudy_pro\WWW\demo\index.php:5
[18-Mar-2021 16:37:19 Asia/Shanghai] PHP   3. app\controller\Faker->__construct() F:\phpstudy_pro\WWW\demo\core\Frame.php:15
[18-Mar-2021 16:37:19 Asia/Shanghai] PHP Warning:  include(): Failed opening '../../GB2260.php' for inclusion (include_path='.;C:\php\pear') in F:\phpstudy_pro\WWW\demo\app\controller\Faker.php on line 16
[18-Mar-2021 16:37:19 Asia/Shanghai] PHP Stack trace:
[18-Mar-2021 16:37:19 Asia/Shanghai] PHP   1. {main}() F:\phpstudy_pro\WWW\demo\index.php:0
[18-Mar-2021 16:37:19 Asia/Shanghai] PHP   2. core\Frame::run() F:\phpstudy_pro\WWW\demo\index.php:5
[18-Mar-2021 16:37:19 Asia/Shanghai] PHP   3. app\controller\Faker->__construct() F:\phpstudy_pro\WWW\demo\core\Frame.php:15
[18-Mar-2021 16:37:19 Asia/Shanghai] PHP Warning:  array_keys() expects parameter 1 to be array, bool given in F:\phpstudy_pro\WWW\demo\app\controller\Faker.php on line 17
[18-Mar-2021 16:37:19 Asia/Shanghai] PHP Stack trace:
[18-Mar-2021 16:37:19 Asia/Shanghai] PHP   1. {main}() F:\phpstudy_pro\WWW\demo\index.php:0
[18-Mar-2021 16:37:19 Asia/Shanghai] PHP   2. core\Frame::run() F:\phpstudy_pro\WWW\demo\index.php:5
[18-Mar-2021 16:37:19 Asia/Shanghai] PHP   3. app\controller\Faker->__construct() F:\phpstudy_pro\WWW\demo\core\Frame.php:15
[18-Mar-2021 16:37:19 Asia/Shanghai] PHP   4. array_keys(FALSE) F:\phpstudy_pro\WWW\demo\app\controller\Faker.php:17
[18-Mar-2021 16:37:19 Asia/Shanghai] PHP Warning:  include(../../GB2260.php): failed to open stream: No such file or directory in F:\phpstudy_pro\WWW\demo\app\controller\Faker.php on line 16
[18-Mar-2021 16:37:19 Asia/Shanghai] PHP Stack trace:
[18-Mar-2021 16:37:19 Asia/Shanghai] PHP   1. {main}() F:\phpstudy_pro\WWW\demo\index.php:0
[18-Mar-2021 16:37:19 Asia/Shanghai] PHP   2. core\Frame::run() F:\phpstudy_pro\WWW\demo\index.php:5
[18-Mar-2021 16:37:19 Asia/Shanghai] PHP   3. app\controller\Faker->__construct() F:\phpstudy_pro\WWW\demo\core\Frame.php:15
[18-Mar-2021 16:37:19 Asia/Shanghai] PHP Warning:  include(): Failed opening '../../GB2260.php' for inclusion (include_path='.;C:\php\pear') in F:\phpstudy_pro\WWW\demo\app\controller\Faker.php on line 16
[18-Mar-2021 16:37:19 Asia/Shanghai] PHP Stack trace:
[18-Mar-2021 16:37:19 Asia/Shanghai] PHP   1. {main}() F:\phpstudy_pro\WWW\demo\index.php:0
[18-Mar-2021 16:37:19 Asia/Shanghai] PHP   2. core\Frame::run() F:\phpstudy_pro\WWW\demo\index.php:5
[18-Mar-2021 16:37:19 Asia/Shanghai] PHP   3. app\controller\Faker->__construct() F:\phpstudy_pro\WWW\demo\core\Frame.php:15
[18-Mar-2021 16:37:19 Asia/Shanghai] PHP Warning:  array_keys() expects parameter 1 to be array, bool given in F:\phpstudy_pro\WWW\demo\app\controller\Faker.php on line 17
[18-Mar-2021 16:37:19 Asia/Shanghai] PHP Stack trace:
[18-Mar-2021 16:37:19 Asia/Shanghai] PHP   1. {main}() F:\phpstudy_pro\WWW\demo\index.php:0
[18-Mar-2021 16:37:19 Asia/Shanghai] PHP   2. core\Frame::run() F:\phpstudy_pro\WWW\demo\index.php:5
[18-Mar-2021 16:37:19 Asia/Shanghai] PHP   3. app\controller\Faker->__construct() F:\phpstudy_pro\WWW\demo\core\Frame.php:15
[18-Mar-2021 16:37:19 Asia/Shanghai] PHP   4. array_keys(FALSE) F:\phpstudy_pro\WWW\demo\app\controller\Faker.php:17
[18-Mar-2021 16:38:16 Asia/Shanghai] PHP Warning:  include(../../GB2260.php): failed to open stream: No such file or directory in F:\phpstudy_pro\WWW\demo\app\controller\Faker.php on line 16
[18-Mar-2021 16:38:16 Asia/Shanghai] PHP Stack trace:
[18-Mar-2021 16:38:16 Asia/Shanghai] PHP   1. {main}() F:\phpstudy_pro\WWW\demo\index.php:0
[18-Mar-2021 16:38:16 Asia/Shanghai] PHP   2. core\Frame::run() F:\phpstudy_pro\WWW\demo\index.php:5
[18-Mar-2021 16:38:16 Asia/Shanghai] PHP   3. app\controller\Faker->__construct() F:\phpstudy_pro\WWW\demo\core\Frame.php:15
[18-Mar-2021 16:38:16 Asia/Shanghai] PHP Warning:  include(): Failed opening '../../GB2260.php' for inclusion (include_path='.;C:\php\pear') in F:\phpstudy_pro\WWW\demo\app\controller\Faker.php on line 16
[18-Mar-2021 16:38:16 Asia/Shanghai] PHP Stack trace:
[18-Mar-2021 16:38:16 Asia/Shanghai] PHP   1. {main}() F:\phpstudy_pro\WWW\demo\index.php:0
[18-Mar-2021 16:38:16 Asia/Shanghai] PHP   2. core\Frame::run() F:\phpstudy_pro\WWW\demo\index.php:5
[18-Mar-2021 16:38:16 Asia/Shanghai] PHP   3. app\controller\Faker->__construct() F:\phpstudy_pro\WWW\demo\core\Frame.php:15
[18-Mar-2021 16:38:16 Asia/Shanghai] PHP Warning:  array_keys() expects parameter 1 to be array, bool given in F:\phpstudy_pro\WWW\demo\app\controller\Faker.php on line 17
[18-Mar-2021 16:38:16 Asia/Shanghai] PHP Stack trace:
[18-Mar-2021 16:38:16 Asia/Shanghai] PHP   1. {main}() F:\phpstudy_pro\WWW\demo\index.php:0
[18-Mar-2021 16:38:16 Asia/Shanghai] PHP   2. core\Frame::run() F:\phpstudy_pro\WWW\demo\index.php:5
[18-Mar-2021 16:38:16 Asia/Shanghai] PHP   3. app\controller\Faker->__construct() F:\phpstudy_pro\WWW\demo\core\Frame.php:15
[18-Mar-2021 16:38:16 Asia/Shanghai] PHP   4. array_keys(FALSE) F:\phpstudy_pro\WWW\demo\app\controller\Faker.php:17
[18-Mar-2021 16:38:16 Asia/Shanghai] PHP Warning:  include(../../GB2260.php): failed to open stream: No such file or directory in F:\phpstudy_pro\WWW\demo\app\controller\Faker.php on line 16
[18-Mar-2021 16:38:16 Asia/Shanghai] PHP Stack trace:
[18-Mar-2021 16:38:16 Asia/Shanghai] PHP   1. {main}() F:\phpstudy_pro\WWW\demo\index.php:0
[18-Mar-2021 16:38:16 Asia/Shanghai] PHP   2. core\Frame::run() F:\phpstudy_pro\WWW\demo\index.php:5
[18-Mar-2021 16:38:16 Asia/Shanghai] PHP   3. app\controller\Faker->__construct() F:\phpstudy_pro\WWW\demo\core\Frame.php:15
[18-Mar-2021 16:38:16 Asia/Shanghai] PHP Warning:  include(): Failed opening '../../GB2260.php' for inclusion (include_path='.;C:\php\pear') in F:\phpstudy_pro\WWW\demo\app\controller\Faker.php on line 16
[18-Mar-2021 16:38:16 Asia/Shanghai] PHP Stack trace:
[18-Mar-2021 16:38:16 Asia/Shanghai] PHP   1. {main}() F:\phpstudy_pro\WWW\demo\index.php:0
[18-Mar-2021 16:38:16 Asia/Shanghai] PHP   2. core\Frame::run() F:\phpstudy_pro\WWW\demo\index.php:5
[18-Mar-2021 16:38:16 Asia/Shanghai] PHP   3. app\controller\Faker->__construct() F:\phpstudy_pro\WWW\demo\core\Frame.php:15
[18-Mar-2021 16:38:16 Asia/Shanghai] PHP Warning:  array_keys() expects parameter 1 to be array, bool given in F:\phpstudy_pro\WWW\demo\app\controller\Faker.php on line 17
[18-Mar-2021 16:38:16 Asia/Shanghai] PHP Stack trace:
[18-Mar-2021 16:38:16 Asia/Shanghai] PHP   1. {main}() F:\phpstudy_pro\WWW\demo\index.php:0
[18-Mar-2021 16:38:16 Asia/Shanghai] PHP   2. core\Frame::run() F:\phpstudy_pro\WWW\demo\index.php:5
[18-Mar-2021 16:38:16 Asia/Shanghai] PHP   3. app\controller\Faker->__construct() F:\phpstudy_pro\WWW\demo\core\Frame.php:15
[18-Mar-2021 16:38:16 Asia/Shanghai] PHP   4. array_keys(FALSE) F:\phpstudy_pro\WWW\demo\app\controller\Faker.php:17
[18-Mar-2021 16:38:16 Asia/Shanghai] PHP Warning:  include(../../GB2260.php): failed to open stream: No such file or directory in F:\phpstudy_pro\WWW\demo\app\controller\Faker.php on line 16
[18-Mar-2021 16:38:16 Asia/Shanghai] PHP Stack trace:
[18-Mar-2021 16:38:16 Asia/Shanghai] PHP   1. {main}() F:\phpstudy_pro\WWW\demo\index.php:0
[18-Mar-2021 16:38:16 Asia/Shanghai] PHP   2. core\Frame::run() F:\phpstudy_pro\WWW\demo\index.php:5
[18-Mar-2021 16:38:16 Asia/Shanghai] PHP   3. app\controller\Faker->__construct() F:\phpstudy_pro\WWW\demo\core\Frame.php:15
[18-Mar-2021 16:38:16 Asia/Shanghai] PHP Warning:  include(): Failed opening '../../GB2260.php' for inclusion (include_path='.;C:\php\pear') in F:\phpstudy_pro\WWW\demo\app\controller\Faker.php on line 16
[18-Mar-2021 16:38:16 Asia/Shanghai] PHP Stack trace:
[18-Mar-2021 16:38:16 Asia/Shanghai] PHP   1. {main}() F:\phpstudy_pro\WWW\demo\index.php:0
[18-Mar-2021 16:38:16 Asia/Shanghai] PHP   2. core\Frame::run() F:\phpstudy_pro\WWW\demo\index.php:5
[18-Mar-2021 16:38:16 Asia/Shanghai] PHP   3. app\controller\Faker->__construct() F:\phpstudy_pro\WWW\demo\core\Frame.php:15
[18-Mar-2021 16:38:16 Asia/Shanghai] PHP Warning:  array_keys() expects parameter 1 to be array, bool given in F:\phpstudy_pro\WWW\demo\app\controller\Faker.php on line 17
[18-Mar-2021 16:38:16 Asia/Shanghai] PHP Stack trace:
[18-Mar-2021 16:38:16 Asia/Shanghai] PHP   1. {main}() F:\phpstudy_pro\WWW\demo\index.php:0
[18-Mar-2021 16:38:16 Asia/Shanghai] PHP   2. core\Frame::run() F:\phpstudy_pro\WWW\demo\index.php:5
[18-Mar-2021 16:38:16 Asia/Shanghai] PHP   3. app\controller\Faker->__construct() F:\phpstudy_pro\WWW\demo\core\Frame.php:15
[18-Mar-2021 16:38:16 Asia/Shanghai] PHP   4. array_keys(FALSE) F:\phpstudy_pro\WWW\demo\app\controller\Faker.php:17
[18-Mar-2021 16:38:16 Asia/Shanghai] PHP Warning:  include(../../GB2260.php): failed to open stream: No such file or directory in F:\phpstudy_pro\WWW\demo\app\controller\Faker.php on line 16
[18-Mar-2021 16:38:16 Asia/Shanghai] PHP Stack trace:
[18-Mar-2021 16:38:16 Asia/Shanghai] PHP   1. {main}() F:\phpstudy_pro\WWW\demo\index.php:0
[18-Mar-2021 16:38:16 Asia/Shanghai] PHP   2. core\Frame::run() F:\phpstudy_pro\WWW\demo\index.php:5
[18-Mar-2021 16:38:16 Asia/Shanghai] PHP   3. app\controller\Faker->__construct() F:\phpstudy_pro\WWW\demo\core\Frame.php:15
[18-Mar-2021 16:38:16 Asia/Shanghai] PHP Warning:  include(): Failed opening '../../GB2260.php' for inclusion (include_path='.;C:\php\pear') in F:\phpstudy_pro\WWW\demo\app\controller\Faker.php on line 16
[18-Mar-2021 16:38:16 Asia/Shanghai] PHP Stack trace:
[18-Mar-2021 16:38:16 Asia/Shanghai] PHP   1. {main}() F:\phpstudy_pro\WWW\demo\index.php:0
[18-Mar-2021 16:38:16 Asia/Shanghai] PHP   2. core\Frame::run() F:\phpstudy_pro\WWW\demo\index.php:5
[18-Mar-2021 16:38:16 Asia/Shanghai] PHP   3. app\controller\Faker->__construct() F:\phpstudy_pro\WWW\demo\core\Frame.php:15
[18-Mar-2021 16:38:16 Asia/Shanghai] PHP Warning:  array_keys() expects parameter 1 to be array, bool given in F:\phpstudy_pro\WWW\demo\app\controller\Faker.php on line 17
[18-Mar-2021 16:38:16 Asia/Shanghai] PHP Stack trace:
[18-Mar-2021 16:38:16 Asia/Shanghai] PHP   1. {main}() F:\phpstudy_pro\WWW\demo\index.php:0
[18-Mar-2021 16:38:16 Asia/Shanghai] PHP   2. core\Frame::run() F:\phpstudy_pro\WWW\demo\index.php:5
[18-Mar-2021 16:38:16 Asia/Shanghai] PHP   3. app\controller\Faker->__construct() F:\phpstudy_pro\WWW\demo\core\Frame.php:15
[18-Mar-2021 16:38:16 Asia/Shanghai] PHP   4. array_keys(FALSE) F:\phpstudy_pro\WWW\demo\app\controller\Faker.php:17
[18-Mar-2021 16:38:17 Asia/Shanghai] PHP Warning:  include(../../GB2260.php): failed to open stream: No such file or directory in F:\phpstudy_pro\WWW\demo\app\controller\Faker.php on line 16
[18-Mar-2021 16:38:17 Asia/Shanghai] PHP Stack trace:
[18-Mar-2021 16:38:17 Asia/Shanghai] PHP   1. {main}() F:\phpstudy_pro\WWW\demo\index.php:0
[18-Mar-2021 16:38:17 Asia/Shanghai] PHP   2. core\Frame::run() F:\phpstudy_pro\WWW\demo\index.php:5
[18-Mar-2021 16:38:17 Asia/Shanghai] PHP   3. app\controller\Faker->__construct() F:\phpstudy_pro\WWW\demo\core\Frame.php:15
[18-Mar-2021 16:38:17 Asia/Shanghai] PHP Warning:  include(): Failed opening '../../GB2260.php' for inclusion (include_path='.;C:\php\pear') in F:\phpstudy_pro\WWW\demo\app\controller\Faker.php on line 16
[18-Mar-2021 16:38:17 Asia/Shanghai] PHP Stack trace:
[18-Mar-2021 16:38:17 Asia/Shanghai] PHP   1. {main}() F:\phpstudy_pro\WWW\demo\index.php:0
[18-Mar-2021 16:38:17 Asia/Shanghai] PHP   2. core\Frame::run() F:\phpstudy_pro\WWW\demo\index.php:5
[18-Mar-2021 16:38:17 Asia/Shanghai] PHP   3. app\controller\Faker->__construct() F:\phpstudy_pro\WWW\demo\core\Frame.php:15
[18-Mar-2021 16:38:17 Asia/Shanghai] PHP Warning:  array_keys() expects parameter 1 to be array, bool given in F:\phpstudy_pro\WWW\demo\app\controller\Faker.php on line 17
[18-Mar-2021 16:38:17 Asia/Shanghai] PHP Stack trace:
[18-Mar-2021 16:38:17 Asia/Shanghai] PHP   1. {main}() F:\phpstudy_pro\WWW\demo\index.php:0
[18-Mar-2021 16:38:17 Asia/Shanghai] PHP   2. core\Frame::run() F:\phpstudy_pro\WWW\demo\index.php:5
[18-Mar-2021 16:38:17 Asia/Shanghai] PHP   3. app\controller\Faker->__construct() F:\phpstudy_pro\WWW\demo\core\Frame.php:15
[18-Mar-2021 16:38:17 Asia/Shanghai] PHP   4. array_keys(FALSE) F:\phpstudy_pro\WWW\demo\app\controller\Faker.php:17
[18-Mar-2021 16:38:17 Asia/Shanghai] PHP Warning:  include(../../GB2260.php): failed to open stream: No such file or directory in F:\phpstudy_pro\WWW\demo\app\controller\Faker.php on line 16
[18-Mar-2021 16:38:17 Asia/Shanghai] PHP Stack trace:
[18-Mar-2021 16:38:17 Asia/Shanghai] PHP   1. {main}() F:\phpstudy_pro\WWW\demo\index.php:0
[18-Mar-2021 16:38:17 Asia/Shanghai] PHP   2. core\Frame::run() F:\phpstudy_pro\WWW\demo\index.php:5
[18-Mar-2021 16:38:17 Asia/Shanghai] PHP   3. app\controller\Faker->__construct() F:\phpstudy_pro\WWW\demo\core\Frame.php:15
[18-Mar-2021 16:38:17 Asia/Shanghai] PHP Warning:  include(): Failed opening '../../GB2260.php' for inclusion (include_path='.;C:\php\pear') in F:\phpstudy_pro\WWW\demo\app\controller\Faker.php on line 16
[18-Mar-2021 16:38:17 Asia/Shanghai] PHP Stack trace:
[18-Mar-2021 16:38:17 Asia/Shanghai] PHP   1. {main}() F:\phpstudy_pro\WWW\demo\index.php:0
[18-Mar-2021 16:38:17 Asia/Shanghai] PHP   2. core\Frame::run() F:\phpstudy_pro\WWW\demo\index.php:5
[18-Mar-2021 16:38:17 Asia/Shanghai] PHP   3. app\controller\Faker->__construct() F:\phpstudy_pro\WWW\demo\core\Frame.php:15
[18-Mar-2021 16:38:17 Asia/Shanghai] PHP Warning:  array_keys() expects parameter 1 to be array, bool given in F:\phpstudy_pro\WWW\demo\app\controller\Faker.php on line 17
[18-Mar-2021 16:38:17 Asia/Shanghai] PHP Stack trace:
[18-Mar-2021 16:38:17 Asia/Shanghai] PHP   1. {main}() F:\phpstudy_pro\WWW\demo\index.php:0
[18-Mar-2021 16:38:17 Asia/Shanghai] PHP   2. core\Frame::run() F:\phpstudy_pro\WWW\demo\index.php:5
[18-Mar-2021 16:38:17 Asia/Shanghai] PHP   3. app\controller\Faker->__construct() F:\phpstudy_pro\WWW\demo\core\Frame.php:15
[18-Mar-2021 16:38:17 Asia/Shanghai] PHP   4. array_keys(FALSE) F:\phpstudy_pro\WWW\demo\app\controller\Faker.php:17
[18-Mar-2021 16:38:17 Asia/Shanghai] PHP Warning:  include(../../GB2260.php): failed to open stream: No such file or directory in F:\phpstudy_pro\WWW\demo\app\controller\Faker.php on line 16
[18-Mar-2021 16:38:17 Asia/Shanghai] PHP Stack trace:
[18-Mar-2021 16:38:17 Asia/Shanghai] PHP   1. {main}() F:\phpstudy_pro\WWW\demo\index.php:0
[18-Mar-2021 16:38:17 Asia/Shanghai] PHP   2. core\Frame::run() F:\phpstudy_pro\WWW\demo\index.php:5
[18-Mar-2021 16:38:17 Asia/Shanghai] PHP   3. app\controller\Faker->__construct() F:\phpstudy_pro\WWW\demo\core\Frame.php:15
[18-Mar-2021 16:38:17 Asia/Shanghai] PHP Warning:  include(): Failed opening '../../GB2260.php' for inclusion (include_path='.;C:\php\pear') in F:\phpstudy_pro\WWW\demo\app\controller\Faker.php on line 16
[18-Mar-2021 16:38:17 Asia/Shanghai] PHP Stack trace:
[18-Mar-2021 16:38:17 Asia/Shanghai] PHP   1. {main}() F:\phpstudy_pro\WWW\demo\index.php:0
[18-Mar-2021 16:38:17 Asia/Shanghai] PHP   2. core\Frame::run() F:\phpstudy_pro\WWW\demo\index.php:5
[18-Mar-2021 16:38:17 Asia/Shanghai] PHP   3. app\controller\Faker->__construct() F:\phpstudy_pro\WWW\demo\core\Frame.php:15
[18-Mar-2021 16:38:17 Asia/Shanghai] PHP Warning:  array_keys() expects parameter 1 to be array, bool given in F:\phpstudy_pro\WWW\demo\app\controller\Faker.php on line 17
[18-Mar-2021 16:38:17 Asia/Shanghai] PHP Stack trace:
[18-Mar-2021 16:38:17 Asia/Shanghai] PHP   1. {main}() F:\phpstudy_pro\WWW\demo\index.php:0
[18-Mar-2021 16:38:17 Asia/Shanghai] PHP   2. core\Frame::run() F:\phpstudy_pro\WWW\demo\index.php:5
[18-Mar-2021 16:38:17 Asia/Shanghai] PHP   3. app\controller\Faker->__construct() F:\phpstudy_pro\WWW\demo\core\Frame.php:15
[18-Mar-2021 16:38:17 Asia/Shanghai] PHP   4. array_keys(FALSE) F:\phpstudy_pro\WWW\demo\app\controller\Faker.php:17
[18-Mar-2021 16:40:02 Asia/Shanghai] PHP Warning:  include(../../GB2260.php): failed to open stream: No such file or directory in F:\phpstudy_pro\WWW\demo\app\controller\Faker.php on line 16
[18-Mar-2021 16:40:02 Asia/Shanghai] PHP Stack trace:
[18-Mar-2021 16:40:02 Asia/Shanghai] PHP   1. {main}() F:\phpstudy_pro\WWW\demo\index.php:0
[18-Mar-2021 16:40:02 Asia/Shanghai] PHP   2. core\Frame::run() F:\phpstudy_pro\WWW\demo\index.php:5
[18-Mar-2021 16:40:02 Asia/Shanghai] PHP   3. app\controller\Faker->__construct() F:\phpstudy_pro\WWW\demo\core\Frame.php:15
[18-Mar-2021 16:40:02 Asia/Shanghai] PHP Warning:  include(): Failed opening '../../GB2260.php' for inclusion (include_path='.;C:\php\pear') in F:\phpstudy_pro\WWW\demo\app\controller\Faker.php on line 16
[18-Mar-2021 16:40:02 Asia/Shanghai] PHP Stack trace:
[18-Mar-2021 16:40:02 Asia/Shanghai] PHP   1. {main}() F:\phpstudy_pro\WWW\demo\index.php:0
[18-Mar-2021 16:40:02 Asia/Shanghai] PHP   2. core\Frame::run() F:\phpstudy_pro\WWW\demo\index.php:5
[18-Mar-2021 16:40:02 Asia/Shanghai] PHP   3. app\controller\Faker->__construct() F:\phpstudy_pro\WWW\demo\core\Frame.php:15
[18-Mar-2021 16:40:02 Asia/Shanghai] PHP Warning:  array_keys() expects parameter 1 to be array, bool given in F:\phpstudy_pro\WWW\demo\app\controller\Faker.php on line 17
[18-Mar-2021 16:40:02 Asia/Shanghai] PHP Stack trace:
[18-Mar-2021 16:40:02 Asia/Shanghai] PHP   1. {main}() F:\phpstudy_pro\WWW\demo\index.php:0
[18-Mar-2021 16:40:02 Asia/Shanghai] PHP   2. core\Frame::run() F:\phpstudy_pro\WWW\demo\index.php:5
[18-Mar-2021 16:40:02 Asia/Shanghai] PHP   3. app\controller\Faker->__construct() F:\phpstudy_pro\WWW\demo\core\Frame.php:15
[18-Mar-2021 16:40:02 Asia/Shanghai] PHP   4. array_keys(FALSE) F:\phpstudy_pro\WWW\demo\app\controller\Faker.php:17
[18-Mar-2021 16:40:02 Asia/Shanghai] PHP Warning:  include(../../GB2260.php): failed to open stream: No such file or directory in F:\phpstudy_pro\WWW\demo\app\controller\Faker.php on line 16
[18-Mar-2021 16:40:02 Asia/Shanghai] PHP Stack trace:
[18-Mar-2021 16:40:02 Asia/Shanghai] PHP   1. {main}() F:\phpstudy_pro\WWW\demo\index.php:0
[18-Mar-2021 16:40:02 Asia/Shanghai] PHP   2. core\Frame::run() F:\phpstudy_pro\WWW\demo\index.php:5
[18-Mar-2021 16:40:02 Asia/Shanghai] PHP   3. app\controller\Faker->__construct() F:\phpstudy_pro\WWW\demo\core\Frame.php:15
[18-Mar-2021 16:40:02 Asia/Shanghai] PHP Warning:  include(): Failed opening '../../GB2260.php' for inclusion (include_path='.;C:\php\pear') in F:\phpstudy_pro\WWW\demo\app\controller\Faker.php on line 16
[18-Mar-2021 16:40:02 Asia/Shanghai] PHP Stack trace:
[18-Mar-2021 16:40:02 Asia/Shanghai] PHP   1. {main}() F:\phpstudy_pro\WWW\demo\index.php:0
[18-Mar-2021 16:40:02 Asia/Shanghai] PHP   2. core\Frame::run() F:\phpstudy_pro\WWW\demo\index.php:5
[18-Mar-2021 16:40:02 Asia/Shanghai] PHP   3. app\controller\Faker->__construct() F:\phpstudy_pro\WWW\demo\core\Frame.php:15
[18-Mar-2021 16:40:02 Asia/Shanghai] PHP Warning:  array_keys() expects parameter 1 to be array, bool given in F:\phpstudy_pro\WWW\demo\app\controller\Faker.php on line 17
[18-Mar-2021 16:40:02 Asia/Shanghai] PHP Stack trace:
[18-Mar-2021 16:40:02 Asia/Shanghai] PHP   1. {main}() F:\phpstudy_pro\WWW\demo\index.php:0
[18-Mar-2021 16:40:02 Asia/Shanghai] PHP   2. core\Frame::run() F:\phpstudy_pro\WWW\demo\index.php:5
[18-Mar-2021 16:40:02 Asia/Shanghai] PHP   3. app\controller\Faker->__construct() F:\phpstudy_pro\WWW\demo\core\Frame.php:15
[18-Mar-2021 16:40:02 Asia/Shanghai] PHP   4. array_keys(FALSE) F:\phpstudy_pro\WWW\demo\app\controller\Faker.php:17
[18-Mar-2021 16:40:02 Asia/Shanghai] PHP Warning:  include(../../GB2260.php): failed to open stream: No such file or directory in F:\phpstudy_pro\WWW\demo\app\controller\Faker.php on line 16
[18-Mar-2021 16:40:02 Asia/Shanghai] PHP Stack trace:
[18-Mar-2021 16:40:02 Asia/Shanghai] PHP   1. {main}() F:\phpstudy_pro\WWW\demo\index.php:0
[18-Mar-2021 16:40:02 Asia/Shanghai] PHP   2. core\Frame::run() F:\phpstudy_pro\WWW\demo\index.php:5
[18-Mar-2021 16:40:02 Asia/Shanghai] PHP   3. app\controller\Faker->__construct() F:\phpstudy_pro\WWW\demo\core\Frame.php:15
[18-Mar-2021 16:40:02 Asia/Shanghai] PHP Warning:  include(): Failed opening '../../GB2260.php' for inclusion (include_path='.;C:\php\pear') in F:\phpstudy_pro\WWW\demo\app\controller\Faker.php on line 16
[18-Mar-2021 16:40:02 Asia/Shanghai] PHP Stack trace:
[18-Mar-2021 16:40:02 Asia/Shanghai] PHP   1. {main}() F:\phpstudy_pro\WWW\demo\index.php:0
[18-Mar-2021 16:40:02 Asia/Shanghai] PHP   2. core\Frame::run() F:\phpstudy_pro\WWW\demo\index.php:5
[18-Mar-2021 16:40:02 Asia/Shanghai] PHP   3. app\controller\Faker->__construct() F:\phpstudy_pro\WWW\demo\core\Frame.php:15
[18-Mar-2021 16:40:02 Asia/Shanghai] PHP Warning:  array_keys() expects parameter 1 to be array, bool given in F:\phpstudy_pro\WWW\demo\app\controller\Faker.php on line 17
[18-Mar-2021 16:40:02 Asia/Shanghai] PHP Stack trace:
[18-Mar-2021 16:40:02 Asia/Shanghai] PHP   1. {main}() F:\phpstudy_pro\WWW\demo\index.php:0
[18-Mar-2021 16:40:02 Asia/Shanghai] PHP   2. core\Frame::run() F:\phpstudy_pro\WWW\demo\index.php:5
[18-Mar-2021 16:40:02 Asia/Shanghai] PHP   3. app\controller\Faker->__construct() F:\phpstudy_pro\WWW\demo\core\Frame.php:15
[18-Mar-2021 16:40:02 Asia/Shanghai] PHP   4. array_keys(FALSE) F:\phpstudy_pro\WWW\demo\app\controller\Faker.php:17
[18-Mar-2021 16:40:02 Asia/Shanghai] PHP Warning:  include(../../GB2260.php): failed to open stream: No such file or directory in F:\phpstudy_pro\WWW\demo\app\controller\Faker.php on line 16
[18-Mar-2021 16:40:02 Asia/Shanghai] PHP Stack trace:
[18-Mar-2021 16:40:02 Asia/Shanghai] PHP   1. {main}() F:\phpstudy_pro\WWW\demo\index.php:0
[18-Mar-2021 16:40:02 Asia/Shanghai] PHP   2. core\Frame::run() F:\phpstudy_pro\WWW\demo\index.php:5
[18-Mar-2021 16:40:02 Asia/Shanghai] PHP   3. app\controller\Faker->__construct() F:\phpstudy_pro\WWW\demo\core\Frame.php:15
[18-Mar-2021 16:40:02 Asia/Shanghai] PHP Warning:  include(): Failed opening '../../GB2260.php' for inclusion (include_path='.;C:\php\pear') in F:\phpstudy_pro\WWW\demo\app\controller\Faker.php on line 16
[18-Mar-2021 16:40:02 Asia/Shanghai] PHP Stack trace:
[18-Mar-2021 16:40:02 Asia/Shanghai] PHP   1. {main}() F:\phpstudy_pro\WWW\demo\index.php:0
[18-Mar-2021 16:40:02 Asia/Shanghai] PHP   2. core\Frame::run() F:\phpstudy_pro\WWW\demo\index.php:5
[18-Mar-2021 16:40:02 Asia/Shanghai] PHP   3. app\controller\Faker->__construct() F:\phpstudy_pro\WWW\demo\core\Frame.php:15
[18-Mar-2021 16:40:02 Asia/Shanghai] PHP Warning:  array_keys() expects parameter 1 to be array, bool given in F:\phpstudy_pro\WWW\demo\app\controller\Faker.php on line 17
[18-Mar-2021 16:40:02 Asia/Shanghai] PHP Stack trace:
[18-Mar-2021 16:40:02 Asia/Shanghai] PHP   1. {main}() F:\phpstudy_pro\WWW\demo\index.php:0
[18-Mar-2021 16:40:02 Asia/Shanghai] PHP   2. core\Frame::run() F:\phpstudy_pro\WWW\demo\index.php:5
[18-Mar-2021 16:40:02 Asia/Shanghai] PHP   3. app\controller\Faker->__construct() F:\phpstudy_pro\WWW\demo\core\Frame.php:15
[18-Mar-2021 16:40:02 Asia/Shanghai] PHP   4. array_keys(FALSE) F:\phpstudy_pro\WWW\demo\app\controller\Faker.php:17
[18-Mar-2021 16:40:58 Asia/Shanghai] PHP Warning:  include(../../GB2260.php): failed to open stream: No such file or directory in F:\phpstudy_pro\WWW\demo\app\controller\Faker.php on line 16
[18-Mar-2021 16:40:58 Asia/Shanghai] PHP Stack trace:
[18-Mar-2021 16:40:58 Asia/Shanghai] PHP   1. {main}() F:\phpstudy_pro\WWW\demo\index.php:0
[18-Mar-2021 16:40:58 Asia/Shanghai] PHP   2. core\Frame::run() F:\phpstudy_pro\WWW\demo\index.php:5
[18-Mar-2021 16:40:58 Asia/Shanghai] PHP   3. app\controller\Faker->__construct() F:\phpstudy_pro\WWW\demo\core\Frame.php:15
[18-Mar-2021 16:40:58 Asia/Shanghai] PHP Warning:  include(): Failed opening '../../GB2260.php' for inclusion (include_path='.;C:\php\pear') in F:\phpstudy_pro\WWW\demo\app\controller\Faker.php on line 16
[18-Mar-2021 16:40:58 Asia/Shanghai] PHP Stack trace:
[18-Mar-2021 16:40:58 Asia/Shanghai] PHP   1. {main}() F:\phpstudy_pro\WWW\demo\index.php:0
[18-Mar-2021 16:40:58 Asia/Shanghai] PHP   2. core\Frame::run() F:\phpstudy_pro\WWW\demo\index.php:5
[18-Mar-2021 16:40:58 Asia/Shanghai] PHP   3. app\controller\Faker->__construct() F:\phpstudy_pro\WWW\demo\core\Frame.php:15
[18-Mar-2021 16:40:58 Asia/Shanghai] PHP Warning:  array_keys() expects parameter 1 to be array, bool given in F:\phpstudy_pro\WWW\demo\app\controller\Faker.php on line 17
[18-Mar-2021 16:40:58 Asia/Shanghai] PHP Stack trace:
[18-Mar-2021 16:40:58 Asia/Shanghai] PHP   1. {main}() F:\phpstudy_pro\WWW\demo\index.php:0
[18-Mar-2021 16:40:58 Asia/Shanghai] PHP   2. core\Frame::run() F:\phpstudy_pro\WWW\demo\index.php:5
[18-Mar-2021 16:40:58 Asia/Shanghai] PHP   3. app\controller\Faker->__construct() F:\phpstudy_pro\WWW\demo\core\Frame.php:15
[18-Mar-2021 16:40:58 Asia/Shanghai] PHP   4. array_keys(FALSE) F:\phpstudy_pro\WWW\demo\app\controller\Faker.php:17
[18-Mar-2021 16:40:58 Asia/Shanghai] PHP Warning:  include(../../GB2260.php): failed to open stream: No such file or directory in F:\phpstudy_pro\WWW\demo\app\controller\Faker.php on line 16
[18-Mar-2021 16:40:58 Asia/Shanghai] PHP Stack trace:
[18-Mar-2021 16:40:58 Asia/Shanghai] PHP   1. {main}() F:\phpstudy_pro\WWW\demo\index.php:0
[18-Mar-2021 16:40:58 Asia/Shanghai] PHP   2. core\Frame::run() F:\phpstudy_pro\WWW\demo\index.php:5
[18-Mar-2021 16:40:58 Asia/Shanghai] PHP   3. app\controller\Faker->__construct() F:\phpstudy_pro\WWW\demo\core\Frame.php:15
[18-Mar-2021 16:40:58 Asia/Shanghai] PHP Warning:  include(): Failed opening '../../GB2260.php' for inclusion (include_path='.;C:\php\pear') in F:\phpstudy_pro\WWW\demo\app\controller\Faker.php on line 16
[18-Mar-2021 16:40:58 Asia/Shanghai] PHP Stack trace:
[18-Mar-2021 16:40:58 Asia/Shanghai] PHP   1. {main}() F:\phpstudy_pro\WWW\demo\index.php:0
[18-Mar-2021 16:40:58 Asia/Shanghai] PHP   2. core\Frame::run() F:\phpstudy_pro\WWW\demo\index.php:5
[18-Mar-2021 16:40:58 Asia/Shanghai] PHP   3. app\controller\Faker->__construct() F:\phpstudy_pro\WWW\demo\core\Frame.php:15
[18-Mar-2021 16:40:58 Asia/Shanghai] PHP Warning:  array_keys() expects parameter 1 to be array, bool given in F:\phpstudy_pro\WWW\demo\app\controller\Faker.php on line 17
[18-Mar-2021 16:40:58 Asia/Shanghai] PHP Stack trace:
[18-Mar-2021 16:40:58 Asia/Shanghai] PHP   1. {main}() F:\phpstudy_pro\WWW\demo\index.php:0
[18-Mar-2021 16:40:58 Asia/Shanghai] PHP   2. core\Frame::run() F:\phpstudy_pro\WWW\demo\index.php:5
[18-Mar-2021 16:40:58 Asia/Shanghai] PHP   3. app\controller\Faker->__construct() F:\phpstudy_pro\WWW\demo\core\Frame.php:15
[18-Mar-2021 16:40:58 Asia/Shanghai] PHP   4. array_keys(FALSE) F:\phpstudy_pro\WWW\demo\app\controller\Faker.php:17
[18-Mar-2021 16:40:58 Asia/Shanghai] PHP Warning:  include(../../GB2260.php): failed to open stream: No such file or directory in F:\phpstudy_pro\WWW\demo\app\controller\Faker.php on line 16
[18-Mar-2021 16:40:58 Asia/Shanghai] PHP Stack trace:
[18-Mar-2021 16:40:58 Asia/Shanghai] PHP   1. {main}() F:\phpstudy_pro\WWW\demo\index.php:0
[18-Mar-2021 16:40:58 Asia/Shanghai] PHP   2. core\Frame::run() F:\phpstudy_pro\WWW\demo\index.php:5
[18-Mar-2021 16:40:58 Asia/Shanghai] PHP   3. app\controller\Faker->__construct() F:\phpstudy_pro\WWW\demo\core\Frame.php:15
[18-Mar-2021 16:40:58 Asia/Shanghai] PHP Warning:  include(): Failed opening '../../GB2260.php' for inclusion (include_path='.;C:\php\pear') in F:\phpstudy_pro\WWW\demo\app\controller\Faker.php on line 16
[18-Mar-2021 16:40:58 Asia/Shanghai] PHP Stack trace:
[18-Mar-2021 16:40:58 Asia/Shanghai] PHP   1. {main}() F:\phpstudy_pro\WWW\demo\index.php:0
[18-Mar-2021 16:40:58 Asia/Shanghai] PHP   2. core\Frame::run() F:\phpstudy_pro\WWW\demo\index.php:5
[18-Mar-2021 16:40:58 Asia/Shanghai] PHP   3. app\controller\Faker->__construct() F:\phpstudy_pro\WWW\demo\core\Frame.php:15
[18-Mar-2021 16:40:58 Asia/Shanghai] PHP Warning:  array_keys() expects parameter 1 to be array, bool given in F:\phpstudy_pro\WWW\demo\app\controller\Faker.php on line 17
[18-Mar-2021 16:40:58 Asia/Shanghai] PHP Stack trace:
[18-Mar-2021 16:40:58 Asia/Shanghai] PHP   1. {main}() F:\phpstudy_pro\WWW\demo\index.php:0
[18-Mar-2021 16:40:58 Asia/Shanghai] PHP   2. core\Frame::run() F:\phpstudy_pro\WWW\demo\index.php:5
[18-Mar-2021 16:40:58 Asia/Shanghai] PHP   3. app\controller\Faker->__construct() F:\phpstudy_pro\WWW\demo\core\Frame.php:15
[18-Mar-2021 16:40:58 Asia/Shanghai] PHP   4. array_keys(FALSE) F:\phpstudy_pro\WWW\demo\app\controller\Faker.php:17
[18-Mar-2021 16:40:58 Asia/Shanghai] PHP Warning:  include(../../GB2260.php): failed to open stream: No such file or directory in F:\phpstudy_pro\WWW\demo\app\controller\Faker.php on line 16
[18-Mar-2021 16:40:58 Asia/Shanghai] PHP Stack trace:
[18-Mar-2021 16:40:58 Asia/Shanghai] PHP   1. {main}() F:\phpstudy_pro\WWW\demo\index.php:0
[18-Mar-2021 16:40:58 Asia/Shanghai] PHP   2. core\Frame::run() F:\phpstudy_pro\WWW\demo\index.php:5
[18-Mar-2021 16:40:58 Asia/Shanghai] PHP   3. app\controller\Faker->__construct() F:\phpstudy_pro\WWW\demo\core\Frame.php:15
[18-Mar-2021 16:40:58 Asia/Shanghai] PHP Warning:  include(): Failed opening '../../GB2260.php' for inclusion (include_path='.;C:\php\pear') in F:\phpstudy_pro\WWW\demo\app\controller\Faker.php on line 16
[18-Mar-2021 16:40:58 Asia/Shanghai] PHP Stack trace:
[18-Mar-2021 16:40:58 Asia/Shanghai] PHP   1. {main}() F:\phpstudy_pro\WWW\demo\index.php:0
[18-Mar-2021 16:40:58 Asia/Shanghai] PHP   2. core\Frame::run() F:\phpstudy_pro\WWW\demo\index.php:5
[18-Mar-2021 16:40:58 Asia/Shanghai] PHP   3. app\controller\Faker->__construct() F:\phpstudy_pro\WWW\demo\core\Frame.php:15
[18-Mar-2021 16:40:58 Asia/Shanghai] PHP Warning:  array_keys() expects parameter 1 to be array, bool given in F:\phpstudy_pro\WWW\demo\app\controller\Faker.php on line 17
[18-Mar-2021 16:40:58 Asia/Shanghai] PHP Stack trace:
[18-Mar-2021 16:40:58 Asia/Shanghai] PHP   1. {main}() F:\phpstudy_pro\WWW\demo\index.php:0
[18-Mar-2021 16:40:58 Asia/Shanghai] PHP   2. core\Frame::run() F:\phpstudy_pro\WWW\demo\index.php:5
[18-Mar-2021 16:40:58 Asia/Shanghai] PHP   3. app\controller\Faker->__construct() F:\phpstudy_pro\WWW\demo\core\Frame.php:15
[18-Mar-2021 16:40:58 Asia/Shanghai] PHP   4. array_keys(FALSE) F:\phpstudy_pro\WWW\demo\app\controller\Faker.php:17
[18-Mar-2021 16:41:03 Asia/Shanghai] PHP Warning:  include(../../GB2260.php): failed to open stream: No such file or directory in F:\phpstudy_pro\WWW\demo\app\controller\Faker.php on line 16
[18-Mar-2021 16:41:03 Asia/Shanghai] PHP Stack trace:
[18-Mar-2021 16:41:03 Asia/Shanghai] PHP   1. {main}() F:\phpstudy_pro\WWW\demo\index.php:0
[18-Mar-2021 16:41:03 Asia/Shanghai] PHP   2. core\Frame::run() F:\phpstudy_pro\WWW\demo\index.php:5
[18-Mar-2021 16:41:03 Asia/Shanghai] PHP   3. app\controller\Faker->__construct() F:\phpstudy_pro\WWW\demo\core\Frame.php:15
[18-Mar-2021 16:41:03 Asia/Shanghai] PHP Warning:  include(): Failed opening '../../GB2260.php' for inclusion (include_path='.;C:\php\pear') in F:\phpstudy_pro\WWW\demo\app\controller\Faker.php on line 16
[18-Mar-2021 16:41:03 Asia/Shanghai] PHP Stack trace:
[18-Mar-2021 16:41:03 Asia/Shanghai] PHP   1. {main}() F:\phpstudy_pro\WWW\demo\index.php:0
[18-Mar-2021 16:41:03 Asia/Shanghai] PHP   2. core\Frame::run() F:\phpstudy_pro\WWW\demo\index.php:5
[18-Mar-2021 16:41:03 Asia/Shanghai] PHP   3. app\controller\Faker->__construct() F:\phpstudy_pro\WWW\demo\core\Frame.php:15
[18-Mar-2021 16:41:04 Asia/Shanghai] PHP Warning:  include(../../GB2260.php): failed to open stream: No such file or directory in F:\phpstudy_pro\WWW\demo\app\controller\Faker.php on line 16
[18-Mar-2021 16:41:04 Asia/Shanghai] PHP Stack trace:
[18-Mar-2021 16:41:04 Asia/Shanghai] PHP   1. {main}() F:\phpstudy_pro\WWW\demo\index.php:0
[18-Mar-2021 16:41:04 Asia/Shanghai] PHP   2. core\Frame::run() F:\phpstudy_pro\WWW\demo\index.php:5
[18-Mar-2021 16:41:04 Asia/Shanghai] PHP   3. app\controller\Faker->__construct() F:\phpstudy_pro\WWW\demo\core\Frame.php:15
[18-Mar-2021 16:41:04 Asia/Shanghai] PHP Warning:  include(): Failed opening '../../GB2260.php' for inclusion (include_path='.;C:\php\pear') in F:\phpstudy_pro\WWW\demo\app\controller\Faker.php on line 16
[18-Mar-2021 16:41:04 Asia/Shanghai] PHP Stack trace:
[18-Mar-2021 16:41:04 Asia/Shanghai] PHP   1. {main}() F:\phpstudy_pro\WWW\demo\index.php:0
[18-Mar-2021 16:41:04 Asia/Shanghai] PHP   2. core\Frame::run() F:\phpstudy_pro\WWW\demo\index.php:5
[18-Mar-2021 16:41:04 Asia/Shanghai] PHP   3. app\controller\Faker->__construct() F:\phpstudy_pro\WWW\demo\core\Frame.php:15
[18-Mar-2021 16:41:04 Asia/Shanghai] PHP Warning:  include(../../GB2260.php): failed to open stream: No such file or directory in F:\phpstudy_pro\WWW\demo\app\controller\Faker.php on line 16
[18-Mar-2021 16:41:04 Asia/Shanghai] PHP Stack trace:
[18-Mar-2021 16:41:04 Asia/Shanghai] PHP   1. {main}() F:\phpstudy_pro\WWW\demo\index.php:0
[18-Mar-2021 16:41:04 Asia/Shanghai] PHP   2. core\Frame::run() F:\phpstudy_pro\WWW\demo\index.php:5
[18-Mar-2021 16:41:04 Asia/Shanghai] PHP   3. app\controller\Faker->__construct() F:\phpstudy_pro\WWW\demo\core\Frame.php:15
[18-Mar-2021 16:41:04 Asia/Shanghai] PHP Warning:  include(): Failed opening '../../GB2260.php' for inclusion (include_path='.;C:\php\pear') in F:\phpstudy_pro\WWW\demo\app\controller\Faker.php on line 16
[18-Mar-2021 16:41:04 Asia/Shanghai] PHP Stack trace:
[18-Mar-2021 16:41:04 Asia/Shanghai] PHP   1. {main}() F:\phpstudy_pro\WWW\demo\index.php:0
[18-Mar-2021 16:41:04 Asia/Shanghai] PHP   2. core\Frame::run() F:\phpstudy_pro\WWW\demo\index.php:5
[18-Mar-2021 16:41:04 Asia/Shanghai] PHP   3. app\controller\Faker->__construct() F:\phpstudy_pro\WWW\demo\core\Frame.php:15
[18-Mar-2021 16:41:04 Asia/Shanghai] PHP Warning:  include(../../GB2260.php): failed to open stream: No such file or directory in F:\phpstudy_pro\WWW\demo\app\controller\Faker.php on line 16
[18-Mar-2021 16:41:04 Asia/Shanghai] PHP Stack trace:
[18-Mar-2021 16:41:04 Asia/Shanghai] PHP   1. {main}() F:\phpstudy_pro\WWW\demo\index.php:0
[18-Mar-2021 16:41:04 Asia/Shanghai] PHP   2. core\Frame::run() F:\phpstudy_pro\WWW\demo\index.php:5
[18-Mar-2021 16:41:04 Asia/Shanghai] PHP   3. app\controller\Faker->__construct() F:\phpstudy_pro\WWW\demo\core\Frame.php:15
[18-Mar-2021 16:41:04 Asia/Shanghai] PHP Warning:  include(): Failed opening '../../GB2260.php' for inclusion (include_path='.;C:\php\pear') in F:\phpstudy_pro\WWW\demo\app\controller\Faker.php on line 16
[18-Mar-2021 16:41:04 Asia/Shanghai] PHP Stack trace:
[18-Mar-2021 16:41:04 Asia/Shanghai] PHP   1. {main}() F:\phpstudy_pro\WWW\demo\index.php:0
[18-Mar-2021 16:41:04 Asia/Shanghai] PHP   2. core\Frame::run() F:\phpstudy_pro\WWW\demo\index.php:5
[18-Mar-2021 16:41:04 Asia/Shanghai] PHP   3. app\controller\Faker->__construct() F:\phpstudy_pro\WWW\demo\core\Frame.php:15
[18-Mar-2021 16:41:04 Asia/Shanghai] PHP Warning:  include(../../GB2260.php): failed to open stream: No such file or directory in F:\phpstudy_pro\WWW\demo\app\controller\Faker.php on line 16
[18-Mar-2021 16:41:04 Asia/Shanghai] PHP Stack trace:
[18-Mar-2021 16:41:04 Asia/Shanghai] PHP   1. {main}() F:\phpstudy_pro\WWW\demo\index.php:0
[18-Mar-2021 16:41:04 Asia/Shanghai] PHP   2. core\Frame::run() F:\phpstudy_pro\WWW\demo\index.php:5
[18-Mar-2021 16:41:04 Asia/Shanghai] PHP   3. app\controller\Faker->__construct() F:\phpstudy_pro\WWW\demo\core\Frame.php:15
[18-Mar-2021 16:41:04 Asia/Shanghai] PHP Warning:  include(): Failed opening '../../GB2260.php' for inclusion (include_path='.;C:\php\pear') in F:\phpstudy_pro\WWW\demo\app\controller\Faker.php on line 16
[18-Mar-2021 16:41:04 Asia/Shanghai] PHP Stack trace:
[18-Mar-2021 16:41:04 Asia/Shanghai] PHP   1. {main}() F:\phpstudy_pro\WWW\demo\index.php:0
[18-Mar-2021 16:41:04 Asia/Shanghai] PHP   2. core\Frame::run() F:\phpstudy_pro\WWW\demo\index.php:5
[18-Mar-2021 16:41:04 Asia/Shanghai] PHP   3. app\controller\Faker->__construct() F:\phpstudy_pro\WWW\demo\core\Frame.php:15
[18-Mar-2021 16:41:04 Asia/Shanghai] PHP Warning:  include(../../GB2260.php): failed to open stream: No such file or directory in F:\phpstudy_pro\WWW\demo\app\controller\Faker.php on line 16
[18-Mar-2021 16:41:04 Asia/Shanghai] PHP Stack trace:
[18-Mar-2021 16:41:04 Asia/Shanghai] PHP   1. {main}() F:\phpstudy_pro\WWW\demo\index.php:0
[18-Mar-2021 16:41:04 Asia/Shanghai] PHP   2. core\Frame::run() F:\phpstudy_pro\WWW\demo\index.php:5
[18-Mar-2021 16:41:04 Asia/Shanghai] PHP   3. app\controller\Faker->__construct() F:\phpstudy_pro\WWW\demo\core\Frame.php:15
[18-Mar-2021 16:41:04 Asia/Shanghai] PHP Warning:  include(): Failed opening '../../GB2260.php' for inclusion (include_path='.;C:\php\pear') in F:\phpstudy_pro\WWW\demo\app\controller\Faker.php on line 16
[18-Mar-2021 16:41:04 Asia/Shanghai] PHP Stack trace:
[18-Mar-2021 16:41:04 Asia/Shanghai] PHP   1. {main}() F:\phpstudy_pro\WWW\demo\index.php:0
[18-Mar-2021 16:41:04 Asia/Shanghai] PHP   2. core\Frame::run() F:\phpstudy_pro\WWW\demo\index.php:5
[18-Mar-2021 16:41:04 Asia/Shanghai] PHP   3. app\controller\Faker->__construct() F:\phpstudy_pro\WWW\demo\core\Frame.php:15
[18-Mar-2021 16:41:04 Asia/Shanghai] PHP Warning:  include(../../GB2260.php): failed to open stream: No such file or directory in F:\phpstudy_pro\WWW\demo\app\controller\Faker.php on line 16
[18-Mar-2021 16:41:04 Asia/Shanghai] PHP Stack trace:
[18-Mar-2021 16:41:04 Asia/Shanghai] PHP   1. {main}() F:\phpstudy_pro\WWW\demo\index.php:0
[18-Mar-2021 16:41:04 Asia/Shanghai] PHP   2. core\Frame::run() F:\phpstudy_pro\WWW\demo\index.php:5
[18-Mar-2021 16:41:04 Asia/Shanghai] PHP   3. app\controller\Faker->__construct() F:\phpstudy_pro\WWW\demo\core\Frame.php:15
[18-Mar-2021 16:41:04 Asia/Shanghai] PHP Warning:  include(): Failed opening '../../GB2260.php' for inclusion (include_path='.;C:\php\pear') in F:\phpstudy_pro\WWW\demo\app\controller\Faker.php on line 16
[18-Mar-2021 16:41:04 Asia/Shanghai] PHP Stack trace:
[18-Mar-2021 16:41:04 Asia/Shanghai] PHP   1. {main}() F:\phpstudy_pro\WWW\demo\index.php:0
[18-Mar-2021 16:41:04 Asia/Shanghai] PHP   2. core\Frame::run() F:\phpstudy_pro\WWW\demo\index.php:5
[18-Mar-2021 16:41:04 Asia/Shanghai] PHP   3. app\controller\Faker->__construct() F:\phpstudy_pro\WWW\demo\core\Frame.php:15
[18-Mar-2021 16:41:05 Asia/Shanghai] PHP Warning:  include(../../GB2260.php): failed to open stream: No such file or directory in F:\phpstudy_pro\WWW\demo\app\controller\Faker.php on line 16
[18-Mar-2021 16:41:05 Asia/Shanghai] PHP Stack trace:
[18-Mar-2021 16:41:05 Asia/Shanghai] PHP   1. {main}() F:\phpstudy_pro\WWW\demo\index.php:0
[18-Mar-2021 16:41:05 Asia/Shanghai] PHP   2. core\Frame::run() F:\phpstudy_pro\WWW\demo\index.php:5
[18-Mar-2021 16:41:05 Asia/Shanghai] PHP   3. app\controller\Faker->__construct() F:\phpstudy_pro\WWW\demo\core\Frame.php:15
[18-Mar-2021 16:41:05 Asia/Shanghai] PHP Warning:  include(): Failed opening '../../GB2260.php' for inclusion (include_path='.;C:\php\pear') in F:\phpstudy_pro\WWW\demo\app\controller\Faker.php on line 16
[18-Mar-2021 16:41:05 Asia/Shanghai] PHP Stack trace:
[18-Mar-2021 16:41:05 Asia/Shanghai] PHP   1. {main}() F:\phpstudy_pro\WWW\demo\index.php:0
[18-Mar-2021 16:41:05 Asia/Shanghai] PHP   2. core\Frame::run() F:\phpstudy_pro\WWW\demo\index.php:5
[18-Mar-2021 16:41:05 Asia/Shanghai] PHP   3. app\controller\Faker->__construct() F:\phpstudy_pro\WWW\demo\core\Frame.php:15
[18-Mar-2021 16:41:05 Asia/Shanghai] PHP Warning:  include(../../GB2260.php): failed to open stream: No such file or directory in F:\phpstudy_pro\WWW\demo\app\controller\Faker.php on line 16
[18-Mar-2021 16:41:05 Asia/Shanghai] PHP Stack trace:
[18-Mar-2021 16:41:05 Asia/Shanghai] PHP   1. {main}() F:\phpstudy_pro\WWW\demo\index.php:0
[18-Mar-2021 16:41:05 Asia/Shanghai] PHP   2. core\Frame::run() F:\phpstudy_pro\WWW\demo\index.php:5
[18-Mar-2021 16:41:05 Asia/Shanghai] PHP   3. app\controller\Faker->__construct() F:\phpstudy_pro\WWW\demo\core\Frame.php:15
[18-Mar-2021 16:41:05 Asia/Shanghai] PHP Warning:  include(): Failed opening '../../GB2260.php' for inclusion (include_path='.;C:\php\pear') in F:\phpstudy_pro\WWW\demo\app\controller\Faker.php on line 16
[18-Mar-2021 16:41:05 Asia/Shanghai] PHP Stack trace:
[18-Mar-2021 16:41:05 Asia/Shanghai] PHP   1. {main}() F:\phpstudy_pro\WWW\demo\index.php:0
[18-Mar-2021 16:41:05 Asia/Shanghai] PHP   2. core\Frame::run() F:\phpstudy_pro\WWW\demo\index.php:5
[18-Mar-2021 16:41:05 Asia/Shanghai] PHP   3. app\controller\Faker->__construct() F:\phpstudy_pro\WWW\demo\core\Frame.php:15
[18-Mar-2021 16:41:16 Asia/Shanghai] PHP Warning:  include(../../GB2260.php): failed to open stream: No such file or directory in F:\phpstudy_pro\WWW\demo\app\controller\Faker.php on line 16
[18-Mar-2021 16:41:16 Asia/Shanghai] PHP Stack trace:
[18-Mar-2021 16:41:16 Asia/Shanghai] PHP   1. {main}() F:\phpstudy_pro\WWW\demo\index.php:0
[18-Mar-2021 16:41:16 Asia/Shanghai] PHP   2. core\Frame::run() F:\phpstudy_pro\WWW\demo\index.php:5
[18-Mar-2021 16:41:16 Asia/Shanghai] PHP   3. app\controller\Faker->__construct() F:\phpstudy_pro\WWW\demo\core\Frame.php:15
[18-Mar-2021 16:41:16 Asia/Shanghai] PHP Warning:  include(): Failed opening '../../GB2260.php' for inclusion (include_path='.;C:\php\pear') in F:\phpstudy_pro\WWW\demo\app\controller\Faker.php on line 16
[18-Mar-2021 16:41:16 Asia/Shanghai] PHP Stack trace:
[18-Mar-2021 16:41:16 Asia/Shanghai] PHP   1. {main}() F:\phpstudy_pro\WWW\demo\index.php:0
[18-Mar-2021 16:41:16 Asia/Shanghai] PHP   2. core\Frame::run() F:\phpstudy_pro\WWW\demo\index.php:5
[18-Mar-2021 16:41:16 Asia/Shanghai] PHP   3. app\controller\Faker->__construct() F:\phpstudy_pro\WWW\demo\core\Frame.php:15
[18-Mar-2021 16:41:16 Asia/Shanghai] PHP Warning:  include(../../GB2260.php): failed to open stream: No such file or directory in F:\phpstudy_pro\WWW\demo\app\controller\Faker.php on line 16
[18-Mar-2021 16:41:16 Asia/Shanghai] PHP Stack trace:
[18-Mar-2021 16:41:16 Asia/Shanghai] PHP   1. {main}() F:\phpstudy_pro\WWW\demo\index.php:0
[18-Mar-2021 16:41:16 Asia/Shanghai] PHP   2. core\Frame::run() F:\phpstudy_pro\WWW\demo\index.php:5
[18-Mar-2021 16:41:16 Asia/Shanghai] PHP   3. app\controller\Faker->__construct() F:\phpstudy_pro\WWW\demo\core\Frame.php:15
[18-Mar-2021 16:41:16 Asia/Shanghai] PHP Warning:  include(): Failed opening '../../GB2260.php' for inclusion (include_path='.;C:\php\pear') in F:\phpstudy_pro\WWW\demo\app\controller\Faker.php on line 16
[18-Mar-2021 16:41:16 Asia/Shanghai] PHP Stack trace:
[18-Mar-2021 16:41:16 Asia/Shanghai] PHP   1. {main}() F:\phpstudy_pro\WWW\demo\index.php:0
[18-Mar-2021 16:41:16 Asia/Shanghai] PHP   2. core\Frame::run() F:\phpstudy_pro\WWW\demo\index.php:5
[18-Mar-2021 16:41:16 Asia/Shanghai] PHP   3. app\controller\Faker->__construct() F:\phpstudy_pro\WWW\demo\core\Frame.php:15
[18-Mar-2021 16:41:17 Asia/Shanghai] PHP Warning:  include(../../GB2260.php): failed to open stream: No such file or directory in F:\phpstudy_pro\WWW\demo\app\controller\Faker.php on line 16
[18-Mar-2021 16:41:17 Asia/Shanghai] PHP Stack trace:
[18-Mar-2021 16:41:17 Asia/Shanghai] PHP   1. {main}() F:\phpstudy_pro\WWW\demo\index.php:0
[18-Mar-2021 16:41:17 Asia/Shanghai] PHP   2. core\Frame::run() F:\phpstudy_pro\WWW\demo\index.php:5
[18-Mar-2021 16:41:17 Asia/Shanghai] PHP   3. app\controller\Faker->__construct() F:\phpstudy_pro\WWW\demo\core\Frame.php:15
[18-Mar-2021 16:41:17 Asia/Shanghai] PHP Warning:  include(): Failed opening '../../GB2260.php' for inclusion (include_path='.;C:\php\pear') in F:\phpstudy_pro\WWW\demo\app\controller\Faker.php on line 16
[18-Mar-2021 16:41:17 Asia/Shanghai] PHP Stack trace:
[18-Mar-2021 16:41:17 Asia/Shanghai] PHP   1. {main}() F:\phpstudy_pro\WWW\demo\index.php:0
[18-Mar-2021 16:41:17 Asia/Shanghai] PHP   2. core\Frame::run() F:\phpstudy_pro\WWW\demo\index.php:5
[18-Mar-2021 16:41:17 Asia/Shanghai] PHP   3. app\controller\Faker->__construct() F:\phpstudy_pro\WWW\demo\core\Frame.php:15
[18-Mar-2021 16:41:17 Asia/Shanghai] PHP Warning:  include(../../GB2260.php): failed to open stream: No such file or directory in F:\phpstudy_pro\WWW\demo\app\controller\Faker.php on line 16
[18-Mar-2021 16:41:17 Asia/Shanghai] PHP Stack trace:
[18-Mar-2021 16:41:17 Asia/Shanghai] PHP   1. {main}() F:\phpstudy_pro\WWW\demo\index.php:0
[18-Mar-2021 16:41:17 Asia/Shanghai] PHP   2. core\Frame::run() F:\phpstudy_pro\WWW\demo\index.php:5
[18-Mar-2021 16:41:17 Asia/Shanghai] PHP   3. app\controller\Faker->__construct() F:\phpstudy_pro\WWW\demo\core\Frame.php:15
[18-Mar-2021 16:41:17 Asia/Shanghai] PHP Warning:  include(): Failed opening '../../GB2260.php' for inclusion (include_path='.;C:\php\pear') in F:\phpstudy_pro\WWW\demo\app\controller\Faker.php on line 16
[18-Mar-2021 16:41:17 Asia/Shanghai] PHP Stack trace:
[18-Mar-2021 16:41:17 Asia/Shanghai] PHP   1. {main}() F:\phpstudy_pro\WWW\demo\index.php:0
[18-Mar-2021 16:41:17 Asia/Shanghai] PHP   2. core\Frame::run() F:\phpstudy_pro\WWW\demo\index.php:5
[18-Mar-2021 16:41:17 Asia/Shanghai] PHP   3. app\controller\Faker->__construct() F:\phpstudy_pro\WWW\demo\core\Frame.php:15
[18-Mar-2021 16:41:17 Asia/Shanghai] PHP Warning:  include(../../GB2260.php): failed to open stream: No such file or directory in F:\phpstudy_pro\WWW\demo\app\controller\Faker.php on line 16
[18-Mar-2021 16:41:17 Asia/Shanghai] PHP Stack trace:
[18-Mar-2021 16:41:17 Asia/Shanghai] PHP   1. {main}() F:\phpstudy_pro\WWW\demo\index.php:0
[18-Mar-2021 16:41:17 Asia/Shanghai] PHP   2. core\Frame::run() F:\phpstudy_pro\WWW\demo\index.php:5
[18-Mar-2021 16:41:17 Asia/Shanghai] PHP   3. app\controller\Faker->__construct() F:\phpstudy_pro\WWW\demo\core\Frame.php:15
[18-Mar-2021 16:41:17 Asia/Shanghai] PHP Warning:  include(): Failed opening '../../GB2260.php' for inclusion (include_path='.;C:\php\pear') in F:\phpstudy_pro\WWW\demo\app\controller\Faker.php on line 16
[18-Mar-2021 16:41:17 Asia/Shanghai] PHP Stack trace:
[18-Mar-2021 16:41:17 Asia/Shanghai] PHP   1. {main}() F:\phpstudy_pro\WWW\demo\index.php:0
[18-Mar-2021 16:41:17 Asia/Shanghai] PHP   2. core\Frame::run() F:\phpstudy_pro\WWW\demo\index.php:5
[18-Mar-2021 16:41:17 Asia/Shanghai] PHP   3. app\controller\Faker->__construct() F:\phpstudy_pro\WWW\demo\core\Frame.php:15
[18-Mar-2021 16:41:17 Asia/Shanghai] PHP Warning:  include(../../GB2260.php): failed to open stream: No such file or directory in F:\phpstudy_pro\WWW\demo\app\controller\Faker.php on line 16
[18-Mar-2021 16:41:17 Asia/Shanghai] PHP Stack trace:
[18-Mar-2021 16:41:17 Asia/Shanghai] PHP   1. {main}() F:\phpstudy_pro\WWW\demo\index.php:0
[18-Mar-2021 16:41:17 Asia/Shanghai] PHP   2. core\Frame::run() F:\phpstudy_pro\WWW\demo\index.php:5
[18-Mar-2021 16:41:17 Asia/Shanghai] PHP   3. app\controller\Faker->__construct() F:\phpstudy_pro\WWW\demo\core\Frame.php:15
[18-Mar-2021 16:41:17 Asia/Shanghai] PHP Warning:  include(): Failed opening '../../GB2260.php' for inclusion (include_path='.;C:\php\pear') in F:\phpstudy_pro\WWW\demo\app\controller\Faker.php on line 16
[18-Mar-2021 16:41:17 Asia/Shanghai] PHP Stack trace:
[18-Mar-2021 16:41:17 Asia/Shanghai] PHP   1. {main}() F:\phpstudy_pro\WWW\demo\index.php:0
[18-Mar-2021 16:41:17 Asia/Shanghai] PHP   2. core\Frame::run() F:\phpstudy_pro\WWW\demo\index.php:5
[18-Mar-2021 16:41:17 Asia/Shanghai] PHP   3. app\controller\Faker->__construct() F:\phpstudy_pro\WWW\demo\core\Frame.php:15
[18-Mar-2021 16:41:17 Asia/Shanghai] PHP Warning:  include(../../GB2260.php): failed to open stream: No such file or directory in F:\phpstudy_pro\WWW\demo\app\controller\Faker.php on line 16
[18-Mar-2021 16:41:17 Asia/Shanghai] PHP Stack trace:
[18-Mar-2021 16:41:17 Asia/Shanghai] PHP   1. {main}() F:\phpstudy_pro\WWW\demo\index.php:0
[18-Mar-2021 16:41:17 Asia/Shanghai] PHP   2. core\Frame::run() F:\phpstudy_pro\WWW\demo\index.php:5
[18-Mar-2021 16:41:17 Asia/Shanghai] PHP   3. app\controller\Faker->__construct() F:\phpstudy_pro\WWW\demo\core\Frame.php:15
[18-Mar-2021 16:41:17 Asia/Shanghai] PHP Warning:  include(): Failed opening '../../GB2260.php' for inclusion (include_path='.;C:\php\pear') in F:\phpstudy_pro\WWW\demo\app\controller\Faker.php on line 16
[18-Mar-2021 16:41:17 Asia/Shanghai] PHP Stack trace:
[18-Mar-2021 16:41:17 Asia/Shanghai] PHP   1. {main}() F:\phpstudy_pro\WWW\demo\index.php:0
[18-Mar-2021 16:41:17 Asia/Shanghai] PHP   2. core\Frame::run() F:\phpstudy_pro\WWW\demo\index.php:5
[18-Mar-2021 16:41:17 Asia/Shanghai] PHP   3. app\controller\Faker->__construct() F:\phpstudy_pro\WWW\demo\core\Frame.php:15
[18-Mar-2021 16:41:17 Asia/Shanghai] PHP Warning:  include(../../GB2260.php): failed to open stream: No such file or directory in F:\phpstudy_pro\WWW\demo\app\controller\Faker.php on line 16
[18-Mar-2021 16:41:17 Asia/Shanghai] PHP Stack trace:
[18-Mar-2021 16:41:17 Asia/Shanghai] PHP   1. {main}() F:\phpstudy_pro\WWW\demo\index.php:0
[18-Mar-2021 16:41:17 Asia/Shanghai] PHP   2. core\Frame::run() F:\phpstudy_pro\WWW\demo\index.php:5
[18-Mar-2021 16:41:17 Asia/Shanghai] PHP   3. app\controller\Faker->__construct() F:\phpstudy_pro\WWW\demo\core\Frame.php:15
[18-Mar-2021 16:41:17 Asia/Shanghai] PHP Warning:  include(): Failed opening '../../GB2260.php' for inclusion (include_path='.;C:\php\pear') in F:\phpstudy_pro\WWW\demo\app\controller\Faker.php on line 16
[18-Mar-2021 16:41:17 Asia/Shanghai] PHP Stack trace:
[18-Mar-2021 16:41:17 Asia/Shanghai] PHP   1. {main}() F:\phpstudy_pro\WWW\demo\index.php:0
[18-Mar-2021 16:41:17 Asia/Shanghai] PHP   2. core\Frame::run() F:\phpstudy_pro\WWW\demo\index.php:5
[18-Mar-2021 16:41:17 Asia/Shanghai] PHP   3. app\controller\Faker->__construct() F:\phpstudy_pro\WWW\demo\core\Frame.php:15
[18-Mar-2021 16:41:18 Asia/Shanghai] PHP Warning:  include(../../GB2260.php): failed to open stream: No such file or directory in F:\phpstudy_pro\WWW\demo\app\controller\Faker.php on line 16
[18-Mar-2021 16:41:18 Asia/Shanghai] PHP Stack trace:
[18-Mar-2021 16:41:18 Asia/Shanghai] PHP   1. {main}() F:\phpstudy_pro\WWW\demo\index.php:0
[18-Mar-2021 16:41:18 Asia/Shanghai] PHP   2. core\Frame::run() F:\phpstudy_pro\WWW\demo\index.php:5
[18-Mar-2021 16:41:18 Asia/Shanghai] PHP   3. app\controller\Faker->__construct() F:\phpstudy_pro\WWW\demo\core\Frame.php:15
[18-Mar-2021 16:41:18 Asia/Shanghai] PHP Warning:  include(): Failed opening '../../GB2260.php' for inclusion (include_path='.;C:\php\pear') in F:\phpstudy_pro\WWW\demo\app\controller\Faker.php on line 16
[18-Mar-2021 16:41:18 Asia/Shanghai] PHP Stack trace:
[18-Mar-2021 16:41:18 Asia/Shanghai] PHP   1. {main}() F:\phpstudy_pro\WWW\demo\index.php:0
[18-Mar-2021 16:41:18 Asia/Shanghai] PHP   2. core\Frame::run() F:\phpstudy_pro\WWW\demo\index.php:5
[18-Mar-2021 16:41:18 Asia/Shanghai] PHP   3. app\controller\Faker->__construct() F:\phpstudy_pro\WWW\demo\core\Frame.php:15
[18-Mar-2021 16:41:18 Asia/Shanghai] PHP Warning:  include(../../GB2260.php): failed to open stream: No such file or directory in F:\phpstudy_pro\WWW\demo\app\controller\Faker.php on line 16
[18-Mar-2021 16:41:18 Asia/Shanghai] PHP Stack trace:
[18-Mar-2021 16:41:18 Asia/Shanghai] PHP   1. {main}() F:\phpstudy_pro\WWW\demo\index.php:0
[18-Mar-2021 16:41:18 Asia/Shanghai] PHP   2. core\Frame::run() F:\phpstudy_pro\WWW\demo\index.php:5
[18-Mar-2021 16:41:18 Asia/Shanghai] PHP   3. app\controller\Faker->__construct() F:\phpstudy_pro\WWW\demo\core\Frame.php:15
[18-Mar-2021 16:41:18 Asia/Shanghai] PHP Warning:  include(): Failed opening '../../GB2260.php' for inclusion (include_path='.;C:\php\pear') in F:\phpstudy_pro\WWW\demo\app\controller\Faker.php on line 16
[18-Mar-2021 16:41:18 Asia/Shanghai] PHP Stack trace:
[18-Mar-2021 16:41:18 Asia/Shanghai] PHP   1. {main}() F:\phpstudy_pro\WWW\demo\index.php:0
[18-Mar-2021 16:41:18 Asia/Shanghai] PHP   2. core\Frame::run() F:\phpstudy_pro\WWW\demo\index.php:5
[18-Mar-2021 16:41:18 Asia/Shanghai] PHP   3. app\controller\Faker->__construct() F:\phpstudy_pro\WWW\demo\core\Frame.php:15
[18-Mar-2021 16:41:18 Asia/Shanghai] PHP Warning:  include(../../GB2260.php): failed to open stream: No such file or directory in F:\phpstudy_pro\WWW\demo\app\controller\Faker.php on line 16
[18-Mar-2021 16:41:18 Asia/Shanghai] PHP Stack trace:
[18-Mar-2021 16:41:18 Asia/Shanghai] PHP   1. {main}() F:\phpstudy_pro\WWW\demo\index.php:0
[18-Mar-2021 16:41:18 Asia/Shanghai] PHP   2. core\Frame::run() F:\phpstudy_pro\WWW\demo\index.php:5
[18-Mar-2021 16:41:18 Asia/Shanghai] PHP   3. app\controller\Faker->__construct() F:\phpstudy_pro\WWW\demo\core\Frame.php:15
[18-Mar-2021 16:41:18 Asia/Shanghai] PHP Warning:  include(): Failed opening '../../GB2260.php' for inclusion (include_path='.;C:\php\pear') in F:\phpstudy_pro\WWW\demo\app\controller\Faker.php on line 16
[18-Mar-2021 16:41:18 Asia/Shanghai] PHP Stack trace:
[18-Mar-2021 16:41:18 Asia/Shanghai] PHP   1. {main}() F:\phpstudy_pro\WWW\demo\index.php:0
[18-Mar-2021 16:41:18 Asia/Shanghai] PHP   2. core\Frame::run() F:\phpstudy_pro\WWW\demo\index.php:5
[18-Mar-2021 16:41:18 Asia/Shanghai] PHP   3. app\controller\Faker->__construct() F:\phpstudy_pro\WWW\demo\core\Frame.php:15
[18-Mar-2021 16:41:18 Asia/Shanghai] PHP Warning:  include(../../GB2260.php): failed to open stream: No such file or directory in F:\phpstudy_pro\WWW\demo\app\controller\Faker.php on line 16
[18-Mar-2021 16:41:18 Asia/Shanghai] PHP Stack trace:
[18-Mar-2021 16:41:18 Asia/Shanghai] PHP   1. {main}() F:\phpstudy_pro\WWW\demo\index.php:0
[18-Mar-2021 16:41:18 Asia/Shanghai] PHP   2. core\Frame::run() F:\phpstudy_pro\WWW\demo\index.php:5
[18-Mar-2021 16:41:18 Asia/Shanghai] PHP   3. app\controller\Faker->__construct() F:\phpstudy_pro\WWW\demo\core\Frame.php:15
[18-Mar-2021 16:41:18 Asia/Shanghai] PHP Warning:  include(): Failed opening '../../GB2260.php' for inclusion (include_path='.;C:\php\pear') in F:\phpstudy_pro\WWW\demo\app\controller\Faker.php on line 16
[18-Mar-2021 16:41:18 Asia/Shanghai] PHP Stack trace:
[18-Mar-2021 16:41:18 Asia/Shanghai] PHP   1. {main}() F:\phpstudy_pro\WWW\demo\index.php:0
[18-Mar-2021 16:41:18 Asia/Shanghai] PHP   2. core\Frame::run() F:\phpstudy_pro\WWW\demo\index.php:5
[18-Mar-2021 16:41:18 Asia/Shanghai] PHP   3. app\controller\Faker->__construct() F:\phpstudy_pro\WWW\demo\core\Frame.php:15
[18-Mar-2021 16:41:18 Asia/Shanghai] PHP Warning:  include(../../GB2260.php): failed to open stream: No such file or directory in F:\phpstudy_pro\WWW\demo\app\controller\Faker.php on line 16
[18-Mar-2021 16:41:18 Asia/Shanghai] PHP Stack trace:
[18-Mar-2021 16:41:18 Asia/Shanghai] PHP   1. {main}() F:\phpstudy_pro\WWW\demo\index.php:0
[18-Mar-2021 16:41:18 Asia/Shanghai] PHP   2. core\Frame::run() F:\phpstudy_pro\WWW\demo\index.php:5
[18-Mar-2021 16:41:18 Asia/Shanghai] PHP   3. app\controller\Faker->__construct() F:\phpstudy_pro\WWW\demo\core\Frame.php:15
[18-Mar-2021 16:41:18 Asia/Shanghai] PHP Warning:  include(): Failed opening '../../GB2260.php' for inclusion (include_path='.;C:\php\pear') in F:\phpstudy_pro\WWW\demo\app\controller\Faker.php on line 16
[18-Mar-2021 16:41:18 Asia/Shanghai] PHP Stack trace:
[18-Mar-2021 16:41:18 Asia/Shanghai] PHP   1. {main}() F:\phpstudy_pro\WWW\demo\index.php:0
[18-Mar-2021 16:41:18 Asia/Shanghai] PHP   2. core\Frame::run() F:\phpstudy_pro\WWW\demo\index.php:5
[18-Mar-2021 16:41:18 Asia/Shanghai] PHP   3. app\controller\Faker->__construct() F:\phpstudy_pro\WWW\demo\core\Frame.php:15
[18-Mar-2021 16:42:20 Asia/Shanghai] PHP Warning:  include(../../GB2260.php): failed to open stream: No such file or directory in F:\phpstudy_pro\WWW\demo\app\controller\Faker.php on line 16
[18-Mar-2021 16:42:20 Asia/Shanghai] PHP Stack trace:
[18-Mar-2021 16:42:20 Asia/Shanghai] PHP   1. {main}() F:\phpstudy_pro\WWW\demo\index.php:0
[18-Mar-2021 16:42:20 Asia/Shanghai] PHP   2. core\Frame::run() F:\phpstudy_pro\WWW\demo\index.php:5
[18-Mar-2021 16:42:20 Asia/Shanghai] PHP   3. app\controller\Faker->__construct() F:\phpstudy_pro\WWW\demo\core\Frame.php:15
[18-Mar-2021 16:42:20 Asia/Shanghai] PHP Warning:  include(): Failed opening '../../GB2260.php' for inclusion (include_path='.;C:\php\pear') in F:\phpstudy_pro\WWW\demo\app\controller\Faker.php on line 16
[18-Mar-2021 16:42:20 Asia/Shanghai] PHP Stack trace:
[18-Mar-2021 16:42:20 Asia/Shanghai] PHP   1. {main}() F:\phpstudy_pro\WWW\demo\index.php:0
[18-Mar-2021 16:42:20 Asia/Shanghai] PHP   2. core\Frame::run() F:\phpstudy_pro\WWW\demo\index.php:5
[18-Mar-2021 16:42:20 Asia/Shanghai] PHP   3. app\controller\Faker->__construct() F:\phpstudy_pro\WWW\demo\core\Frame.php:15
[18-Mar-2021 16:42:20 Asia/Shanghai] PHP Warning:  include(../../GB2260.php): failed to open stream: No such file or directory in F:\phpstudy_pro\WWW\demo\app\controller\Faker.php on line 16
[18-Mar-2021 16:42:20 Asia/Shanghai] PHP Stack trace:
[18-Mar-2021 16:42:20 Asia/Shanghai] PHP   1. {main}() F:\phpstudy_pro\WWW\demo\index.php:0
[18-Mar-2021 16:42:20 Asia/Shanghai] PHP   2. core\Frame::run() F:\phpstudy_pro\WWW\demo\index.php:5
[18-Mar-2021 16:42:20 Asia/Shanghai] PHP   3. app\controller\Faker->__construct() F:\phpstudy_pro\WWW\demo\core\Frame.php:15
[18-Mar-2021 16:42:20 Asia/Shanghai] PHP Warning:  include(): Failed opening '../../GB2260.php' for inclusion (include_path='.;C:\php\pear') in F:\phpstudy_pro\WWW\demo\app\controller\Faker.php on line 16
[18-Mar-2021 16:42:20 Asia/Shanghai] PHP Stack trace:
[18-Mar-2021 16:42:20 Asia/Shanghai] PHP   1. {main}() F:\phpstudy_pro\WWW\demo\index.php:0
[18-Mar-2021 16:42:20 Asia/Shanghai] PHP   2. core\Frame::run() F:\phpstudy_pro\WWW\demo\index.php:5
[18-Mar-2021 16:42:20 Asia/Shanghai] PHP   3. app\controller\Faker->__construct() F:\phpstudy_pro\WWW\demo\core\Frame.php:15
[18-Mar-2021 17:09:45 Asia/Shanghai] PHP Fatal error:  Uncaught InvalidArgumentException: randomNumber() generates numbers of fixed width. To generate numbers between two boundaries, use numberBetween() instead. in F:\phpstudy_pro\WWW\demo\vendor\fzaninotto\faker\src\Faker\Provider\Base.php:79
Stack trace:
#0 [internal function]: Faker\Provider\Base::randomNumber(10, 20)
#1 F:\phpstudy_pro\WWW\demo\vendor\fzaninotto\faker\src\Faker\Generator.php(230): call_user_func_array(Array, Array)
#2 F:\phpstudy_pro\WWW\demo\vendor\fzaninotto\faker\src\Faker\Generator.php(287): Faker\Generator->format('randomNumber', Array)
#3 F:\phpstudy_pro\WWW\demo\app\controller\Faker.php(32): Faker\Generator->__call('randomNumber', Array)
#4 F:\phpstudy_pro\WWW\demo\core\Frame.php(15): app\controller\Faker->run()
#5 F:\phpstudy_pro\WWW\demo\index.php(5): core\Frame::run()
#6 {main}
  thrown in F:\phpstudy_pro\WWW\demo\vendor\fzaninotto\faker\src\Faker\Provider\Base.php on line 79
[18-Mar-2021 17:09:46 Asia/Shanghai] PHP Fatal error:  Uncaught InvalidArgumentException: randomNumber() generates numbers of fixed width. To generate numbers between two boundaries, use numberBetween() instead. in F:\phpstudy_pro\WWW\demo\vendor\fzaninotto\faker\src\Faker\Provider\Base.php:79
Stack trace:
#0 [internal function]: Faker\Provider\Base::randomNumber(10, 20)
#1 F:\phpstudy_pro\WWW\demo\vendor\fzaninotto\faker\src\Faker\Generator.php(230): call_user_func_array(Array, Array)
#2 F:\phpstudy_pro\WWW\demo\vendor\fzaninotto\faker\src\Faker\Generator.php(287): Faker\Generator->format('randomNumber', Array)
#3 F:\phpstudy_pro\WWW\demo\app\controller\Faker.php(32): Faker\Generator->__call('randomNumber', Array)
#4 F:\phpstudy_pro\WWW\demo\core\Frame.php(15): app\controller\Faker->run()
#5 F:\phpstudy_pro\WWW\demo\index.php(5): core\Frame::run()
#6 {main}
  thrown in F:\phpstudy_pro\WWW\demo\vendor\fzaninotto\faker\src\Faker\Provider\Base.php on line 79
[18-Mar-2021 17:09:46 Asia/Shanghai] PHP Fatal error:  Uncaught InvalidArgumentException: randomNumber() generates numbers of fixed width. To generate numbers between two boundaries, use numberBetween() instead. in F:\phpstudy_pro\WWW\demo\vendor\fzaninotto\faker\src\Faker\Provider\Base.php:79
Stack trace:
#0 [internal function]: Faker\Provider\Base::randomNumber(10, 20)
#1 F:\phpstudy_pro\WWW\demo\vendor\fzaninotto\faker\src\Faker\Generator.php(230): call_user_func_array(Array, Array)
#2 F:\phpstudy_pro\WWW\demo\vendor\fzaninotto\faker\src\Faker\Generator.php(287): Faker\Generator->format('randomNumber', Array)
#3 F:\phpstudy_pro\WWW\demo\app\controller\Faker.php(32): Faker\Generator->__call('randomNumber', Array)
#4 F:\phpstudy_pro\WWW\demo\core\Frame.php(15): app\controller\Faker->run()
#5 F:\phpstudy_pro\WWW\demo\index.php(5): core\Frame::run()
#6 {main}
  thrown in F:\phpstudy_pro\WWW\demo\vendor\fzaninotto\faker\src\Faker\Provider\Base.php on line 79
[18-Mar-2021 17:09:46 Asia/Shanghai] PHP Fatal error:  Uncaught InvalidArgumentException: randomNumber() generates numbers of fixed width. To generate numbers between two boundaries, use numberBetween() instead. in F:\phpstudy_pro\WWW\demo\vendor\fzaninotto\faker\src\Faker\Provider\Base.php:79
Stack trace:
#0 [internal function]: Faker\Provider\Base::randomNumber(10, 20)
#1 F:\phpstudy_pro\WWW\demo\vendor\fzaninotto\faker\src\Faker\Generator.php(230): call_user_func_array(Array, Array)
#2 F:\phpstudy_pro\WWW\demo\vendor\fzaninotto\faker\src\Faker\Generator.php(287): Faker\Generator->format('randomNumber', Array)
#3 F:\phpstudy_pro\WWW\demo\app\controller\Faker.php(32): Faker\Generator->__call('randomNumber', Array)
#4 F:\phpstudy_pro\WWW\demo\core\Frame.php(15): app\controller\Faker->run()
#5 F:\phpstudy_pro\WWW\demo\index.php(5): core\Frame::run()
#6 {main}
  thrown in F:\phpstudy_pro\WWW\demo\vendor\fzaninotto\faker\src\Faker\Provider\Base.php on line 79
[19-Mar-2021 09:26:10 Asia/Shanghai] PHP Fatal error:  Uncaught ArgumentCountError: Too few arguments to function Faker\Provider\Base::randomDigitNot(), 0 passed and exactly 1 expected in F:\phpstudy_pro\WWW\demo\vendor\fzaninotto\faker\src\Faker\Provider\Base.php:56
Stack trace:
#0 [internal function]: Faker\Provider\Base::randomDigitNot()
#1 F:\phpstudy_pro\WWW\demo\vendor\fzaninotto\faker\src\Faker\Generator.php(230): call_user_func_array(Array, Array)
#2 F:\phpstudy_pro\WWW\demo\vendor\fzaninotto\faker\src\Faker\Generator.php(276): Faker\Generator->format('randomDigitNot')
#3 F:\phpstudy_pro\WWW\demo\app\controller\Faker.php(32): Faker\Generator->__get('randomDigitNot')
#4 F:\phpstudy_pro\WWW\demo\core\Frame.php(15): app\controller\Faker->run()
#5 F:\phpstudy_pro\WWW\demo\index.php(5): core\Frame::run()
#6 {main}
  thrown in F:\phpstudy_pro\WWW\demo\vendor\fzaninotto\faker\src\Faker\Provider\Base.php on line 56
[19-Mar-2021 09:26:10 Asia/Shanghai] PHP Fatal error:  Uncaught ArgumentCountError: Too few arguments to function Faker\Provider\Base::randomDigitNot(), 0 passed and exactly 1 expected in F:\phpstudy_pro\WWW\demo\vendor\fzaninotto\faker\src\Faker\Provider\Base.php:56
Stack trace:
#0 [internal function]: Faker\Provider\Base::randomDigitNot()
#1 F:\phpstudy_pro\WWW\demo\vendor\fzaninotto\faker\src\Faker\Generator.php(230): call_user_func_array(Array, Array)
#2 F:\phpstudy_pro\WWW\demo\vendor\fzaninotto\faker\src\Faker\Generator.php(276): Faker\Generator->format('randomDigitNot')
#3 F:\phpstudy_pro\WWW\demo\app\controller\Faker.php(32): Faker\Generator->__get('randomDigitNot')
#4 F:\phpstudy_pro\WWW\demo\core\Frame.php(15): app\controller\Faker->run()
#5 F:\phpstudy_pro\WWW\demo\index.php(5): core\Frame::run()
#6 {main}
  thrown in F:\phpstudy_pro\WWW\demo\vendor\fzaninotto\faker\src\Faker\Provider\Base.php on line 56
[19-Mar-2021 09:26:11 Asia/Shanghai] PHP Fatal error:  Uncaught ArgumentCountError: Too few arguments to function Faker\Provider\Base::randomDigitNot(), 0 passed and exactly 1 expected in F:\phpstudy_pro\WWW\demo\vendor\fzaninotto\faker\src\Faker\Provider\Base.php:56
Stack trace:
#0 [internal function]: Faker\Provider\Base::randomDigitNot()
#1 F:\phpstudy_pro\WWW\demo\vendor\fzaninotto\faker\src\Faker\Generator.php(230): call_user_func_array(Array, Array)
#2 F:\phpstudy_pro\WWW\demo\vendor\fzaninotto\faker\src\Faker\Generator.php(276): Faker\Generator->format('randomDigitNot')
#3 F:\phpstudy_pro\WWW\demo\app\controller\Faker.php(32): Faker\Generator->__get('randomDigitNot')
#4 F:\phpstudy_pro\WWW\demo\core\Frame.php(15): app\controller\Faker->run()
#5 F:\phpstudy_pro\WWW\demo\index.php(5): core\Frame::run()
#6 {main}
  thrown in F:\phpstudy_pro\WWW\demo\vendor\fzaninotto\faker\src\Faker\Provider\Base.php on line 56
[19-Mar-2021 09:26:30 Asia/Shanghai] PHP Fatal error:  Uncaught ArgumentCountError: Too few arguments to function Faker\Provider\Base::randomDigitNot(), 0 passed and exactly 1 expected in F:\phpstudy_pro\WWW\demo\vendor\fzaninotto\faker\src\Faker\Provider\Base.php:56
Stack trace:
#0 [internal function]: Faker\Provider\Base::randomDigitNot()
#1 F:\phpstudy_pro\WWW\demo\vendor\fzaninotto\faker\src\Faker\Generator.php(230): call_user_func_array(Array, Array)
#2 F:\phpstudy_pro\WWW\demo\vendor\fzaninotto\faker\src\Faker\Generator.php(276): Faker\Generator->format('randomDigitNot')
#3 F:\phpstudy_pro\WWW\demo\app\controller\Faker.php(32): Faker\Generator->__get('randomDigitNot')
#4 F:\phpstudy_pro\WWW\demo\core\Frame.php(15): app\controller\Faker->run()
#5 F:\phpstudy_pro\WWW\demo\index.php(5): core\Frame::run()
#6 {main}
  thrown in F:\phpstudy_pro\WWW\demo\vendor\fzaninotto\faker\src\Faker\Provider\Base.php on line 56
[19-Mar-2021 09:26:31 Asia/Shanghai] PHP Fatal error:  Uncaught ArgumentCountError: Too few arguments to function Faker\Provider\Base::randomDigitNot(), 0 passed and exactly 1 expected in F:\phpstudy_pro\WWW\demo\vendor\fzaninotto\faker\src\Faker\Provider\Base.php:56
Stack trace:
#0 [internal function]: Faker\Provider\Base::randomDigitNot()
#1 F:\phpstudy_pro\WWW\demo\vendor\fzaninotto\faker\src\Faker\Generator.php(230): call_user_func_array(Array, Array)
#2 F:\phpstudy_pro\WWW\demo\vendor\fzaninotto\faker\src\Faker\Generator.php(276): Faker\Generator->format('randomDigitNot')
#3 F:\phpstudy_pro\WWW\demo\app\controller\Faker.php(32): Faker\Generator->__get('randomDigitNot')
#4 F:\phpstudy_pro\WWW\demo\core\Frame.php(15): app\controller\Faker->run()
#5 F:\phpstudy_pro\WWW\demo\index.php(5): core\Frame::run()
#6 {main}
  thrown in F:\phpstudy_pro\WWW\demo\vendor\fzaninotto\faker\src\Faker\Provider\Base.php on line 56
[19-Mar-2021 09:46:39 Asia/Shanghai] PHP Fatal error:  Uncaught InvalidArgumentException: randomNumber() generates numbers of fixed width. To generate numbers between two boundaries, use numberBetween() instead. in F:\phpstudy_pro\WWW\demo\vendor\fzaninotto\faker\src\Faker\Provider\Base.php:79
Stack trace:
#0 [internal function]: Faker\Provider\Base::randomNumber(10, 20)
#1 F:\phpstudy_pro\WWW\demo\vendor\fzaninotto\faker\src\Faker\Generator.php(230): call_user_func_array(Array, Array)
#2 F:\phpstudy_pro\WWW\demo\vendor\fzaninotto\faker\src\Faker\Generator.php(287): Faker\Generator->format('randomNumber', Array)
#3 F:\phpstudy_pro\WWW\demo\app\controller\Faker.php(34): Faker\Generator->__call('randomNumber', Array)
#4 F:\phpstudy_pro\WWW\demo\core\Frame.php(15): app\controller\Faker->run()
#5 F:\phpstudy_pro\WWW\demo\index.php(5): core\Frame::run()
#6 {main}
  thrown in F:\phpstudy_pro\WWW\demo\vendor\fzaninotto\faker\src\Faker\Provider\Base.php on line 79
[19-Mar-2021 09:46:39 Asia/Shanghai] PHP Fatal error:  Uncaught InvalidArgumentException: randomNumber() generates numbers of fixed width. To generate numbers between two boundaries, use numberBetween() instead. in F:\phpstudy_pro\WWW\demo\vendor\fzaninotto\faker\src\Faker\Provider\Base.php:79
Stack trace:
#0 [internal function]: Faker\Provider\Base::randomNumber(10, 20)
#1 F:\phpstudy_pro\WWW\demo\vendor\fzaninotto\faker\src\Faker\Generator.php(230): call_user_func_array(Array, Array)
#2 F:\phpstudy_pro\WWW\demo\vendor\fzaninotto\faker\src\Faker\Generator.php(287): Faker\Generator->format('randomNumber', Array)
#3 F:\phpstudy_pro\WWW\demo\app\controller\Faker.php(34): Faker\Generator->__call('randomNumber', Array)
#4 F:\phpstudy_pro\WWW\demo\core\Frame.php(15): app\controller\Faker->run()
#5 F:\phpstudy_pro\WWW\demo\index.php(5): core\Frame::run()
#6 {main}
  thrown in F:\phpstudy_pro\WWW\demo\vendor\fzaninotto\faker\src\Faker\Provider\Base.php on line 79
[19-Mar-2021 09:46:39 Asia/Shanghai] PHP Fatal error:  Uncaught InvalidArgumentException: randomNumber() generates numbers of fixed width. To generate numbers between two boundaries, use numberBetween() instead. in F:\phpstudy_pro\WWW\demo\vendor\fzaninotto\faker\src\Faker\Provider\Base.php:79
Stack trace:
#0 [internal function]: Faker\Provider\Base::randomNumber(10, 20)
#1 F:\phpstudy_pro\WWW\demo\vendor\fzaninotto\faker\src\Faker\Generator.php(230): call_user_func_array(Array, Array)
#2 F:\phpstudy_pro\WWW\demo\vendor\fzaninotto\faker\src\Faker\Generator.php(287): Faker\Generator->format('randomNumber', Array)
#3 F:\phpstudy_pro\WWW\demo\app\controller\Faker.php(34): Faker\Generator->__call('randomNumber', Array)
#4 F:\phpstudy_pro\WWW\demo\core\Frame.php(15): app\controller\Faker->run()
#5 F:\phpstudy_pro\WWW\demo\index.php(5): core\Frame::run()
#6 {main}
  thrown in F:\phpstudy_pro\WWW\demo\vendor\fzaninotto\faker\src\Faker\Provider\Base.php on line 79
[19-Mar-2021 09:46:40 Asia/Shanghai] PHP Fatal error:  Uncaught InvalidArgumentException: randomNumber() generates numbers of fixed width. To generate numbers between two boundaries, use numberBetween() instead. in F:\phpstudy_pro\WWW\demo\vendor\fzaninotto\faker\src\Faker\Provider\Base.php:79
Stack trace:
#0 [internal function]: Faker\Provider\Base::randomNumber(10, 20)
#1 F:\phpstudy_pro\WWW\demo\vendor\fzaninotto\faker\src\Faker\Generator.php(230): call_user_func_array(Array, Array)
#2 F:\phpstudy_pro\WWW\demo\vendor\fzaninotto\faker\src\Faker\Generator.php(287): Faker\Generator->format('randomNumber', Array)
#3 F:\phpstudy_pro\WWW\demo\app\controller\Faker.php(34): Faker\Generator->__call('randomNumber', Array)
#4 F:\phpstudy_pro\WWW\demo\core\Frame.php(15): app\controller\Faker->run()
#5 F:\phpstudy_pro\WWW\demo\index.php(5): core\Frame::run()
#6 {main}
  thrown in F:\phpstudy_pro\WWW\demo\vendor\fzaninotto\faker\src\Faker\Provider\Base.php on line 79
[19-Mar-2021 09:46:40 Asia/Shanghai] PHP Fatal error:  Uncaught InvalidArgumentException: randomNumber() generates numbers of fixed width. To generate numbers between two boundaries, use numberBetween() instead. in F:\phpstudy_pro\WWW\demo\vendor\fzaninotto\faker\src\Faker\Provider\Base.php:79
Stack trace:
#0 [internal function]: Faker\Provider\Base::randomNumber(10, 20)
#1 F:\phpstudy_pro\WWW\demo\vendor\fzaninotto\faker\src\Faker\Generator.php(230): call_user_func_array(Array, Array)
#2 F:\phpstudy_pro\WWW\demo\vendor\fzaninotto\faker\src\Faker\Generator.php(287): Faker\Generator->format('randomNumber', Array)
#3 F:\phpstudy_pro\WWW\demo\app\controller\Faker.php(34): Faker\Generator->__call('randomNumber', Array)
#4 F:\phpstudy_pro\WWW\demo\core\Frame.php(15): app\controller\Faker->run()
#5 F:\phpstudy_pro\WWW\demo\index.php(5): core\Frame::run()
#6 {main}
  thrown in F:\phpstudy_pro\WWW\demo\vendor\fzaninotto\faker\src\Faker\Provider\Base.php on line 79
[19-Mar-2021 09:46:40 Asia/Shanghai] PHP Fatal error:  Uncaught InvalidArgumentException: randomNumber() generates numbers of fixed width. To generate numbers between two boundaries, use numberBetween() instead. in F:\phpstudy_pro\WWW\demo\vendor\fzaninotto\faker\src\Faker\Provider\Base.php:79
Stack trace:
#0 [internal function]: Faker\Provider\Base::randomNumber(10, 20)
#1 F:\phpstudy_pro\WWW\demo\vendor\fzaninotto\faker\src\Faker\Generator.php(230): call_user_func_array(Array, Array)
#2 F:\phpstudy_pro\WWW\demo\vendor\fzaninotto\faker\src\Faker\Generator.php(287): Faker\Generator->format('randomNumber', Array)
#3 F:\phpstudy_pro\WWW\demo\app\controller\Faker.php(34): Faker\Generator->__call('randomNumber', Array)
#4 F:\phpstudy_pro\WWW\demo\core\Frame.php(15): app\controller\Faker->run()
#5 F:\phpstudy_pro\WWW\demo\index.php(5): core\Frame::run()
#6 {main}
  thrown in F:\phpstudy_pro\WWW\demo\vendor\fzaninotto\faker\src\Faker\Provider\Base.php on line 79
[19-Mar-2021 10:05:08 Asia/Shanghai] PHP Catchable fatal error:  Object of class Faker\DefaultGenerator could not be converted to string in F:\phpstudy_pro\WWW\demo\app\Common.php on line 10
[19-Mar-2021 10:05:08 Asia/Shanghai] PHP Stack trace:
[19-Mar-2021 10:05:08 Asia/Shanghai] PHP   1. {main}() F:\phpstudy_pro\WWW\demo\index.php:0
[19-Mar-2021 10:05:08 Asia/Shanghai] PHP   2. core\Frame::run() F:\phpstudy_pro\WWW\demo\index.php:5
[19-Mar-2021 10:05:08 Asia/Shanghai] PHP   3. app\controller\Faker->run() F:\phpstudy_pro\WWW\demo\core\Frame.php:15
[19-Mar-2021 10:05:08 Asia/Shanghai] PHP   4. ec($info = class Faker\DefaultGenerator { protected $default = NULL }) F:\phpstudy_pro\WWW\demo\app\controller\Faker.php:48
[19-Mar-2021 10:05:08 Asia/Shanghai] PHP Catchable fatal error:  Object of class Faker\DefaultGenerator could not be converted to string in F:\phpstudy_pro\WWW\demo\app\Common.php on line 10
[19-Mar-2021 10:05:08 Asia/Shanghai] PHP Stack trace:
[19-Mar-2021 10:05:08 Asia/Shanghai] PHP   1. {main}() F:\phpstudy_pro\WWW\demo\index.php:0
[19-Mar-2021 10:05:08 Asia/Shanghai] PHP   2. core\Frame::run() F:\phpstudy_pro\WWW\demo\index.php:5
[19-Mar-2021 10:05:08 Asia/Shanghai] PHP   3. app\controller\Faker->run() F:\phpstudy_pro\WWW\demo\core\Frame.php:15
[19-Mar-2021 10:05:08 Asia/Shanghai] PHP   4. ec($info = class Faker\DefaultGenerator { protected $default = NULL }) F:\phpstudy_pro\WWW\demo\app\controller\Faker.php:48
[19-Mar-2021 10:05:09 Asia/Shanghai] PHP Catchable fatal error:  Object of class Faker\DefaultGenerator could not be converted to string in F:\phpstudy_pro\WWW\demo\app\Common.php on line 10
[19-Mar-2021 10:05:09 Asia/Shanghai] PHP Stack trace:
[19-Mar-2021 10:05:09 Asia/Shanghai] PHP   1. {main}() F:\phpstudy_pro\WWW\demo\index.php:0
[19-Mar-2021 10:05:09 Asia/Shanghai] PHP   2. core\Frame::run() F:\phpstudy_pro\WWW\demo\index.php:5
[19-Mar-2021 10:05:09 Asia/Shanghai] PHP   3. app\controller\Faker->run() F:\phpstudy_pro\WWW\demo\core\Frame.php:15
[19-Mar-2021 10:05:09 Asia/Shanghai] PHP   4. ec($info = class Faker\DefaultGenerator { protected $default = NULL }) F:\phpstudy_pro\WWW\demo\app\controller\Faker.php:48
[19-Mar-2021 10:05:09 Asia/Shanghai] PHP Catchable fatal error:  Object of class Faker\DefaultGenerator could not be converted to string in F:\phpstudy_pro\WWW\demo\app\Common.php on line 10
[19-Mar-2021 10:05:09 Asia/Shanghai] PHP Stack trace:
[19-Mar-2021 10:05:09 Asia/Shanghai] PHP   1. {main}() F:\phpstudy_pro\WWW\demo\index.php:0
[19-Mar-2021 10:05:09 Asia/Shanghai] PHP   2. core\Frame::run() F:\phpstudy_pro\WWW\demo\index.php:5
[19-Mar-2021 10:05:09 Asia/Shanghai] PHP   3. app\controller\Faker->run() F:\phpstudy_pro\WWW\demo\core\Frame.php:15
[19-Mar-2021 10:05:09 Asia/Shanghai] PHP   4. ec($info = class Faker\DefaultGenerator { protected $default = NULL }) F:\phpstudy_pro\WWW\demo\app\controller\Faker.php:48
[19-Mar-2021 10:05:14 Asia/Shanghai] PHP Catchable fatal error:  Object of class Faker\Generator could not be converted to string in F:\phpstudy_pro\WWW\demo\app\Common.php on line 10
[19-Mar-2021 10:05:14 Asia/Shanghai] PHP Stack trace:
[19-Mar-2021 10:05:14 Asia/Shanghai] PHP   1. {main}() F:\phpstudy_pro\WWW\demo\index.php:0
[19-Mar-2021 10:05:14 Asia/Shanghai] PHP   2. core\Frame::run() F:\phpstudy_pro\WWW\demo\index.php:5
[19-Mar-2021 10:05:14 Asia/Shanghai] PHP   3. app\controller\Faker->run() F:\phpstudy_pro\WWW\demo\core\Frame.php:15
[19-Mar-2021 10:05:14 Asia/Shanghai] PHP   4. ec($info = class Faker\Generator { protected $providers = array (0 => class Faker\Provider\Uuid { ... }, 1 => class Faker\Provider\UserAgent { ... }, 2 => class Faker\Provider\en_US\Text { ... }, 3 => class Faker\Provider\zh_CN\PhoneNumber { ... }, 4 => class Faker\Provider\zh_CN\Person { ... }, 5 => class Faker\Provider\zh_CN\Payment { ... }, 6 => class Faker\Provider\Miscellaneous { ... }, 7 => class Faker\Provider\Lorem { ... }, 8 => class Faker\Provider\zh_CN\Internet { ... }, 9 => class Faker\Provider\Image { ... }, 10 => class Faker\Provider\HtmlLorem { ... }, 11 => class Faker\Provider\Internet { ... }, 12 => class Faker\Provider\Lorem { ... }, 13 => class Faker\Provider\File { ... }, 14 => class Faker\Provider\zh_CN\DateTime { ... }, 15 => class Faker\Provider\zh_CN\Company { ... }, 16 => class Faker\Provider\zh_CN\Color { ... }, 17 => class Faker\Provider\Biased { ... }, 18 => class Faker\Provider\Barcode { ... }, 19 => class Faker\Provider\zh_CN\Address { ... }); protected $formatters = array ('setDefaultTimezone' => array (...), 'randomDigit' => array (...), 'randomDigitNotNull' => array (...), 'randomNumber' => array (...), 'randomFloat' => array (...), 'numberBetween' => array (...), 'randomLetter' => array (...), 'randomKey' => array (...), 'randomElement' => array (...), 'randomElements' => array (...), 'shuffle' => array (...), 'numerify' => array (...), 'lexify' => array (...), 'bothify' => array (...), 'asciify' => array (...), 'regexify' => array (...), 'toLower' => array (...), 'toUpper' => array (...), 'optional' => array (...)) }) F:\phpstudy_pro\WWW\demo\app\controller\Faker.php:48
[19-Mar-2021 10:05:14 Asia/Shanghai] PHP Catchable fatal error:  Object of class Faker\Generator could not be converted to string in F:\phpstudy_pro\WWW\demo\app\Common.php on line 10
[19-Mar-2021 10:05:14 Asia/Shanghai] PHP Stack trace:
[19-Mar-2021 10:05:14 Asia/Shanghai] PHP   1. {main}() F:\phpstudy_pro\WWW\demo\index.php:0
[19-Mar-2021 10:05:14 Asia/Shanghai] PHP   2. core\Frame::run() F:\phpstudy_pro\WWW\demo\index.php:5
[19-Mar-2021 10:05:14 Asia/Shanghai] PHP   3. app\controller\Faker->run() F:\phpstudy_pro\WWW\demo\core\Frame.php:15
[19-Mar-2021 10:05:14 Asia/Shanghai] PHP   4. ec($info = class Faker\Generator { protected $providers = array (0 => class Faker\Provider\Uuid { ... }, 1 => class Faker\Provider\UserAgent { ... }, 2 => class Faker\Provider\en_US\Text { ... }, 3 => class Faker\Provider\zh_CN\PhoneNumber { ... }, 4 => class Faker\Provider\zh_CN\Person { ... }, 5 => class Faker\Provider\zh_CN\Payment { ... }, 6 => class Faker\Provider\Miscellaneous { ... }, 7 => class Faker\Provider\Lorem { ... }, 8 => class Faker\Provider\zh_CN\Internet { ... }, 9 => class Faker\Provider\Image { ... }, 10 => class Faker\Provider\HtmlLorem { ... }, 11 => class Faker\Provider\Internet { ... }, 12 => class Faker\Provider\Lorem { ... }, 13 => class Faker\Provider\File { ... }, 14 => class Faker\Provider\zh_CN\DateTime { ... }, 15 => class Faker\Provider\zh_CN\Company { ... }, 16 => class Faker\Provider\zh_CN\Color { ... }, 17 => class Faker\Provider\Biased { ... }, 18 => class Faker\Provider\Barcode { ... }, 19 => class Faker\Provider\zh_CN\Address { ... }); protected $formatters = array ('setDefaultTimezone' => array (...), 'randomDigit' => array (...), 'randomDigitNotNull' => array (...), 'randomNumber' => array (...), 'randomFloat' => array (...), 'numberBetween' => array (...), 'randomLetter' => array (...), 'randomKey' => array (...), 'randomElement' => array (...), 'randomElements' => array (...), 'shuffle' => array (...), 'numerify' => array (...), 'lexify' => array (...), 'bothify' => array (...), 'asciify' => array (...), 'regexify' => array (...), 'toLower' => array (...), 'toUpper' => array (...), 'optional' => array (...)) }) F:\phpstudy_pro\WWW\demo\app\controller\Faker.php:48
[19-Mar-2021 10:05:14 Asia/Shanghai] PHP Catchable fatal error:  Object of class Faker\DefaultGenerator could not be converted to string in F:\phpstudy_pro\WWW\demo\app\Common.php on line 10
[19-Mar-2021 10:05:14 Asia/Shanghai] PHP Stack trace:
[19-Mar-2021 10:05:14 Asia/Shanghai] PHP   1. {main}() F:\phpstudy_pro\WWW\demo\index.php:0
[19-Mar-2021 10:05:14 Asia/Shanghai] PHP   2. core\Frame::run() F:\phpstudy_pro\WWW\demo\index.php:5
[19-Mar-2021 10:05:14 Asia/Shanghai] PHP   3. app\controller\Faker->run() F:\phpstudy_pro\WWW\demo\core\Frame.php:15
[19-Mar-2021 10:05:14 Asia/Shanghai] PHP   4. ec($info = class Faker\DefaultGenerator { protected $default = NULL }) F:\phpstudy_pro\WWW\demo\app\controller\Faker.php:48
[19-Mar-2021 10:05:15 Asia/Shanghai] PHP Catchable fatal error:  Object of class Faker\Generator could not be converted to string in F:\phpstudy_pro\WWW\demo\app\Common.php on line 10
[19-Mar-2021 10:05:15 Asia/Shanghai] PHP Stack trace:
[19-Mar-2021 10:05:15 Asia/Shanghai] PHP   1. {main}() F:\phpstudy_pro\WWW\demo\index.php:0
[19-Mar-2021 10:05:15 Asia/Shanghai] PHP   2. core\Frame::run() F:\phpstudy_pro\WWW\demo\index.php:5
[19-Mar-2021 10:05:15 Asia/Shanghai] PHP   3. app\controller\Faker->run() F:\phpstudy_pro\WWW\demo\core\Frame.php:15
[19-Mar-2021 10:05:15 Asia/Shanghai] PHP   4. ec($info = class Faker\Generator { protected $providers = array (0 => class Faker\Provider\Uuid { ... }, 1 => class Faker\Provider\UserAgent { ... }, 2 => class Faker\Provider\en_US\Text { ... }, 3 => class Faker\Provider\zh_CN\PhoneNumber { ... }, 4 => class Faker\Provider\zh_CN\Person { ... }, 5 => class Faker\Provider\zh_CN\Payment { ... }, 6 => class Faker\Provider\Miscellaneous { ... }, 7 => class Faker\Provider\Lorem { ... }, 8 => class Faker\Provider\zh_CN\Internet { ... }, 9 => class Faker\Provider\Image { ... }, 10 => class Faker\Provider\HtmlLorem { ... }, 11 => class Faker\Provider\Internet { ... }, 12 => class Faker\Provider\Lorem { ... }, 13 => class Faker\Provider\File { ... }, 14 => class Faker\Provider\zh_CN\DateTime { ... }, 15 => class Faker\Provider\zh_CN\Company { ... }, 16 => class Faker\Provider\zh_CN\Color { ... }, 17 => class Faker\Provider\Biased { ... }, 18 => class Faker\Provider\Barcode { ... }, 19 => class Faker\Provider\zh_CN\Address { ... }); protected $formatters = array ('setDefaultTimezone' => array (...), 'randomDigit' => array (...), 'randomDigitNotNull' => array (...), 'randomNumber' => array (...), 'randomFloat' => array (...), 'numberBetween' => array (...), 'randomLetter' => array (...), 'randomKey' => array (...), 'randomElement' => array (...), 'randomElements' => array (...), 'shuffle' => array (...), 'numerify' => array (...), 'lexify' => array (...), 'bothify' => array (...), 'asciify' => array (...), 'regexify' => array (...), 'toLower' => array (...), 'toUpper' => array (...), 'optional' => array (...)) }) F:\phpstudy_pro\WWW\demo\app\controller\Faker.php:48
[19-Mar-2021 10:26:24 Asia/Shanghai] PHP Fatal error:  Uncaught InvalidArgumentException: randomNumber() generates numbers of fixed width. To generate numbers between two boundaries, use numberBetween() instead. in F:\phpstudy_pro\WWW\demo\vendor\fzaninotto\faker\src\Faker\Provider\Base.php:79
Stack trace:
#0 [internal function]: Faker\Provider\Base::randomNumber(1, 10)
#1 F:\phpstudy_pro\WWW\demo\vendor\fzaninotto\faker\src\Faker\Generator.php(230): call_user_func_array(Array, Array)
#2 F:\phpstudy_pro\WWW\demo\vendor\fzaninotto\faker\src\Faker\Generator.php(287): Faker\Generator->format('randomNumber', Array)
#3 [internal function]: Faker\Generator->__call('randomNumber', Array)
#4 F:\phpstudy_pro\WWW\demo\vendor\fzaninotto\faker\src\Faker\UniqueGenerator.php(48): call_user_func_array(Array, Array)
#5 F:\phpstudy_pro\WWW\demo\app\controller\Faker.php(51): Faker\UniqueGenerator->__call('randomNumber', Array)
#6 F:\phpstudy_pro\WWW\demo\core\Frame.php(15): app\controller\Faker->run()
#7 F:\phpstudy_pro\WWW\demo\index.php(5): core\Frame::run()
#8 {main}
  thrown in F:\phpstudy_pro\WWW\demo\vendor\fzaninotto\faker\src\Faker\Provider\Base.php on line 79
[19-Mar-2021 10:26:25 Asia/Shanghai] PHP Fatal error:  Uncaught InvalidArgumentException: randomNumber() generates numbers of fixed width. To generate numbers between two boundaries, use numberBetween() instead. in F:\phpstudy_pro\WWW\demo\vendor\fzaninotto\faker\src\Faker\Provider\Base.php:79
Stack trace:
#0 [internal function]: Faker\Provider\Base::randomNumber(1, 10)
#1 F:\phpstudy_pro\WWW\demo\vendor\fzaninotto\faker\src\Faker\Generator.php(230): call_user_func_array(Array, Array)
#2 F:\phpstudy_pro\WWW\demo\vendor\fzaninotto\faker\src\Faker\Generator.php(287): Faker\Generator->format('randomNumber', Array)
#3 [internal function]: Faker\Generator->__call('randomNumber', Array)
#4 F:\phpstudy_pro\WWW\demo\vendor\fzaninotto\faker\src\Faker\UniqueGenerator.php(48): call_user_func_array(Array, Array)
#5 F:\phpstudy_pro\WWW\demo\app\controller\Faker.php(51): Faker\UniqueGenerator->__call('randomNumber', Array)
#6 F:\phpstudy_pro\WWW\demo\core\Frame.php(15): app\controller\Faker->run()
#7 F:\phpstudy_pro\WWW\demo\index.php(5): core\Frame::run()
#8 {main}
  thrown in F:\phpstudy_pro\WWW\demo\vendor\fzaninotto\faker\src\Faker\Provider\Base.php on line 79
[19-Mar-2021 11:52:57 Asia/Shanghai] PHP Fatal error:  Uncaught InvalidArgumentException: Unknown formatter "bs" in F:\phpstudy_pro\WWW\demo\vendor\fzaninotto\faker\src\Faker\Generator.php:250
Stack trace:
#0 F:\phpstudy_pro\WWW\demo\vendor\fzaninotto\faker\src\Faker\Generator.php(230): Faker\Generator->getFormatter('bs')
#1 F:\phpstudy_pro\WWW\demo\vendor\fzaninotto\faker\src\Faker\Generator.php(276): Faker\Generator->format('bs')
#2 F:\phpstudy_pro\WWW\demo\app\controller\Faker.php(83): Faker\Generator->__get('bs')
#3 F:\phpstudy_pro\WWW\demo\core\Frame.php(15): app\controller\Faker->run()
#4 F:\phpstudy_pro\WWW\demo\index.php(5): core\Frame::run()
#5 {main}
  thrown in F:\phpstudy_pro\WWW\demo\vendor\fzaninotto\faker\src\Faker\Generator.php on line 250
[19-Mar-2021 13:42:16 Asia/Shanghai] PHP Catchable fatal error:  Object of class DateTime could not be converted to string in F:\phpstudy_pro\WWW\demo\app\Common.php on line 10
[19-Mar-2021 13:42:16 Asia/Shanghai] PHP Stack trace:
[19-Mar-2021 13:42:16 Asia/Shanghai] PHP   1. {main}() F:\phpstudy_pro\WWW\demo\index.php:0
[19-Mar-2021 13:42:16 Asia/Shanghai] PHP   2. core\Frame::run() F:\phpstudy_pro\WWW\demo\index.php:5
[19-Mar-2021 13:42:16 Asia/Shanghai] PHP   3. app\controller\Faker->run() F:\phpstudy_pro\WWW\demo\core\Frame.php:15
[19-Mar-2021 13:42:16 Asia/Shanghai] PHP   4. ec($info = class DateTime { public $date = '1978-10-07 20:05:18.000000'; public $timezone_type = 3; public $timezone = 'PRC' }) F:\phpstudy_pro\WWW\demo\app\controller\Faker.php:88
[19-Mar-2021 13:42:17 Asia/Shanghai] PHP Catchable fatal error:  Object of class DateTime could not be converted to string in F:\phpstudy_pro\WWW\demo\app\Common.php on line 10
[19-Mar-2021 13:42:17 Asia/Shanghai] PHP Stack trace:
[19-Mar-2021 13:42:17 Asia/Shanghai] PHP   1. {main}() F:\phpstudy_pro\WWW\demo\index.php:0
[19-Mar-2021 13:42:17 Asia/Shanghai] PHP   2. core\Frame::run() F:\phpstudy_pro\WWW\demo\index.php:5
[19-Mar-2021 13:42:17 Asia/Shanghai] PHP   3. app\controller\Faker->run() F:\phpstudy_pro\WWW\demo\core\Frame.php:15
[19-Mar-2021 13:42:17 Asia/Shanghai] PHP   4. ec($info = class DateTime { public $date = '2006-03-28 13:30:04.000000'; public $timezone_type = 3; public $timezone = 'PRC' }) F:\phpstudy_pro\WWW\demo\app\controller\Faker.php:88
[19-Mar-2021 13:42:18 Asia/Shanghai] PHP Catchable fatal error:  Object of class DateTime could not be converted to string in F:\phpstudy_pro\WWW\demo\app\Common.php on line 10
[19-Mar-2021 13:42:18 Asia/Shanghai] PHP Stack trace:
[19-Mar-2021 13:42:18 Asia/Shanghai] PHP   1. {main}() F:\phpstudy_pro\WWW\demo\index.php:0
[19-Mar-2021 13:42:18 Asia/Shanghai] PHP   2. core\Frame::run() F:\phpstudy_pro\WWW\demo\index.php:5
[19-Mar-2021 13:42:18 Asia/Shanghai] PHP   3. app\controller\Faker->run() F:\phpstudy_pro\WWW\demo\core\Frame.php:15
[19-Mar-2021 13:42:18 Asia/Shanghai] PHP   4. ec($info = class DateTime { public $date = '2002-03-21 17:54:57.000000'; public $timezone_type = 3; public $timezone = 'PRC' }) F:\phpstudy_pro\WWW\demo\app\controller\Faker.php:88
[19-Mar-2021 13:42:18 Asia/Shanghai] PHP Catchable fatal error:  Object of class DateTime could not be converted to string in F:\phpstudy_pro\WWW\demo\app\Common.php on line 10
[19-Mar-2021 13:42:18 Asia/Shanghai] PHP Stack trace:
[19-Mar-2021 13:42:18 Asia/Shanghai] PHP   1. {main}() F:\phpstudy_pro\WWW\demo\index.php:0
[19-Mar-2021 13:42:18 Asia/Shanghai] PHP   2. core\Frame::run() F:\phpstudy_pro\WWW\demo\index.php:5
[19-Mar-2021 13:42:18 Asia/Shanghai] PHP   3. app\controller\Faker->run() F:\phpstudy_pro\WWW\demo\core\Frame.php:15
[19-Mar-2021 13:42:18 Asia/Shanghai] PHP   4. ec($info = class DateTime { public $date = '2020-08-17 09:26:22.000000'; public $timezone_type = 3; public $timezone = 'PRC' }) F:\phpstudy_pro\WWW\demo\app\controller\Faker.php:88
[19-Mar-2021 13:42:28 Asia/Shanghai] PHP Catchable fatal error:  Object of class DateTime could not be converted to string in F:\phpstudy_pro\WWW\demo\app\Common.php on line 10
[19-Mar-2021 13:42:28 Asia/Shanghai] PHP Stack trace:
[19-Mar-2021 13:42:28 Asia/Shanghai] PHP   1. {main}() F:\phpstudy_pro\WWW\demo\index.php:0
[19-Mar-2021 13:42:28 Asia/Shanghai] PHP   2. core\Frame::run() F:\phpstudy_pro\WWW\demo\index.php:5
[19-Mar-2021 13:42:28 Asia/Shanghai] PHP   3. app\controller\Faker->run() F:\phpstudy_pro\WWW\demo\core\Frame.php:15
[19-Mar-2021 13:42:28 Asia/Shanghai] PHP   4. ec($info = class DateTime { public $date = '2010-11-19 04:14:12.000000'; public $timezone_type = 3; public $timezone = 'PRC' }) F:\phpstudy_pro\WWW\demo\app\controller\Faker.php:88
[19-Mar-2021 13:42:29 Asia/Shanghai] PHP Catchable fatal error:  Object of class DateTime could not be converted to string in F:\phpstudy_pro\WWW\demo\app\Common.php on line 10
[19-Mar-2021 13:42:29 Asia/Shanghai] PHP Stack trace:
[19-Mar-2021 13:42:29 Asia/Shanghai] PHP   1. {main}() F:\phpstudy_pro\WWW\demo\index.php:0
[19-Mar-2021 13:42:29 Asia/Shanghai] PHP   2. core\Frame::run() F:\phpstudy_pro\WWW\demo\index.php:5
[19-Mar-2021 13:42:29 Asia/Shanghai] PHP   3. app\controller\Faker->run() F:\phpstudy_pro\WWW\demo\core\Frame.php:15
[19-Mar-2021 13:42:29 Asia/Shanghai] PHP   4. ec($info = class DateTime { public $date = '2020-07-02 04:49:56.000000'; public $timezone_type = 3; public $timezone = 'PRC' }) F:\phpstudy_pro\WWW\demo\app\controller\Faker.php:88
[19-Mar-2021 13:42:29 Asia/Shanghai] PHP Catchable fatal error:  Object of class DateTime could not be converted to string in F:\phpstudy_pro\WWW\demo\app\Common.php on line 10
[19-Mar-2021 13:42:29 Asia/Shanghai] PHP Stack trace:
[19-Mar-2021 13:42:29 Asia/Shanghai] PHP   1. {main}() F:\phpstudy_pro\WWW\demo\index.php:0
[19-Mar-2021 13:42:29 Asia/Shanghai] PHP   2. core\Frame::run() F:\phpstudy_pro\WWW\demo\index.php:5
[19-Mar-2021 13:42:29 Asia/Shanghai] PHP   3. app\controller\Faker->run() F:\phpstudy_pro\WWW\demo\core\Frame.php:15
[19-Mar-2021 13:42:29 Asia/Shanghai] PHP   4. ec($info = class DateTime { public $date = '1990-12-23 14:31:49.000000'; public $timezone_type = 3; public $timezone = 'PRC' }) F:\phpstudy_pro\WWW\demo\app\controller\Faker.php:88
[19-Mar-2021 13:42:46 Asia/Shanghai] PHP Catchable fatal error:  Object of class DateTime could not be converted to string in F:\phpstudy_pro\WWW\demo\app\Common.php on line 10
[19-Mar-2021 13:42:46 Asia/Shanghai] PHP Stack trace:
[19-Mar-2021 13:42:46 Asia/Shanghai] PHP   1. {main}() F:\phpstudy_pro\WWW\demo\index.php:0
[19-Mar-2021 13:42:46 Asia/Shanghai] PHP   2. core\Frame::run() F:\phpstudy_pro\WWW\demo\index.php:5
[19-Mar-2021 13:42:46 Asia/Shanghai] PHP   3. app\controller\Faker->run() F:\phpstudy_pro\WWW\demo\core\Frame.php:15
[19-Mar-2021 13:42:46 Asia/Shanghai] PHP   4. ec($info = class DateTime { public $date = '1989-06-22 16:45:14.000000'; public $timezone_type = 3; public $timezone = 'PRC' }) F:\phpstudy_pro\WWW\demo\app\controller\Faker.php:88
[19-Mar-2021 13:42:47 Asia/Shanghai] PHP Catchable fatal error:  Object of class DateTime could not be converted to string in F:\phpstudy_pro\WWW\demo\app\Common.php on line 10
[19-Mar-2021 13:42:47 Asia/Shanghai] PHP Stack trace:
[19-Mar-2021 13:42:47 Asia/Shanghai] PHP   1. {main}() F:\phpstudy_pro\WWW\demo\index.php:0
[19-Mar-2021 13:42:47 Asia/Shanghai] PHP   2. core\Frame::run() F:\phpstudy_pro\WWW\demo\index.php:5
[19-Mar-2021 13:42:47 Asia/Shanghai] PHP   3. app\controller\Faker->run() F:\phpstudy_pro\WWW\demo\core\Frame.php:15
[19-Mar-2021 13:42:47 Asia/Shanghai] PHP   4. ec($info = class DateTime { public $date = '1982-03-27 04:41:12.000000'; public $timezone_type = 3; public $timezone = 'PRC' }) F:\phpstudy_pro\WWW\demo\app\controller\Faker.php:88
[19-Mar-2021 13:42:47 Asia/Shanghai] PHP Catchable fatal error:  Object of class DateTime could not be converted to string in F:\phpstudy_pro\WWW\demo\app\Common.php on line 10
[19-Mar-2021 13:42:47 Asia/Shanghai] PHP Stack trace:
[19-Mar-2021 13:42:47 Asia/Shanghai] PHP   1. {main}() F:\phpstudy_pro\WWW\demo\index.php:0
[19-Mar-2021 13:42:47 Asia/Shanghai] PHP   2. core\Frame::run() F:\phpstudy_pro\WWW\demo\index.php:5
[19-Mar-2021 13:42:47 Asia/Shanghai] PHP   3. app\controller\Faker->run() F:\phpstudy_pro\WWW\demo\core\Frame.php:15
[19-Mar-2021 13:42:47 Asia/Shanghai] PHP   4. ec($info = class DateTime { public $date = '2001-04-30 09:17:16.000000'; public $timezone_type = 3; public $timezone = 'PRC' }) F:\phpstudy_pro\WWW\demo\app\controller\Faker.php:88
[19-Mar-2021 13:42:47 Asia/Shanghai] PHP Catchable fatal error:  Object of class DateTime could not be converted to string in F:\phpstudy_pro\WWW\demo\app\Common.php on line 10
[19-Mar-2021 13:42:47 Asia/Shanghai] PHP Stack trace:
[19-Mar-2021 13:42:47 Asia/Shanghai] PHP   1. {main}() F:\phpstudy_pro\WWW\demo\index.php:0
[19-Mar-2021 13:42:47 Asia/Shanghai] PHP   2. core\Frame::run() F:\phpstudy_pro\WWW\demo\index.php:5
[19-Mar-2021 13:42:47 Asia/Shanghai] PHP   3. app\controller\Faker->run() F:\phpstudy_pro\WWW\demo\core\Frame.php:15
[19-Mar-2021 13:42:47 Asia/Shanghai] PHP   4. ec($info = class DateTime { public $date = '2004-12-27 09:30:50.000000'; public $timezone_type = 3; public $timezone = 'PRC' }) F:\phpstudy_pro\WWW\demo\app\controller\Faker.php:88
[19-Mar-2021 13:42:47 Asia/Shanghai] PHP Catchable fatal error:  Object of class DateTime could not be converted to string in F:\phpstudy_pro\WWW\demo\app\Common.php on line 10
[19-Mar-2021 13:42:47 Asia/Shanghai] PHP Stack trace:
[19-Mar-2021 13:42:47 Asia/Shanghai] PHP   1. {main}() F:\phpstudy_pro\WWW\demo\index.php:0
[19-Mar-2021 13:42:47 Asia/Shanghai] PHP   2. core\Frame::run() F:\phpstudy_pro\WWW\demo\index.php:5
[19-Mar-2021 13:42:47 Asia/Shanghai] PHP   3. app\controller\Faker->run() F:\phpstudy_pro\WWW\demo\core\Frame.php:15
[19-Mar-2021 13:42:47 Asia/Shanghai] PHP   4. ec($info = class DateTime { public $date = '2013-07-27 14:18:33.000000'; public $timezone_type = 3; public $timezone = 'PRC' }) F:\phpstudy_pro\WWW\demo\app\controller\Faker.php:88
[19-Mar-2021 13:42:47 Asia/Shanghai] PHP Catchable fatal error:  Object of class DateTime could not be converted to string in F:\phpstudy_pro\WWW\demo\app\Common.php on line 10
[19-Mar-2021 13:42:47 Asia/Shanghai] PHP Stack trace:
[19-Mar-2021 13:42:47 Asia/Shanghai] PHP   1. {main}() F:\phpstudy_pro\WWW\demo\index.php:0
[19-Mar-2021 13:42:47 Asia/Shanghai] PHP   2. core\Frame::run() F:\phpstudy_pro\WWW\demo\index.php:5
[19-Mar-2021 13:42:47 Asia/Shanghai] PHP   3. app\controller\Faker->run() F:\phpstudy_pro\WWW\demo\core\Frame.php:15
[19-Mar-2021 13:42:47 Asia/Shanghai] PHP   4. ec($info = class DateTime { public $date = '1993-02-14 16:54:22.000000'; public $timezone_type = 3; public $timezone = 'PRC' }) F:\phpstudy_pro\WWW\demo\app\controller\Faker.php:88
[19-Mar-2021 13:43:36 Asia/Shanghai] PHP Catchable fatal error:  Object of class DateTime could not be converted to string in F:\phpstudy_pro\WWW\demo\app\controller\Faker.php on line 88
[19-Mar-2021 13:43:36 Asia/Shanghai] PHP Stack trace:
[19-Mar-2021 13:43:36 Asia/Shanghai] PHP   1. {main}() F:\phpstudy_pro\WWW\demo\index.php:0
[19-Mar-2021 13:43:36 Asia/Shanghai] PHP   2. core\Frame::run() F:\phpstudy_pro\WWW\demo\index.php:5
[19-Mar-2021 13:43:36 Asia/Shanghai] PHP   3. app\controller\Faker->run() F:\phpstudy_pro\WWW\demo\core\Frame.php:15
[19-Mar-2021 13:43:37 Asia/Shanghai] PHP Catchable fatal error:  Object of class DateTime could not be converted to string in F:\phpstudy_pro\WWW\demo\app\controller\Faker.php on line 88
[19-Mar-2021 13:43:37 Asia/Shanghai] PHP Stack trace:
[19-Mar-2021 13:43:37 Asia/Shanghai] PHP   1. {main}() F:\phpstudy_pro\WWW\demo\index.php:0
[19-Mar-2021 13:43:37 Asia/Shanghai] PHP   2. core\Frame::run() F:\phpstudy_pro\WWW\demo\index.php:5
[19-Mar-2021 13:43:37 Asia/Shanghai] PHP   3. app\controller\Faker->run() F:\phpstudy_pro\WWW\demo\core\Frame.php:15
[19-Mar-2021 13:43:38 Asia/Shanghai] PHP Catchable fatal error:  Object of class DateTime could not be converted to string in F:\phpstudy_pro\WWW\demo\app\controller\Faker.php on line 88
[19-Mar-2021 13:43:38 Asia/Shanghai] PHP Stack trace:
[19-Mar-2021 13:43:38 Asia/Shanghai] PHP   1. {main}() F:\phpstudy_pro\WWW\demo\index.php:0
[19-Mar-2021 13:43:38 Asia/Shanghai] PHP   2. core\Frame::run() F:\phpstudy_pro\WWW\demo\index.php:5
[19-Mar-2021 13:43:38 Asia/Shanghai] PHP   3. app\controller\Faker->run() F:\phpstudy_pro\WWW\demo\core\Frame.php:15
[19-Mar-2021 13:43:47 Asia/Shanghai] PHP Catchable fatal error:  Object of class DateTime could not be converted to string in F:\phpstudy_pro\WWW\demo\app\controller\Faker.php on line 88
[19-Mar-2021 13:43:47 Asia/Shanghai] PHP Stack trace:
[19-Mar-2021 13:43:47 Asia/Shanghai] PHP   1. {main}() F:\phpstudy_pro\WWW\demo\index.php:0
[19-Mar-2021 13:43:47 Asia/Shanghai] PHP   2. core\Frame::run() F:\phpstudy_pro\WWW\demo\index.php:5
[19-Mar-2021 13:43:47 Asia/Shanghai] PHP   3. app\controller\Faker->run() F:\phpstudy_pro\WWW\demo\core\Frame.php:15
[19-Mar-2021 13:43:47 Asia/Shanghai] PHP Catchable fatal error:  Object of class DateTime could not be converted to string in F:\phpstudy_pro\WWW\demo\app\controller\Faker.php on line 88
[19-Mar-2021 13:43:47 Asia/Shanghai] PHP Stack trace:
[19-Mar-2021 13:43:47 Asia/Shanghai] PHP   1. {main}() F:\phpstudy_pro\WWW\demo\index.php:0
[19-Mar-2021 13:43:47 Asia/Shanghai] PHP   2. core\Frame::run() F:\phpstudy_pro\WWW\demo\index.php:5
[19-Mar-2021 13:43:47 Asia/Shanghai] PHP   3. app\controller\Faker->run() F:\phpstudy_pro\WWW\demo\core\Frame.php:15
[19-Mar-2021 13:43:48 Asia/Shanghai] PHP Catchable fatal error:  Object of class DateTime could not be converted to string in F:\phpstudy_pro\WWW\demo\app\controller\Faker.php on line 88
[19-Mar-2021 13:43:48 Asia/Shanghai] PHP Stack trace:
[19-Mar-2021 13:43:48 Asia/Shanghai] PHP   1. {main}() F:\phpstudy_pro\WWW\demo\index.php:0
[19-Mar-2021 13:43:48 Asia/Shanghai] PHP   2. core\Frame::run() F:\phpstudy_pro\WWW\demo\index.php:5
[19-Mar-2021 13:43:48 Asia/Shanghai] PHP   3. app\controller\Faker->run() F:\phpstudy_pro\WWW\demo\core\Frame.php:15
[19-Mar-2021 13:43:48 Asia/Shanghai] PHP Catchable fatal error:  Object of class DateTime could not be converted to string in F:\phpstudy_pro\WWW\demo\app\controller\Faker.php on line 88
[19-Mar-2021 13:43:48 Asia/Shanghai] PHP Stack trace:
[19-Mar-2021 13:43:48 Asia/Shanghai] PHP   1. {main}() F:\phpstudy_pro\WWW\demo\index.php:0
[19-Mar-2021 13:43:48 Asia/Shanghai] PHP   2. core\Frame::run() F:\phpstudy_pro\WWW\demo\index.php:5
[19-Mar-2021 13:43:48 Asia/Shanghai] PHP   3. app\controller\Faker->run() F:\phpstudy_pro\WWW\demo\core\Frame.php:15
[19-Mar-2021 13:55:42 Asia/Shanghai] PHP Catchable fatal error:  Object of class DateTime could not be converted to string in F:\phpstudy_pro\WWW\demo\app\Common.php on line 10
[19-Mar-2021 13:55:42 Asia/Shanghai] PHP Stack trace:
[19-Mar-2021 13:55:42 Asia/Shanghai] PHP   1. {main}() F:\phpstudy_pro\WWW\demo\index.php:0
[19-Mar-2021 13:55:42 Asia/Shanghai] PHP   2. core\Frame::run() F:\phpstudy_pro\WWW\demo\index.php:5
[19-Mar-2021 13:55:42 Asia/Shanghai] PHP   3. app\controller\Faker->run() F:\phpstudy_pro\WWW\demo\core\Frame.php:15
[19-Mar-2021 13:55:42 Asia/Shanghai] PHP   4. ec($info = class DateTime { public $date = '1992-10-03 16:52:15.000000'; public $timezone_type = 3; public $timezone = 'PRC' }) F:\phpstudy_pro\WWW\demo\app\controller\Faker.php:88
[19-Mar-2021 13:55:43 Asia/Shanghai] PHP Catchable fatal error:  Object of class DateTime could not be converted to string in F:\phpstudy_pro\WWW\demo\app\Common.php on line 10
[19-Mar-2021 13:55:43 Asia/Shanghai] PHP Stack trace:
[19-Mar-2021 13:55:43 Asia/Shanghai] PHP   1. {main}() F:\phpstudy_pro\WWW\demo\index.php:0
[19-Mar-2021 13:55:43 Asia/Shanghai] PHP   2. core\Frame::run() F:\phpstudy_pro\WWW\demo\index.php:5
[19-Mar-2021 13:55:43 Asia/Shanghai] PHP   3. app\controller\Faker->run() F:\phpstudy_pro\WWW\demo\core\Frame.php:15
[19-Mar-2021 13:55:43 Asia/Shanghai] PHP   4. ec($info = class DateTime { public $date = '1973-08-27 14:20:55.000000'; public $timezone_type = 3; public $timezone = 'PRC' }) F:\phpstudy_pro\WWW\demo\app\controller\Faker.php:88
[19-Mar-2021 13:55:43 Asia/Shanghai] PHP Catchable fatal error:  Object of class DateTime could not be converted to string in F:\phpstudy_pro\WWW\demo\app\Common.php on line 10
[19-Mar-2021 13:55:43 Asia/Shanghai] PHP Stack trace:
[19-Mar-2021 13:55:43 Asia/Shanghai] PHP   1. {main}() F:\phpstudy_pro\WWW\demo\index.php:0
[19-Mar-2021 13:55:43 Asia/Shanghai] PHP   2. core\Frame::run() F:\phpstudy_pro\WWW\demo\index.php:5
[19-Mar-2021 13:55:43 Asia/Shanghai] PHP   3. app\controller\Faker->run() F:\phpstudy_pro\WWW\demo\core\Frame.php:15
[19-Mar-2021 13:55:43 Asia/Shanghai] PHP   4. ec($info = class DateTime { public $date = '1988-02-21 03:20:59.000000'; public $timezone_type = 3; public $timezone = 'PRC' }) F:\phpstudy_pro\WWW\demo\app\controller\Faker.php:88
[19-Mar-2021 13:55:49 Asia/Shanghai] PHP Catchable fatal error:  Object of class DateTime could not be converted to string in F:\phpstudy_pro\WWW\demo\app\Common.php on line 10
[19-Mar-2021 13:55:49 Asia/Shanghai] PHP Stack trace:
[19-Mar-2021 13:55:49 Asia/Shanghai] PHP   1. {main}() F:\phpstudy_pro\WWW\demo\index.php:0
[19-Mar-2021 13:55:49 Asia/Shanghai] PHP   2. core\Frame::run() F:\phpstudy_pro\WWW\demo\index.php:5
[19-Mar-2021 13:55:49 Asia/Shanghai] PHP   3. app\controller\Faker->run() F:\phpstudy_pro\WWW\demo\core\Frame.php:15
[19-Mar-2021 13:55:49 Asia/Shanghai] PHP   4. ec($info = class DateTime { public $date = '1975-12-28 12:07:43.000000'; public $timezone_type = 3; public $timezone = 'PRC' }) F:\phpstudy_pro\WWW\demo\app\controller\Faker.php:88
[19-Mar-2021 13:55:49 Asia/Shanghai] PHP Catchable fatal error:  Object of class DateTime could not be converted to string in F:\phpstudy_pro\WWW\demo\app\Common.php on line 10
[19-Mar-2021 13:55:49 Asia/Shanghai] PHP Stack trace:
[19-Mar-2021 13:55:49 Asia/Shanghai] PHP   1. {main}() F:\phpstudy_pro\WWW\demo\index.php:0
[19-Mar-2021 13:55:49 Asia/Shanghai] PHP   2. core\Frame::run() F:\phpstudy_pro\WWW\demo\index.php:5
[19-Mar-2021 13:55:49 Asia/Shanghai] PHP   3. app\controller\Faker->run() F:\phpstudy_pro\WWW\demo\core\Frame.php:15
[19-Mar-2021 13:55:49 Asia/Shanghai] PHP   4. ec($info = class DateTime { public $date = '2005-10-10 19:08:18.000000'; public $timezone_type = 3; public $timezone = 'PRC' }) F:\phpstudy_pro\WWW\demo\app\controller\Faker.php:88
[19-Mar-2021 13:56:44 Asia/Shanghai] PHP Catchable fatal error:  Object of class DateTime could not be converted to string in F:\phpstudy_pro\WWW\demo\app\Common.php on line 10
[19-Mar-2021 13:56:44 Asia/Shanghai] PHP Stack trace:
[19-Mar-2021 13:56:44 Asia/Shanghai] PHP   1. {main}() F:\phpstudy_pro\WWW\demo\index.php:0
[19-Mar-2021 13:56:44 Asia/Shanghai] PHP   2. core\Frame::run() F:\phpstudy_pro\WWW\demo\index.php:5
[19-Mar-2021 13:56:44 Asia/Shanghai] PHP   3. app\controller\Faker->run() F:\phpstudy_pro\WWW\demo\core\Frame.php:15
[19-Mar-2021 13:56:44 Asia/Shanghai] PHP   4. ec($info = class DateTime { public $date = '1996-11-25 09:15:03.000000'; public $timezone_type = 3; public $timezone = 'PRC' }) F:\phpstudy_pro\WWW\demo\app\controller\Faker.php:88
[19-Mar-2021 13:56:57 Asia/Shanghai] PHP Catchable fatal error:  Object of class DateTime could not be converted to string in F:\phpstudy_pro\WWW\demo\app\Common.php on line 10
[19-Mar-2021 13:56:57 Asia/Shanghai] PHP Stack trace:
[19-Mar-2021 13:56:57 Asia/Shanghai] PHP   1. {main}() F:\phpstudy_pro\WWW\demo\index.php:0
[19-Mar-2021 13:56:57 Asia/Shanghai] PHP   2. core\Frame::run() F:\phpstudy_pro\WWW\demo\index.php:5
[19-Mar-2021 13:56:57 Asia/Shanghai] PHP   3. app\controller\Faker->run() F:\phpstudy_pro\WWW\demo\core\Frame.php:15
[19-Mar-2021 13:56:57 Asia/Shanghai] PHP   4. ec($info = class DateTime { public $date = '1996-11-10 05:14:55.000000'; public $timezone_type = 3; public $timezone = 'PRC' }) F:\phpstudy_pro\WWW\demo\app\controller\Faker.php:88
[19-Mar-2021 13:56:57 Asia/Shanghai] PHP Catchable fatal error:  Object of class DateTime could not be converted to string in F:\phpstudy_pro\WWW\demo\app\Common.php on line 10
[19-Mar-2021 13:56:57 Asia/Shanghai] PHP Stack trace:
[19-Mar-2021 13:56:57 Asia/Shanghai] PHP   1. {main}() F:\phpstudy_pro\WWW\demo\index.php:0
[19-Mar-2021 13:56:57 Asia/Shanghai] PHP   2. core\Frame::run() F:\phpstudy_pro\WWW\demo\index.php:5
[19-Mar-2021 13:56:57 Asia/Shanghai] PHP   3. app\controller\Faker->run() F:\phpstudy_pro\WWW\demo\core\Frame.php:15
[19-Mar-2021 13:56:57 Asia/Shanghai] PHP   4. ec($info = class DateTime { public $date = '2003-03-29 16:06:33.000000'; public $timezone_type = 3; public $timezone = 'PRC' }) F:\phpstudy_pro\WWW\demo\app\controller\Faker.php:88
[19-Mar-2021 13:56:58 Asia/Shanghai] PHP Catchable fatal error:  Object of class DateTime could not be converted to string in F:\phpstudy_pro\WWW\demo\app\Common.php on line 10
[19-Mar-2021 13:56:58 Asia/Shanghai] PHP Stack trace:
[19-Mar-2021 13:56:58 Asia/Shanghai] PHP   1. {main}() F:\phpstudy_pro\WWW\demo\index.php:0
[19-Mar-2021 13:56:58 Asia/Shanghai] PHP   2. core\Frame::run() F:\phpstudy_pro\WWW\demo\index.php:5
[19-Mar-2021 13:56:58 Asia/Shanghai] PHP   3. app\controller\Faker->run() F:\phpstudy_pro\WWW\demo\core\Frame.php:15
[19-Mar-2021 13:56:58 Asia/Shanghai] PHP   4. ec($info = class DateTime { public $date = '1999-09-02 17:11:08.000000'; public $timezone_type = 3; public $timezone = 'PRC' }) F:\phpstudy_pro\WWW\demo\app\controller\Faker.php:88
[19-Mar-2021 13:56:58 Asia/Shanghai] PHP Catchable fatal error:  Object of class DateTime could not be converted to string in F:\phpstudy_pro\WWW\demo\app\Common.php on line 10
[19-Mar-2021 13:56:58 Asia/Shanghai] PHP Stack trace:
[19-Mar-2021 13:56:58 Asia/Shanghai] PHP   1. {main}() F:\phpstudy_pro\WWW\demo\index.php:0
[19-Mar-2021 13:56:58 Asia/Shanghai] PHP   2. core\Frame::run() F:\phpstudy_pro\WWW\demo\index.php:5
[19-Mar-2021 13:56:58 Asia/Shanghai] PHP   3. app\controller\Faker->run() F:\phpstudy_pro\WWW\demo\core\Frame.php:15
[19-Mar-2021 13:56:58 Asia/Shanghai] PHP   4. ec($info = class DateTime { public $date = '1983-10-08 20:37:42.000000'; public $timezone_type = 3; public $timezone = 'PRC' }) F:\phpstudy_pro\WWW\demo\app\controller\Faker.php:88
[19-Mar-2021 13:56:58 Asia/Shanghai] PHP Catchable fatal error:  Object of class DateTime could not be converted to string in F:\phpstudy_pro\WWW\demo\app\Common.php on line 10
[19-Mar-2021 13:56:58 Asia/Shanghai] PHP Stack trace:
[19-Mar-2021 13:56:58 Asia/Shanghai] PHP   1. {main}() F:\phpstudy_pro\WWW\demo\index.php:0
[19-Mar-2021 13:56:58 Asia/Shanghai] PHP   2. core\Frame::run() F:\phpstudy_pro\WWW\demo\index.php:5
[19-Mar-2021 13:56:58 Asia/Shanghai] PHP   3. app\controller\Faker->run() F:\phpstudy_pro\WWW\demo\core\Frame.php:15
[19-Mar-2021 13:56:58 Asia/Shanghai] PHP   4. ec($info = class DateTime { public $date = '1975-02-05 17:21:21.000000'; public $timezone_type = 3; public $timezone = 'PRC' }) F:\phpstudy_pro\WWW\demo\app\controller\Faker.php:88
